nohup: ignoring input
Explorers -1 NKtest K= 0 
N. of iterations  14, Fitness 1.000000 
Explorers -1 NKtest K= 1 
N. of iterations  12, Fitness 0.964429 
Explorers -1 NKtest K= 2 
N. of iterations  12, Fitness 0.930752 
Explorers -1 NKtest K= 3 
N. of iterations  10, Fitness 0.903726 
Explorers -1 NKtest K= 4 
N. of iterations  11, Fitness 0.883010 
Explorers -1 NKtest K= 5 
N. of iterations  11, Fitness 0.864687 
Explorers -1 NKtest K= 6 
N. of iterations   8, Fitness 0.851589 
Explorers -1 NKtest K= 7 
N. of iterations   8, Fitness 0.838783 
Explorers -1 NKtest K= 8 
N. of iterations   8, Fitness 0.828447 
Explorers -1 NKtest K= 9 
N. of iterations   7, Fitness 0.816739 
Explorers -1 NKtest K=10 
N. of iterations   6, Fitness 0.803781 
Explorers -1 NKtest K=11 
N. of iterations   7, Fitness 0.795595 
Explorers -1 NKtest K=12 
N. of iterations   7, Fitness 0.786543 
Explorers -1 NKtest K=13 
N. of iterations   6, Fitness 0.776047 
Explorers -1 NKtest K=14 
N. of iterations   6, Fitness 0.768806 
Explorers -1 NKtest K=15 
N. of iterations   6, Fitness 0.761070 
Explorers  0 NKtest K= 0 
N. of iterations  12, Fitness 0.904484 
Explorers  0 NKtest K= 1 
N. of iterations  11, Fitness 0.891844 
Explorers  0 NKtest K= 2 
N. of iterations  11, Fitness 0.872309 
Explorers  0 NKtest K= 3 
N. of iterations   9, Fitness 0.863939 
Explorers  0 NKtest K= 4 
N. of iterations  10, Fitness 0.844667 
Explorers  0 NKtest K= 5 
N. of iterations   9, Fitness 0.833467 
Explorers  0 NKtest K= 6 
N. of iterations  10, Fitness 0.823707 
Explorers  0 NKtest K= 7 
N. of iterations   8, Fitness 0.814778 
Explorers  0 NKtest K= 8 
N. of iterations   8, Fitness 0.804843 
Explorers  0 NKtest K= 9 
N. of iterations   6, Fitness 0.796970 
Explorers  0 NKtest K=10 
N. of iterations   8, Fitness 0.788620 
Explorers  0 NKtest K=11 
N. of iterations   6, Fitness 0.781014 
Explorers  0 NKtest K=12 
N. of iterations   6, Fitness 0.771265 
Explorers  0 NKtest K=13 
N. of iterations   6, Fitness 0.763888 
Explorers  0 NKtest K=14 
N. of iterations   8, Fitness 0.755979 
Explorers  0 NKtest K=15 
N. of iterations   5, Fitness 0.749549 
Explorers  5 NKtest K= 0 
N. of iterations  13, Fitness 0.903929 
Explorers  5 NKtest K= 1 
N. of iterations 106, Fitness 0.908831 
Explorers  5 NKtest K= 2 
N. of iterations 304, Fitness 0.913551 
Explorers  5 NKtest K= 3 
N. of iterations 227, Fitness 0.916870 
Explorers  5 NKtest K= 4 
N. of iterations 101, Fitness 0.912908 
Explorers  5 NKtest K= 5 
N. of iterations 397, Fitness 0.914431 
Explorers  5 NKtest K= 6 
N. of iterations 278, Fitness 0.908693 
Explorers  5 NKtest K= 7 
N. of iterations 369, Fitness 0.899439 
Explorers  5 NKtest K= 8 
N. of iterations 246, Fitness 0.894628 
Explorers  5 NKtest K= 9 
N. of iterations 184, Fitness 0.888005 
Explorers  5 NKtest K=10 
N. of iterations  92, Fitness 0.882781 
Explorers  5 NKtest K=11 
N. of iterations 347, Fitness 0.871172 
Explorers  5 NKtest K=12 
N. of iterations 465, Fitness 0.862416 
Explorers  5 NKtest K=13 
N. of iterations 612, Fitness 0.852353 
Explorers  5 NKtest K=14 
N. of iterations 285, Fitness 0.842633 
Explorers  5 NKtest K=15 
N. of iterations 101, Fitness 0.834569 
Explorers 10 NKtest K= 0 
N. of iterations  12, Fitness 0.907514 
Explorers 10 NKtest K= 1 
N. of iterations  49, Fitness 0.913485 
Explorers 10 NKtest K= 2 
N. of iterations 112, Fitness 0.919254 
Explorers 10 NKtest K= 3 
N. of iterations 147, Fitness 0.915923 
Explorers 10 NKtest K= 4 
N. of iterations 213, Fitness 0.920690 
Explorers 10 NKtest K= 5 
N. of iterations 455, Fitness 0.918801 
Explorers 10 NKtest K= 6 
N. of iterations 534, Fitness 0.916293 
Explorers 10 NKtest K= 7 
N. of iterations 722, Fitness 0.914292 
Explorers 10 NKtest K= 8 
N. of iterations 392, Fitness 0.905766 
Explorers 10 NKtest K= 9 
N. of iterations 131, Fitness 0.899341 
Explorers 10 NKtest K=10 
N. of iterations 511, Fitness 0.891278 
Explorers 10 NKtest K=11 
N. of iterations 154, Fitness 0.881410 
Explorers 10 NKtest K=12 
N. of iterations 202, Fitness 0.873142 
Explorers 10 NKtest K=13 
N. of iterations 519, Fitness 0.862531 
Explorers 10 NKtest K=14 
N. of iterations 223, Fitness 0.854613 
Explorers 10 NKtest K=15 
N. of iterations  93, Fitness 0.845791 
Explorers 25 NKtest K= 0 
N. of iterations  13, Fitness 0.909239 
Explorers 25 NKtest K= 1 
N. of iterations  23, Fitness 0.911789 
Explorers 25 NKtest K= 2 
N. of iterations 109, Fitness 0.914850 
Explorers 25 NKtest K= 3 
N. of iterations 370, Fitness 0.915839 
Explorers 25 NKtest K= 4 
N. of iterations 475, Fitness 0.926119 
Explorers 25 NKtest K= 5 
N. of iterations 230, Fitness 0.926140 
Explorers 25 NKtest K= 6 
N. of iterations 289, Fitness 0.920120 
Explorers 25 NKtest K= 7 
N. of iterations 719, Fitness 0.917259 
Explorers 25 NKtest K= 8 
N. of iterations 246, Fitness 0.909550 
Explorers 25 NKtest K= 9 
N. of iterations 826, Fitness 0.903069 
Explorers 25 NKtest K=10 
N. of iterations 750, Fitness 0.892047 
Explorers 25 NKtest K=11 
N. of iterations 321, Fitness 0.881563 
Explorers 25 NKtest K=12 
N. of iterations 1421, Fitness 0.871816 
Explorers 25 NKtest K=13 
N. of iterations 1421, Fitness 0.861137 
Explorers 25 NKtest K=14 
N. of iterations 215, Fitness 0.856254 
Explorers 25 NKtest K=15 
N. of iterations 1676, Fitness 0.846940 
Explorers 50 NKtest K= 0 
N. of iterations  12, Fitness 0.905257 
Explorers 50 NKtest K= 1 
N. of iterations 297, Fitness 0.909278 
Explorers 50 NKtest K= 2 
N. of iterations 135, Fitness 0.914773 
Explorers 50 NKtest K= 3 
N. of iterations 250, Fitness 0.923651 
Explorers 50 NKtest K= 4 
N. of iterations 419, Fitness 0.922691 
Explorers 50 NKtest K= 5 
N. of iterations 455, Fitness 0.923374 
Explorers 50 NKtest K= 6 
N. of iterations 701, Fitness 0.920664 
Explorers 50 NKtest K= 7 
N. of iterations 717, Fitness 0.922054 
Explorers 50 NKtest K= 8 
N. of iterations 467, Fitness 0.909511 
Explorers 50 NKtest K= 9 
N. of iterations 1384, Fitness 0.903976 
Explorers 50 NKtest K=10 
N. of iterations 695, Fitness 0.893130 
Explorers 50 NKtest K=11 
N. of iterations 2184, Fitness 0.883425 
Explorers 50 NKtest K=12 
N. of iterations 948, Fitness 0.872315 
Explorers 50 NKtest K=13 
N. of iterations 711, Fitness 0.857548 
Explorers 50 NKtest K=14 
N. of iterations 448, Fitness 0.850726 
Explorers 50 NKtest K=15 
N. of iterations 777, Fitness 0.836893 
Explorers 100 NKtest K= 0 
N. of iterations  12, Fitness 0.904754 
Explorers 100 NKtest K= 1 
N. of iterations  92, Fitness 0.906484 
Explorers 100 NKtest K= 2 
N. of iterations 689, Fitness 0.915375 
Explorers 100 NKtest K= 3 
N. of iterations 164, Fitness 0.920493 
Explorers 100 NKtest K= 4 
N. of iterations 249, Fitness 0.920570 
Explorers 100 NKtest K= 5 
N. of iterations 313, Fitness 0.922631 
Explorers 100 NKtest K= 6 
N. of iterations 867, Fitness 0.922306 
Explorers 100 NKtest K= 7 
N. of iterations 614, Fitness 0.919725 
Explorers 100 NKtest K= 8 
N. of iterations 327, Fitness 0.909457 
Explorers 100 NKtest K= 9 
N. of iterations 1535, Fitness 0.901929 
Explorers 100 NKtest K=10 
N. of iterations 1543, Fitness 0.889425 
Explorers 100 NKtest K=11 
N. of iterations 915, Fitness 0.871381 
Explorers 100 NKtest K=12 
N. of iterations 1370, Fitness 0.857146 
Explorers 100 NKtest K=13 
N. of iterations 719, Fitness 0.843783 
Explorers 100 NKtest K=14 
N. of iterations 2210, Fitness 0.827635 
Explorers 100 NKtest K=15 
N. of iterations 474, Fitness 0.822781 
