nohup: ignoring input
Explorers -1 NKtest K= 0 
N. of iterations  13, Fitness 1.000000 
Explorers -1 NKtest K= 1 
N. of iterations  11, Fitness 0.966751 
Explorers -1 NKtest K= 2 
N. of iterations  14, Fitness 0.930860 
Explorers -1 NKtest K= 3 
N. of iterations  10, Fitness 0.902510 
Explorers -1 NKtest K= 4 
N. of iterations   9, Fitness 0.882164 
Explorers -1 NKtest K= 5 
N. of iterations   8, Fitness 0.867121 
Explorers -1 NKtest K= 6 
N. of iterations  10, Fitness 0.850636 
Explorers -1 NKtest K= 7 
N. of iterations   8, Fitness 0.838118 
Explorers -1 NKtest K= 8 
N. of iterations   7, Fitness 0.826257 
Explorers -1 NKtest K= 9 
N. of iterations   8, Fitness 0.816487 
Explorers -1 NKtest K=10 
N. of iterations   7, Fitness 0.807101 
Explorers -1 NKtest K=11 
N. of iterations   6, Fitness 0.796431 
Explorers -1 NKtest K=12 
N. of iterations   6, Fitness 0.786830 
Explorers -1 NKtest K=13 
N. of iterations   6, Fitness 0.776828 
Explorers -1 NKtest K=14 
N. of iterations   6, Fitness 0.768765 
Explorers -1 NKtest K=15 
N. of iterations   5, Fitness 0.761207 
Explorers  0 NKtest K= 0 
N. of iterations  14, Fitness 0.908945 
Explorers  0 NKtest K= 1 
N. of iterations  10, Fitness 0.890934 
Explorers  0 NKtest K= 2 
N. of iterations   9, Fitness 0.871181 
Explorers  0 NKtest K= 3 
N. of iterations  12, Fitness 0.857866 
Explorers  0 NKtest K= 4 
N. of iterations   9, Fitness 0.845605 
Explorers  0 NKtest K= 5 
N. of iterations  10, Fitness 0.836273 
Explorers  0 NKtest K= 6 
N. of iterations   9, Fitness 0.823417 
Explorers  0 NKtest K= 7 
N. of iterations   8, Fitness 0.815427 
Explorers  0 NKtest K= 8 
N. of iterations   7, Fitness 0.805555 
Explorers  0 NKtest K= 9 
N. of iterations   9, Fitness 0.794905 
Explorers  0 NKtest K=10 
N. of iterations   7, Fitness 0.787483 
Explorers  0 NKtest K=11 
N. of iterations   5, Fitness 0.779715 
Explorers  0 NKtest K=12 
N. of iterations   7, Fitness 0.772733 
Explorers  0 NKtest K=13 
N. of iterations   7, Fitness 0.763585 
Explorers  0 NKtest K=14 
N. of iterations   7, Fitness 0.755206 
Explorers  0 NKtest K=15 
N. of iterations   6, Fitness 0.748631 
Explorers  5 NKtest K= 0 
N. of iterations  12, Fitness 0.914173 
Explorers  5 NKtest K= 1 
N. of iterations 129, Fitness 0.909158 
Explorers  5 NKtest K= 2 
N. of iterations  72, Fitness 0.911532 
Explorers  5 NKtest K= 3 
N. of iterations 315, Fitness 0.907964 
Explorers  5 NKtest K= 4 
N. of iterations 138, Fitness 0.907566 
Explorers  5 NKtest K= 5 
N. of iterations 413, Fitness 0.906439 
Explorers  5 NKtest K= 6 
N. of iterations 144, Fitness 0.898979 
Explorers  5 NKtest K= 7 
N. of iterations  95, Fitness 0.893637 
Explorers  5 NKtest K= 8 
N. of iterations  93, Fitness 0.888148 
Explorers  5 NKtest K= 9 
N. of iterations  84, Fitness 0.877799 
Explorers  5 NKtest K=10 
N. of iterations 138, Fitness 0.870746 
Explorers  5 NKtest K=11 
N. of iterations 733, Fitness 0.861207 
Explorers  5 NKtest K=12 
N. of iterations 1227, Fitness 0.855328 
Explorers  5 NKtest K=13 
N. of iterations 310, Fitness 0.840733 
Explorers  5 NKtest K=14 
N. of iterations  69, Fitness 0.838419 
Explorers  5 NKtest K=15 
N. of iterations 139, Fitness 0.829594 
Explorers 10 NKtest K= 0 
N. of iterations  12, Fitness 0.905607 
Explorers 10 NKtest K= 1 
N. of iterations  19, Fitness 0.910717 
Explorers 10 NKtest K= 2 
N. of iterations 183, Fitness 0.906881 
Explorers 10 NKtest K= 3 
N. of iterations 456, Fitness 0.910677 
Explorers 10 NKtest K= 4 
N. of iterations  87, Fitness 0.911300 
Explorers 10 NKtest K= 5 
N. of iterations 311, Fitness 0.909959 
Explorers 10 NKtest K= 6 
N. of iterations 598, Fitness 0.907120 
Explorers 10 NKtest K= 7 
N. of iterations 608, Fitness 0.903494 
Explorers 10 NKtest K= 8 
N. of iterations 213, Fitness 0.891940 
Explorers 10 NKtest K= 9 
N. of iterations 422, Fitness 0.882298 
Explorers 10 NKtest K=10 
N. of iterations 859, Fitness 0.875833 
Explorers 10 NKtest K=11 
N. of iterations 209, Fitness 0.864906 
Explorers 10 NKtest K=12 
N. of iterations 419, Fitness 0.859130 
Explorers 10 NKtest K=13 
N. of iterations 669, Fitness 0.848312 
Explorers 10 NKtest K=14 
N. of iterations 767, Fitness 0.843830 
Explorers 10 NKtest K=15 
N. of iterations 278, Fitness 0.834324 
Explorers 25 NKtest K= 0 
N. of iterations  12, Fitness 0.907899 
Explorers 25 NKtest K= 1 
N. of iterations  45, Fitness 0.908131 
Explorers 25 NKtest K= 2 
N. of iterations 197, Fitness 0.912059 
Explorers 25 NKtest K= 3 
N. of iterations 249, Fitness 0.915288 
Explorers 25 NKtest K= 4 
N. of iterations 169, Fitness 0.913482 
Explorers 25 NKtest K= 5 
N. of iterations 275, Fitness 0.908959 
Explorers 25 NKtest K= 6 
N. of iterations 344, Fitness 0.911199 
Explorers 25 NKtest K= 7 
N. of iterations 531, Fitness 0.896664 
Explorers 25 NKtest K= 8 
N. of iterations 489, Fitness 0.891900 
Explorers 25 NKtest K= 9 
N. of iterations 199, Fitness 0.878490 
Explorers 25 NKtest K=10 
N. of iterations 790, Fitness 0.874646 
Explorers 25 NKtest K=11 
N. of iterations 415, Fitness 0.861281 
Explorers 25 NKtest K=12 
N. of iterations 694, Fitness 0.854100 
Explorers 25 NKtest K=13 
N. of iterations 543, Fitness 0.845678 
Explorers 25 NKtest K=14 
N. of iterations 871, Fitness 0.833148 
Explorers 25 NKtest K=15 
N. of iterations 523, Fitness 0.830363 
Explorers 50 NKtest K= 0 
N. of iterations  12, Fitness 0.904906 
Explorers 50 NKtest K= 1 
N. of iterations  12, Fitness 0.906561 
Explorers 50 NKtest K= 2 
N. of iterations 192, Fitness 0.915891 
Explorers 50 NKtest K= 3 
N. of iterations 178, Fitness 0.910737 
Explorers 50 NKtest K= 4 
N. of iterations 293, Fitness 0.914706 
Explorers 50 NKtest K= 5 
N. of iterations 226, Fitness 0.910523 
Explorers 50 NKtest K= 6 
N. of iterations 419, Fitness 0.905901 
Explorers 50 NKtest K= 7 
N. of iterations 271, Fitness 0.899989 
Explorers 50 NKtest K= 8 
N. of iterations 749, Fitness 0.889415 
Explorers 50 NKtest K= 9 
N. of iterations 226, Fitness 0.876806 
Explorers 50 NKtest K=10 
N. of iterations 1014, Fitness 0.865710 
Explorers 50 NKtest K=11 
N. of iterations 453, Fitness 0.855709 
Explorers 50 NKtest K=12 
N. of iterations 1036, Fitness 0.839841 
Explorers 50 NKtest K=13 
N. of iterations 1290, Fitness 0.831854 
Explorers 50 NKtest K=14 
N. of iterations 638, Fitness 0.822270 
Explorers 50 NKtest K=15 
N. of iterations 442, Fitness 0.815215 
Explorers 100 NKtest K= 0 
N. of iterations  12, Fitness 0.907104 
Explorers 100 NKtest K= 1 
N. of iterations  36, Fitness 0.907764 
Explorers 100 NKtest K= 2 
N. of iterations  30, Fitness 0.910969 
Explorers 100 NKtest K= 3 
N. of iterations 191, Fitness 0.911760 
Explorers 100 NKtest K= 4 
N. of iterations 279, Fitness 0.912653 
Explorers 100 NKtest K= 5 
N. of iterations 550, Fitness 0.911662 
Explorers 100 NKtest K= 6 
N. of iterations 470, Fitness 0.907123 
Explorers 100 NKtest K= 7 
N. of iterations 462, Fitness 0.893354 
Explorers 100 NKtest K= 8 
N. of iterations 520, Fitness 0.885112 
Explorers 100 NKtest K= 9 
N. of iterations 405, Fitness 0.872784 
Explorers 100 NKtest K=10 
N. of iterations 409, Fitness 0.857769 
Explorers 100 NKtest K=11 
N. of iterations 660, Fitness 0.839957 
Explorers 100 NKtest K=12 
N. of iterations 598, Fitness 0.826098 
Explorers 100 NKtest K=13 
N. of iterations 1019, Fitness 0.814767 
Explorers 100 NKtest K=14 
N. of iterations 726, Fitness 0.800531 
Explorers 100 NKtest K=15 
N. of iterations 822, Fitness 0.792066 
