nohup: ignoring input
Explorers -1 NKtest K= 0 
N. of iterations  14, Fitness 1.000000 
Explorers -1 NKtest K= 1 
N. of iterations  12, Fitness 0.967495 
Explorers -1 NKtest K= 2 
N. of iterations  12, Fitness 0.932429 
Explorers -1 NKtest K= 3 
N. of iterations  10, Fitness 0.906278 
Explorers -1 NKtest K= 4 
N. of iterations  10, Fitness 0.881988 
Explorers -1 NKtest K= 5 
N. of iterations  10, Fitness 0.865903 
Explorers -1 NKtest K= 6 
N. of iterations  10, Fitness 0.851820 
Explorers -1 NKtest K= 7 
N. of iterations   9, Fitness 0.839304 
Explorers -1 NKtest K= 8 
N. of iterations   8, Fitness 0.827563 
Explorers -1 NKtest K= 9 
N. of iterations   7, Fitness 0.817094 
Explorers -1 NKtest K=10 
N. of iterations   8, Fitness 0.805440 
Explorers -1 NKtest K=11 
N. of iterations   7, Fitness 0.795284 
Explorers -1 NKtest K=12 
N. of iterations   5, Fitness 0.785130 
Explorers -1 NKtest K=13 
N. of iterations   6, Fitness 0.777319 
Explorers -1 NKtest K=14 
N. of iterations   6, Fitness 0.767161 
Explorers -1 NKtest K=15 
N. of iterations   4, Fitness 0.759760 
Explorers  0 NKtest K= 0 
N. of iterations  12, Fitness 0.902503 
Explorers  0 NKtest K= 1 
N. of iterations  11, Fitness 0.893849 
Explorers  0 NKtest K= 2 
N. of iterations  10, Fitness 0.872772 
Explorers  0 NKtest K= 3 
N. of iterations   9, Fitness 0.861097 
Explorers  0 NKtest K= 4 
N. of iterations   9, Fitness 0.843130 
Explorers  0 NKtest K= 5 
N. of iterations   8, Fitness 0.834307 
Explorers  0 NKtest K= 6 
N. of iterations   7, Fitness 0.821711 
Explorers  0 NKtest K= 7 
N. of iterations   9, Fitness 0.816319 
Explorers  0 NKtest K= 8 
N. of iterations   8, Fitness 0.802679 
Explorers  0 NKtest K= 9 
N. of iterations   8, Fitness 0.797683 
Explorers  0 NKtest K=10 
N. of iterations   6, Fitness 0.787416 
Explorers  0 NKtest K=11 
N. of iterations   6, Fitness 0.779358 
Explorers  0 NKtest K=12 
N. of iterations   8, Fitness 0.772362 
Explorers  0 NKtest K=13 
N. of iterations   6, Fitness 0.764406 
Explorers  0 NKtest K=14 
N. of iterations   6, Fitness 0.758955 
Explorers  0 NKtest K=15 
N. of iterations   5, Fitness 0.749039 
Explorers  5 NKtest K= 0 
N. of iterations  12, Fitness 0.910174 
Explorers  5 NKtest K= 1 
N. of iterations  96, Fitness 0.898778 
Explorers  5 NKtest K= 2 
N. of iterations  58, Fitness 0.884779 
Explorers  5 NKtest K= 3 
N. of iterations 181, Fitness 0.859821 
Explorers  5 NKtest K= 4 
N. of iterations 158, Fitness 0.832751 
Explorers  5 NKtest K= 5 
N. of iterations 222, Fitness 0.796168 
Explorers  5 NKtest K= 6 
N. of iterations  66, Fitness 0.769436 
Explorers  5 NKtest K= 7 
N. of iterations 187, Fitness 0.742340 
Explorers  5 NKtest K= 8 
N. of iterations 130, Fitness 0.716832 
Explorers  5 NKtest K= 9 
N. of iterations 243, Fitness 0.691829 
Explorers  5 NKtest K=10 
N. of iterations 130, Fitness 0.675151 
Explorers  5 NKtest K=11 
N. of iterations 120, Fitness 0.661725 
Explorers  5 NKtest K=12 
N. of iterations 178, Fitness 0.652766 
Explorers  5 NKtest K=13 
N. of iterations 154, Fitness 0.645308 
Explorers  5 NKtest K=14 
N. of iterations 170, Fitness 0.638295 
Explorers  5 NKtest K=15 
N. of iterations 206, Fitness 0.632813 
Explorers 10 NKtest K= 0 
N. of iterations  11, Fitness 0.915139 
Explorers 10 NKtest K= 1 
N. of iterations  57, Fitness 0.898439 
Explorers 10 NKtest K= 2 
N. of iterations  64, Fitness 0.878556 
Explorers 10 NKtest K= 3 
N. of iterations 172, Fitness 0.857338 
Explorers 10 NKtest K= 4 
N. of iterations 128, Fitness 0.825973 
Explorers 10 NKtest K= 5 
N. of iterations 102, Fitness 0.792121 
Explorers 10 NKtest K= 6 
N. of iterations 216, Fitness 0.752131 
Explorers 10 NKtest K= 7 
N. of iterations 144, Fitness 0.713705 
Explorers 10 NKtest K= 8 
N. of iterations 160, Fitness 0.684519 
Explorers 10 NKtest K= 9 
N. of iterations 196, Fitness 0.659105 
Explorers 10 NKtest K=10 
N. of iterations 185, Fitness 0.637805 
Explorers 10 NKtest K=11 
N. of iterations 135, Fitness 0.618053 
Explorers 10 NKtest K=12 
N. of iterations 168, Fitness 0.605695 
Explorers 10 NKtest K=13 
N. of iterations 186, Fitness 0.594719 
Explorers 10 NKtest K=14 
N. of iterations 172, Fitness 0.589964 
Explorers 10 NKtest K=15 
N. of iterations 152, Fitness 0.585382 
Explorers 25 NKtest K= 0 
N. of iterations  11, Fitness 0.911377 
Explorers 25 NKtest K= 1 
N. of iterations  90, Fitness 0.897408 
Explorers 25 NKtest K= 2 
N. of iterations  14, Fitness 0.875827 
Explorers 25 NKtest K= 3 
N. of iterations  85, Fitness 0.851334 
Explorers 25 NKtest K= 4 
N. of iterations 137, Fitness 0.824537 
Explorers 25 NKtest K= 5 
N. of iterations 199, Fitness 0.784273 
Explorers 25 NKtest K= 6 
N. of iterations 202, Fitness 0.748396 
Explorers 25 NKtest K= 7 
N. of iterations 127, Fitness 0.706778 
Explorers 25 NKtest K= 8 
N. of iterations 151, Fitness 0.671861 
Explorers 25 NKtest K= 9 
N. of iterations 232, Fitness 0.637537 
Explorers 25 NKtest K=10 
N. of iterations 204, Fitness 0.616983 
Explorers 25 NKtest K=11 
N. of iterations 129, Fitness 0.594087 
Explorers 25 NKtest K=12 
N. of iterations 142, Fitness 0.582945 
Explorers 25 NKtest K=13 
N. of iterations 164, Fitness 0.572894 
Explorers 25 NKtest K=14 
N. of iterations 160, Fitness 0.561685 
Explorers 25 NKtest K=15 
N. of iterations 134, Fitness 0.558317 
Explorers 50 NKtest K= 0 
N. of iterations  12, Fitness 0.905974 
Explorers 50 NKtest K= 1 
N. of iterations  48, Fitness 0.892193 
Explorers 50 NKtest K= 2 
N. of iterations  25, Fitness 0.880544 
Explorers 50 NKtest K= 3 
N. of iterations 212, Fitness 0.851844 
Explorers 50 NKtest K= 4 
N. of iterations 130, Fitness 0.820368 
Explorers 50 NKtest K= 5 
N. of iterations 208, Fitness 0.789107 
Explorers 50 NKtest K= 6 
N. of iterations 177, Fitness 0.748617 
Explorers 50 NKtest K= 7 
N. of iterations 172, Fitness 0.709107 
Explorers 50 NKtest K= 8 
N. of iterations 171, Fitness 0.667208 
Explorers 50 NKtest K= 9 
N. of iterations 235, Fitness 0.636299 
Explorers 50 NKtest K=10 
N. of iterations 161, Fitness 0.610114 
Explorers 50 NKtest K=11 
N. of iterations 127, Fitness 0.590192 
Explorers 50 NKtest K=12 
N. of iterations 153, Fitness 0.572403 
Explorers 50 NKtest K=13 
N. of iterations 111, Fitness 0.560464 
Explorers 50 NKtest K=14 
N. of iterations 145, Fitness 0.553902 
Explorers 50 NKtest K=15 
N. of iterations 113, Fitness 0.546534 
Explorers 100 NKtest K= 0 
N. of iterations  12, Fitness 0.906940 
Explorers 100 NKtest K= 1 
N. of iterations  41, Fitness 0.907265 
Explorers 100 NKtest K= 2 
N. of iterations  91, Fitness 0.884583 
Explorers 100 NKtest K= 3 
N. of iterations 164, Fitness 0.852620 
Explorers 100 NKtest K= 4 
N. of iterations 104, Fitness 0.822959 
Explorers 100 NKtest K= 5 
N. of iterations 225, Fitness 0.786778 
Explorers 100 NKtest K= 6 
N. of iterations 140, Fitness 0.746706 
Explorers 100 NKtest K= 7 
N. of iterations 125, Fitness 0.709044 
Explorers 100 NKtest K= 8 
N. of iterations 269, Fitness 0.666076 
Explorers 100 NKtest K= 9 
N. of iterations 161, Fitness 0.640089 
Explorers 100 NKtest K=10 
N. of iterations 163, Fitness 0.612637 
Explorers 100 NKtest K=11 
N. of iterations 162, Fitness 0.590160 
Explorers 100 NKtest K=12 
N. of iterations 142, Fitness 0.571972 
Explorers 100 NKtest K=13 
N. of iterations 115, Fitness 0.557348 
Explorers 100 NKtest K=14 
N. of iterations 136, Fitness 0.546841 
Explorers 100 NKtest K=15 
N. of iterations 131, Fitness 0.540179 
