nohup: ignoring input
Explorers -1 NKtest K= 0 
N. of iterations  14, Fitness 1.000000 
Explorers -1 NKtest K= 1 
N. of iterations  12, Fitness 0.967031 
Explorers -1 NKtest K= 2 
N. of iterations  14, Fitness 0.928470 
Explorers -1 NKtest K= 3 
N. of iterations  10, Fitness 0.903865 
Explorers -1 NKtest K= 4 
N. of iterations   9, Fitness 0.880901 
Explorers -1 NKtest K= 5 
N. of iterations  11, Fitness 0.865583 
Explorers -1 NKtest K= 6 
N. of iterations   9, Fitness 0.853187 
Explorers -1 NKtest K= 7 
N. of iterations   8, Fitness 0.838656 
Explorers -1 NKtest K= 8 
N. of iterations   8, Fitness 0.828111 
Explorers -1 NKtest K= 9 
N. of iterations   6, Fitness 0.815138 
Explorers -1 NKtest K=10 
N. of iterations   9, Fitness 0.806474 
Explorers -1 NKtest K=11 
N. of iterations   7, Fitness 0.796459 
Explorers -1 NKtest K=12 
N. of iterations   7, Fitness 0.786469 
Explorers -1 NKtest K=13 
N. of iterations   6, Fitness 0.776917 
Explorers -1 NKtest K=14 
N. of iterations   6, Fitness 0.768084 
Explorers -1 NKtest K=15 
N. of iterations   5, Fitness 0.760449 
Explorers  0 NKtest K= 0 
N. of iterations  13, Fitness 0.909659 
Explorers  0 NKtest K= 1 
N. of iterations  11, Fitness 0.887612 
Explorers  0 NKtest K= 2 
N. of iterations   9, Fitness 0.870023 
Explorers  0 NKtest K= 3 
N. of iterations  11, Fitness 0.856103 
Explorers  0 NKtest K= 4 
N. of iterations  10, Fitness 0.849039 
Explorers  0 NKtest K= 5 
N. of iterations   7, Fitness 0.836051 
Explorers  0 NKtest K= 6 
N. of iterations   9, Fitness 0.824287 
Explorers  0 NKtest K= 7 
N. of iterations   7, Fitness 0.814591 
Explorers  0 NKtest K= 8 
N. of iterations   7, Fitness 0.805787 
Explorers  0 NKtest K= 9 
N. of iterations   6, Fitness 0.797216 
Explorers  0 NKtest K=10 
N. of iterations   7, Fitness 0.791139 
Explorers  0 NKtest K=11 
N. of iterations   6, Fitness 0.780100 
Explorers  0 NKtest K=12 
N. of iterations   6, Fitness 0.772357 
Explorers  0 NKtest K=13 
N. of iterations   5, Fitness 0.764021 
Explorers  0 NKtest K=14 
N. of iterations   6, Fitness 0.756740 
Explorers  0 NKtest K=15 
N. of iterations   5, Fitness 0.748734 
Explorers  5 NKtest K= 0 
N. of iterations  12, Fitness 0.905866 
Explorers  5 NKtest K= 1 
N. of iterations  11, Fitness 0.914129 
Explorers  5 NKtest K= 2 
N. of iterations 465, Fitness 0.916788 
Explorers  5 NKtest K= 3 
N. of iterations 256, Fitness 0.924587 
Explorers  5 NKtest K= 4 
N. of iterations 231, Fitness 0.929788 
Explorers  5 NKtest K= 5 
N. of iterations 413, Fitness 0.927521 
Explorers  5 NKtest K= 6 
N. of iterations 448, Fitness 0.927133 
Explorers  5 NKtest K= 7 
N. of iterations 964, Fitness 0.923919 
Explorers  5 NKtest K= 8 
N. of iterations 863, Fitness 0.924996 
Explorers  5 NKtest K= 9 
N. of iterations 1366, Fitness 0.910752 
Explorers  5 NKtest K=10 
N. of iterations 948, Fitness 0.899123 
Explorers  5 NKtest K=11 
N. of iterations 1162, Fitness 0.885581 
Explorers  5 NKtest K=12 
N. of iterations 1208, Fitness 0.868807 
Explorers  5 NKtest K=13 
N. of iterations 898, Fitness 0.852623 
Explorers  5 NKtest K=14 
N. of iterations 1054, Fitness 0.837969 
Explorers  5 NKtest K=15 
N. of iterations 923, Fitness 0.826988 
Explorers 10 NKtest K= 0 
N. of iterations  11, Fitness 0.901891 
Explorers 10 NKtest K= 1 
N. of iterations  63, Fitness 0.916087 
Explorers 10 NKtest K= 2 
N. of iterations 125, Fitness 0.915110 
Explorers 10 NKtest K= 3 
N. of iterations  64, Fitness 0.927376 
Explorers 10 NKtest K= 4 
N. of iterations 256, Fitness 0.925313 
Explorers 10 NKtest K= 5 
N. of iterations 588, Fitness 0.924817 
Explorers 10 NKtest K= 6 
N. of iterations 1100, Fitness 0.931076 
Explorers 10 NKtest K= 7 
N. of iterations 611, Fitness 0.924905 
Explorers 10 NKtest K= 8 
N. of iterations 648, Fitness 0.918526 
Explorers 10 NKtest K= 9 
N. of iterations 2130, Fitness 0.911902 
Explorers 10 NKtest K=10 
N. of iterations 2106, Fitness 0.894084 
Explorers 10 NKtest K=11 
N. of iterations 1066, Fitness 0.879992 
Explorers 10 NKtest K=12 
N. of iterations 1409, Fitness 0.862181 
Explorers 10 NKtest K=13 
N. of iterations 1036, Fitness 0.843846 
Explorers 10 NKtest K=14 
N. of iterations 724, Fitness 0.828502 
Explorers 10 NKtest K=15 
N. of iterations 1314, Fitness 0.813590 
Explorers 25 NKtest K= 0 
N. of iterations  11, Fitness 0.904994 
Explorers 25 NKtest K= 1 
N. of iterations 344, Fitness 0.911113 
Explorers 25 NKtest K= 2 
N. of iterations 164, Fitness 0.913409 
Explorers 25 NKtest K= 3 
N. of iterations 508, Fitness 0.923678 
Explorers 25 NKtest K= 4 
N. of iterations 337, Fitness 0.930244 
Explorers 25 NKtest K= 5 
N. of iterations 475, Fitness 0.927387 
Explorers 25 NKtest K= 6 
N. of iterations 547, Fitness 0.927995 
Explorers 25 NKtest K= 7 
N. of iterations 967, Fitness 0.926074 
Explorers 25 NKtest K= 8 
N. of iterations 852, Fitness 0.920106 
Explorers 25 NKtest K= 9 
N. of iterations 668, Fitness 0.909466 
Explorers 25 NKtest K=10 
N. of iterations 1636, Fitness 0.895597 
Explorers 25 NKtest K=11 
N. of iterations 1096, Fitness 0.878480 
Explorers 25 NKtest K=12 
N. of iterations 963, Fitness 0.859909 
Explorers 25 NKtest K=13 
N. of iterations 1143, Fitness 0.843069 
Explorers 25 NKtest K=14 
N. of iterations 1343, Fitness 0.823025 
Explorers 25 NKtest K=15 
N. of iterations 972, Fitness 0.808659 
Explorers 50 NKtest K= 0 
N. of iterations  12, Fitness 0.909345 
Explorers 50 NKtest K= 1 
N. of iterations  81, Fitness 0.914725 
Explorers 50 NKtest K= 2 
N. of iterations 108, Fitness 0.922142 
Explorers 50 NKtest K= 3 
N. of iterations 142, Fitness 0.927439 
Explorers 50 NKtest K= 4 
N. of iterations 254, Fitness 0.927664 
Explorers 50 NKtest K= 5 
N. of iterations 104, Fitness 0.929065 
Explorers 50 NKtest K= 6 
N. of iterations 603, Fitness 0.930703 
Explorers 50 NKtest K= 7 
N. of iterations 564, Fitness 0.925782 
Explorers 50 NKtest K= 8 
N. of iterations 533, Fitness 0.919373 
Explorers 50 NKtest K= 9 
N. of iterations 1178, Fitness 0.909105 
Explorers 50 NKtest K=10 
N. of iterations 1689, Fitness 0.893458 
Explorers 50 NKtest K=11 
N. of iterations 1517, Fitness 0.877994 
Explorers 50 NKtest K=12 
N. of iterations 1148, Fitness 0.860391 
Explorers 50 NKtest K=13 
N. of iterations 938, Fitness 0.838990 
Explorers 50 NKtest K=14 
N. of iterations 1013, Fitness 0.822867 
Explorers 50 NKtest K=15 
N. of iterations 1132, Fitness 0.807367 
Explorers 100 NKtest K= 0 
N. of iterations  13, Fitness 0.906525 
Explorers 100 NKtest K= 1 
N. of iterations  12, Fitness 0.911911 
Explorers 100 NKtest K= 2 
N. of iterations 101, Fitness 0.913792 
Explorers 100 NKtest K= 3 
N. of iterations 152, Fitness 0.926237 
Explorers 100 NKtest K= 4 
N. of iterations 247, Fitness 0.928709 
Explorers 100 NKtest K= 5 
N. of iterations 686, Fitness 0.930149 
Explorers 100 NKtest K= 6 
N. of iterations 516, Fitness 0.935705 
Explorers 100 NKtest K= 7 
N. of iterations 385, Fitness 0.925983 
Explorers 100 NKtest K= 8 
N. of iterations 1158, Fitness 0.918551 
Explorers 100 NKtest K= 9 
N. of iterations 592, Fitness 0.908398 
Explorers 100 NKtest K=10 
N. of iterations 803, Fitness 0.895141 
Explorers 100 NKtest K=11 
N. of iterations 752, Fitness 0.876748 
Explorers 100 NKtest K=12 
N. of iterations 1085, Fitness 0.862104 
Explorers 100 NKtest K=13 
N. of iterations 1234, Fitness 0.841121 
Explorers 100 NKtest K=14 
N. of iterations 880, Fitness 0.824959 
Explorers 100 NKtest K=15 
N. of iterations 880, Fitness 0.806074 
