nohup: ignoring input
Explorers  0 NKtest K= 0 
N. of iterations  13, Fitness 1.000000 
Explorers  0 NKtest K= 1 
N. of iterations  12, Fitness 0.966800 
Explorers  0 NKtest K= 2 
N. of iterations  12, Fitness 0.931945 
Explorers  0 NKtest K= 3 
N. of iterations  12, Fitness 0.904512 
Explorers  0 NKtest K= 4 
N. of iterations  11, Fitness 0.884307 
Explorers  0 NKtest K= 5 
N. of iterations  11, Fitness 0.864652 
Explorers  0 NKtest K= 6 
N. of iterations  12, Fitness 0.851415 
Explorers  0 NKtest K= 7 
N. of iterations   9, Fitness 0.839582 
Explorers  0 NKtest K= 8 
N. of iterations   6, Fitness 0.828584 
Explorers  0 NKtest K= 9 
N. of iterations   7, Fitness 0.815305 
Explorers  0 NKtest K=10 
N. of iterations   8, Fitness 0.808186 
Explorers  0 NKtest K=11 
N. of iterations   5, Fitness 0.796062 
Explorers  0 NKtest K=12 
N. of iterations   7, Fitness 0.785244 
Explorers  0 NKtest K=13 
N. of iterations   5, Fitness 0.778655 
Explorers  0 NKtest K=14 
N. of iterations   6, Fitness 0.769350 
Explorers  0 NKtest K=15 
N. of iterations   5, Fitness 0.761844 
Explorers  5 NKtest K= 0 
N. of iterations  13, Fitness 1.000000 
Explorers  5 NKtest K= 1 
N. of iterations  22, Fitness 0.998346 
Explorers  5 NKtest K= 2 
N. of iterations  67, Fitness 0.993641 
Explorers  5 NKtest K= 3 
N. of iterations 324, Fitness 0.985339 
Explorers  5 NKtest K= 4 
N. of iterations 159, Fitness 0.977058 
Explorers  5 NKtest K= 5 
N. of iterations 171, Fitness 0.964624 
Explorers  5 NKtest K= 6 
N. of iterations 310, Fitness 0.954746 
Explorers  5 NKtest K= 7 
N. of iterations 248, Fitness 0.945525 
Explorers  5 NKtest K= 8 
N. of iterations 994, Fitness 0.928963 
Explorers  5 NKtest K= 9 
N. of iterations 1143, Fitness 0.920189 
Explorers  5 NKtest K=10 
N. of iterations 1306, Fitness 0.911281 
Explorers  5 NKtest K=11 
N. of iterations 505, Fitness 0.901051 
Explorers  5 NKtest K=12 
N. of iterations 277, Fitness 0.892783 
Explorers  5 NKtest K=13 
N. of iterations  37, Fitness 0.879691 
Explorers  5 NKtest K=14 
N. of iterations 139, Fitness 0.869661 
Explorers  5 NKtest K=15 
N. of iterations 928, Fitness 0.859537 
Explorers 10 NKtest K= 0 
N. of iterations  13, Fitness 1.000000 
Explorers 10 NKtest K= 1 
N. of iterations 302, Fitness 0.999479 
Explorers 10 NKtest K= 2 
N. of iterations 207, Fitness 0.997031 
Explorers 10 NKtest K= 3 
N. of iterations 255, Fitness 0.993289 
Explorers 10 NKtest K= 4 
N. of iterations  60, Fitness 0.986017 
Explorers 10 NKtest K= 5 
N. of iterations 172, Fitness 0.977929 
Explorers 10 NKtest K= 6 
N. of iterations  66, Fitness 0.967247 
Explorers 10 NKtest K= 7 
N. of iterations 696, Fitness 0.958527 
Explorers 10 NKtest K= 8 
N. of iterations 773, Fitness 0.947723 
Explorers 10 NKtest K= 9 
N. of iterations 410, Fitness 0.936404 
Explorers 10 NKtest K=10 
N. of iterations 178, Fitness 0.925083 
Explorers 10 NKtest K=11 
N. of iterations 385, Fitness 0.912965 
Explorers 10 NKtest K=12 
N. of iterations 544, Fitness 0.904221 
Explorers 10 NKtest K=13 
N. of iterations 140, Fitness 0.895517 
Explorers 10 NKtest K=14 
N. of iterations  72, Fitness 0.881857 
Explorers 10 NKtest K=15 
N. of iterations 563, Fitness 0.872771 
Explorers 25 NKtest K= 0 
N. of iterations  15, Fitness 1.000000 
Explorers 25 NKtest K= 1 
N. of iterations 215, Fitness 0.999599 
Explorers 25 NKtest K= 2 
N. of iterations 162, Fitness 0.998528 
Explorers 25 NKtest K= 3 
N. of iterations 255, Fitness 0.996580 
Explorers 25 NKtest K= 4 
N. of iterations 583, Fitness 0.992598 
Explorers 25 NKtest K= 5 
N. of iterations 454, Fitness 0.986169 
Explorers 25 NKtest K= 6 
N. of iterations 1152, Fitness 0.978313 
Explorers 25 NKtest K= 7 
N. of iterations 742, Fitness 0.968436 
Explorers 25 NKtest K= 8 
N. of iterations 1738, Fitness 0.957393 
Explorers 25 NKtest K= 9 
N. of iterations 540, Fitness 0.945032 
Explorers 25 NKtest K=10 
N. of iterations 655, Fitness 0.936804 
Explorers 25 NKtest K=11 
N. of iterations 486, Fitness 0.927589 
Explorers 25 NKtest K=12 
N. of iterations 693, Fitness 0.914836 
Explorers 25 NKtest K=13 
N. of iterations 1358, Fitness 0.905690 
Explorers 25 NKtest K=14 
N. of iterations 1304, Fitness 0.895515 
Explorers 25 NKtest K=15 
N. of iterations 989, Fitness 0.885925 
Explorers 50 NKtest K= 0 
N. of iterations  14, Fitness 1.000000 
Explorers 50 NKtest K= 1 
N. of iterations 194, Fitness 0.999699 
Explorers 50 NKtest K= 2 
N. of iterations 200, Fitness 0.998853 
Explorers 50 NKtest K= 3 
N. of iterations  84, Fitness 0.997232 
Explorers 50 NKtest K= 4 
N. of iterations 904, Fitness 0.994090 
Explorers 50 NKtest K= 5 
N. of iterations 453, Fitness 0.989609 
Explorers 50 NKtest K= 6 
N. of iterations 572, Fitness 0.981992 
Explorers 50 NKtest K= 7 
N. of iterations 576, Fitness 0.972602 
Explorers 50 NKtest K= 8 
N. of iterations 359, Fitness 0.961121 
Explorers 50 NKtest K= 9 
N. of iterations 527, Fitness 0.950769 
Explorers 50 NKtest K=10 
N. of iterations 1569, Fitness 0.936419 
Explorers 50 NKtest K=11 
N. of iterations 1439, Fitness 0.927581 
Explorers 50 NKtest K=12 
N. of iterations 1437, Fitness 0.917930 
Explorers 50 NKtest K=13 
N. of iterations 940, Fitness 0.903490 
Explorers 50 NKtest K=14 
N. of iterations 779, Fitness 0.898828 
Explorers 50 NKtest K=15 
N. of iterations 1095, Fitness 0.887644 
Explorers 100 NKtest K= 0 
N. of iterations  14, Fitness 1.000000 
Explorers 100 NKtest K= 1 
N. of iterations 192, Fitness 0.999680 
Explorers 100 NKtest K= 2 
N. of iterations 135, Fitness 0.998813 
Explorers 100 NKtest K= 3 
N. of iterations 427, Fitness 0.997388 
Explorers 100 NKtest K= 4 
N. of iterations 485, Fitness 0.994858 
Explorers 100 NKtest K= 5 
N. of iterations 591, Fitness 0.990198 
Explorers 100 NKtest K= 6 
N. of iterations 839, Fitness 0.982826 
Explorers 100 NKtest K= 7 
N. of iterations 927, Fitness 0.972745 
Explorers 100 NKtest K= 8 
N. of iterations 1088, Fitness 0.959735 
Explorers 100 NKtest K= 9 
N. of iterations 1522, Fitness 0.947458 
Explorers 100 NKtest K=10 
N. of iterations 823, Fitness 0.933482 
Explorers 100 NKtest K=11 
N. of iterations 1508, Fitness 0.920557 
Explorers 100 NKtest K=12 
N. of iterations 1035, Fitness 0.906783 
Explorers 100 NKtest K=13 
N. of iterations 912, Fitness 0.898949 
Explorers 100 NKtest K=14 
N. of iterations 1319, Fitness 0.885569 
Explorers 100 NKtest K=15 
N. of iterations 1231, Fitness 0.878248 
