nohup: ignoring input
Explorers  0 NKtest K= 0 
N. of iterations  14, Fitness 1.000000 
Explorers  0 NKtest K= 1 
N. of iterations  13, Fitness 0.966482 
Explorers  0 NKtest K= 2 
N. of iterations  11, Fitness 0.931092 
Explorers  0 NKtest K= 3 
N. of iterations  11, Fitness 0.903809 
Explorers  0 NKtest K= 4 
N. of iterations  11, Fitness 0.880074 
Explorers  0 NKtest K= 5 
N. of iterations  10, Fitness 0.865892 
Explorers  0 NKtest K= 6 
N. of iterations   8, Fitness 0.853533 
Explorers  0 NKtest K= 7 
N. of iterations   8, Fitness 0.840538 
Explorers  0 NKtest K= 8 
N. of iterations   7, Fitness 0.825910 
Explorers  0 NKtest K= 9 
N. of iterations   7, Fitness 0.816087 
Explorers  0 NKtest K=10 
N. of iterations   8, Fitness 0.806714 
Explorers  0 NKtest K=11 
N. of iterations   7, Fitness 0.795615 
Explorers  0 NKtest K=12 
N. of iterations   8, Fitness 0.786457 
Explorers  0 NKtest K=13 
N. of iterations   7, Fitness 0.778778 
Explorers  0 NKtest K=14 
N. of iterations   5, Fitness 0.767848 
Explorers  0 NKtest K=15 
N. of iterations   5, Fitness 0.761311 
Explorers  5 NKtest K= 0 
N. of iterations  13, Fitness 1.000000 
Explorers  5 NKtest K= 1 
N. of iterations  64, Fitness 0.998398 
Explorers  5 NKtest K= 2 
N. of iterations 101, Fitness 0.992842 
Explorers  5 NKtest K= 3 
N. of iterations 233, Fitness 0.987242 
Explorers  5 NKtest K= 4 
N. of iterations 520, Fitness 0.976318 
Explorers  5 NKtest K= 5 
N. of iterations 582, Fitness 0.965220 
Explorers  5 NKtest K= 6 
N. of iterations 175, Fitness 0.952677 
Explorers  5 NKtest K= 7 
N. of iterations  58, Fitness 0.942856 
Explorers  5 NKtest K= 8 
N. of iterations 148, Fitness 0.930996 
Explorers  5 NKtest K= 9 
N. of iterations  84, Fitness 0.922674 
Explorers  5 NKtest K=10 
N. of iterations 101, Fitness 0.911108 
Explorers  5 NKtest K=11 
N. of iterations  54, Fitness 0.900571 
Explorers  5 NKtest K=12 
N. of iterations 192, Fitness 0.888648 
Explorers  5 NKtest K=13 
N. of iterations 220, Fitness 0.877562 
Explorers  5 NKtest K=14 
N. of iterations 327, Fitness 0.865164 
Explorers  5 NKtest K=15 
N. of iterations 124, Fitness 0.858320 
Explorers 10 NKtest K= 0 
N. of iterations  14, Fitness 1.000000 
Explorers 10 NKtest K= 1 
N. of iterations  54, Fitness 0.999443 
Explorers 10 NKtest K= 2 
N. of iterations 256, Fitness 0.997087 
Explorers 10 NKtest K= 3 
N. of iterations 226, Fitness 0.991581 
Explorers 10 NKtest K= 4 
N. of iterations 321, Fitness 0.986539 
Explorers 10 NKtest K= 5 
N. of iterations 118, Fitness 0.977004 
Explorers 10 NKtest K= 6 
N. of iterations 756, Fitness 0.967530 
Explorers 10 NKtest K= 7 
N. of iterations 311, Fitness 0.955097 
Explorers 10 NKtest K= 8 
N. of iterations 430, Fitness 0.948049 
Explorers 10 NKtest K= 9 
N. of iterations  74, Fitness 0.936086 
Explorers 10 NKtest K=10 
N. of iterations  61, Fitness 0.926913 
Explorers 10 NKtest K=11 
N. of iterations  67, Fitness 0.913822 
Explorers 10 NKtest K=12 
N. of iterations 542, Fitness 0.903368 
Explorers 10 NKtest K=13 
N. of iterations  91, Fitness 0.893895 
Explorers 10 NKtest K=14 
N. of iterations 127, Fitness 0.885431 
Explorers 10 NKtest K=15 
N. of iterations 239, Fitness 0.875718 
Explorers 25 NKtest K= 0 
N. of iterations  14, Fitness 1.000000 
Explorers 25 NKtest K= 1 
N. of iterations 192, Fitness 0.999619 
Explorers 25 NKtest K= 2 
N. of iterations 224, Fitness 0.998686 
Explorers 25 NKtest K= 3 
N. of iterations 343, Fitness 0.996764 
Explorers 25 NKtest K= 4 
N. of iterations 1006, Fitness 0.992486 
Explorers 25 NKtest K= 5 
N. of iterations 1277, Fitness 0.986369 
Explorers 25 NKtest K= 6 
N. of iterations 1244, Fitness 0.978447 
Explorers 25 NKtest K= 7 
N. of iterations 1701, Fitness 0.970217 
Explorers 25 NKtest K= 8 
N. of iterations 1333, Fitness 0.959573 
Explorers 25 NKtest K= 9 
N. of iterations 336, Fitness 0.947585 
Explorers 25 NKtest K=10 
N. of iterations 1373, Fitness 0.935876 
Explorers 25 NKtest K=11 
N. of iterations  77, Fitness 0.924385 
Explorers 25 NKtest K=12 
N. of iterations 192, Fitness 0.914170 
Explorers 25 NKtest K=13 
N. of iterations 162, Fitness 0.906497 
Explorers 25 NKtest K=14 
N. of iterations 921, Fitness 0.893189 
Explorers 25 NKtest K=15 
N. of iterations 1161, Fitness 0.885375 
Explorers 50 NKtest K= 0 
N. of iterations  13, Fitness 1.000000 
Explorers 50 NKtest K= 1 
N. of iterations 165, Fitness 0.999687 
Explorers 50 NKtest K= 2 
N. of iterations 392, Fitness 0.998718 
Explorers 50 NKtest K= 3 
N. of iterations 394, Fitness 0.997207 
Explorers 50 NKtest K= 4 
N. of iterations 296, Fitness 0.994233 
Explorers 50 NKtest K= 5 
N. of iterations 775, Fitness 0.989553 
Explorers 50 NKtest K= 6 
N. of iterations 1107, Fitness 0.982283 
Explorers 50 NKtest K= 7 
N. of iterations 974, Fitness 0.971943 
Explorers 50 NKtest K= 8 
N. of iterations 1403, Fitness 0.959396 
Explorers 50 NKtest K= 9 
N. of iterations 499, Fitness 0.949462 
Explorers 50 NKtest K=10 
N. of iterations 917, Fitness 0.940046 
Explorers 50 NKtest K=11 
N. of iterations 1393, Fitness 0.928073 
Explorers 50 NKtest K=12 
N. of iterations 1335, Fitness 0.917237 
Explorers 50 NKtest K=13 
N. of iterations 337, Fitness 0.905231 
Explorers 50 NKtest K=14 
N. of iterations 1099, Fitness 0.895918 
Explorers 50 NKtest K=15 
N. of iterations 881, Fitness 0.886017 
Explorers 100 NKtest K= 0 
N. of iterations  14, Fitness 1.000000 
Explorers 100 NKtest K= 1 
N. of iterations  30, Fitness 0.999695 
Explorers 100 NKtest K= 2 
N. of iterations 166, Fitness 0.998798 
Explorers 100 NKtest K= 3 
N. of iterations 790, Fitness 0.997351 
Explorers 100 NKtest K= 4 
N. of iterations 127, Fitness 0.994569 
Explorers 100 NKtest K= 5 
N. of iterations 716, Fitness 0.990216 
Explorers 100 NKtest K= 6 
N. of iterations 541, Fitness 0.983190 
Explorers 100 NKtest K= 7 
N. of iterations 896, Fitness 0.973665 
Explorers 100 NKtest K= 8 
N. of iterations 1309, Fitness 0.961295 
Explorers 100 NKtest K= 9 
N. of iterations 1024, Fitness 0.946303 
Explorers 100 NKtest K=10 
N. of iterations 1128, Fitness 0.935261 
Explorers 100 NKtest K=11 
N. of iterations 626, Fitness 0.924081 
Explorers 100 NKtest K=12 
N. of iterations 1460, Fitness 0.912105 
Explorers 100 NKtest K=13 
N. of iterations 1377, Fitness 0.897740 
Explorers 100 NKtest K=14 
N. of iterations 454, Fitness 0.892619 
Explorers 100 NKtest K=15 
N. of iterations 1194, Fitness 0.877388 
