nohup: ignoring input
Explorers -1 NKtest K= 0 
N. of iterations  14, Fitness 1.000000 
Explorers -1 NKtest K= 1 
N. of iterations  12, Fitness 0.966965 
Explorers -1 NKtest K= 2 
N. of iterations  10, Fitness 0.932411 
Explorers -1 NKtest K= 3 
N. of iterations  13, Fitness 0.904544 
Explorers -1 NKtest K= 4 
N. of iterations  11, Fitness 0.883657 
Explorers -1 NKtest K= 5 
N. of iterations  10, Fitness 0.864691 
Explorers -1 NKtest K= 6 
N. of iterations   9, Fitness 0.850767 
Explorers -1 NKtest K= 7 
N. of iterations   9, Fitness 0.837685 
Explorers -1 NKtest K= 8 
N. of iterations   8, Fitness 0.827562 
Explorers -1 NKtest K= 9 
N. of iterations   7, Fitness 0.818511 
Explorers -1 NKtest K=10 
N. of iterations   6, Fitness 0.806604 
Explorers -1 NKtest K=11 
N. of iterations   6, Fitness 0.796741 
Explorers -1 NKtest K=12 
N. of iterations   6, Fitness 0.786379 
Explorers -1 NKtest K=13 
N. of iterations   5, Fitness 0.777031 
Explorers -1 NKtest K=14 
N. of iterations   6, Fitness 0.770638 
Explorers -1 NKtest K=15 
N. of iterations   5, Fitness 0.761687 
Explorers  0 NKtest K= 0 
N. of iterations  12, Fitness 0.841745 
Explorers  0 NKtest K= 1 
N. of iterations  11, Fitness 0.833958 
Explorers  0 NKtest K= 2 
N. of iterations  10, Fitness 0.825775 
Explorers  0 NKtest K= 3 
N. of iterations  10, Fitness 0.822167 
Explorers  0 NKtest K= 4 
N. of iterations   9, Fitness 0.812994 
Explorers  0 NKtest K= 5 
N. of iterations   9, Fitness 0.806958 
Explorers  0 NKtest K= 6 
N. of iterations   8, Fitness 0.802282 
Explorers  0 NKtest K= 7 
N. of iterations   7, Fitness 0.796085 
Explorers  0 NKtest K= 8 
N. of iterations   8, Fitness 0.788029 
Explorers  0 NKtest K= 9 
N. of iterations   7, Fitness 0.780847 
Explorers  0 NKtest K=10 
N. of iterations   8, Fitness 0.772633 
Explorers  0 NKtest K=11 
N. of iterations   8, Fitness 0.764678 
Explorers  0 NKtest K=12 
N. of iterations   6, Fitness 0.759754 
Explorers  0 NKtest K=13 
N. of iterations   5, Fitness 0.752286 
Explorers  0 NKtest K=14 
N. of iterations   6, Fitness 0.745829 
Explorers  0 NKtest K=15 
N. of iterations   5, Fitness 0.739918 
Explorers  5 NKtest K= 0 
N. of iterations  11, Fitness 0.847555 
Explorers  5 NKtest K= 1 
N. of iterations  71, Fitness 0.850040 
Explorers  5 NKtest K= 2 
N. of iterations 128, Fitness 0.861499 
Explorers  5 NKtest K= 3 
N. of iterations  64, Fitness 0.864733 
Explorers  5 NKtest K= 4 
N. of iterations 117, Fitness 0.876544 
Explorers  5 NKtest K= 5 
N. of iterations 511, Fitness 0.879104 
Explorers  5 NKtest K= 6 
N. of iterations 708, Fitness 0.882571 
Explorers  5 NKtest K= 7 
N. of iterations 169, Fitness 0.882583 
Explorers  5 NKtest K= 8 
N. of iterations 394, Fitness 0.881007 
Explorers  5 NKtest K= 9 
N. of iterations 295, Fitness 0.874826 
Explorers  5 NKtest K=10 
N. of iterations 134, Fitness 0.871100 
Explorers  5 NKtest K=11 
N. of iterations 261, Fitness 0.865610 
Explorers  5 NKtest K=12 
N. of iterations 251, Fitness 0.862096 
Explorers  5 NKtest K=13 
N. of iterations 244, Fitness 0.851947 
Explorers  5 NKtest K=14 
N. of iterations 196, Fitness 0.845202 
Explorers  5 NKtest K=15 
N. of iterations 456, Fitness 0.840286 
Explorers 10 NKtest K= 0 
N. of iterations  10, Fitness 0.843812 
Explorers 10 NKtest K= 1 
N. of iterations  33, Fitness 0.850428 
Explorers 10 NKtest K= 2 
N. of iterations 109, Fitness 0.869517 
Explorers 10 NKtest K= 3 
N. of iterations 291, Fitness 0.868042 
Explorers 10 NKtest K= 4 
N. of iterations 484, Fitness 0.877183 
Explorers 10 NKtest K= 5 
N. of iterations 296, Fitness 0.886110 
Explorers 10 NKtest K= 6 
N. of iterations 954, Fitness 0.891990 
Explorers 10 NKtest K= 7 
N. of iterations 435, Fitness 0.888353 
Explorers 10 NKtest K= 8 
N. of iterations 450, Fitness 0.890056 
Explorers 10 NKtest K= 9 
N. of iterations 294, Fitness 0.888502 
Explorers 10 NKtest K=10 
N. of iterations 550, Fitness 0.883412 
Explorers 10 NKtest K=11 
N. of iterations 148, Fitness 0.882117 
Explorers 10 NKtest K=12 
N. of iterations 834, Fitness 0.874174 
Explorers 10 NKtest K=13 
N. of iterations 559, Fitness 0.867781 
Explorers 10 NKtest K=14 
N. of iterations 576, Fitness 0.862037 
Explorers 10 NKtest K=15 
N. of iterations 870, Fitness 0.857021 
Explorers 25 NKtest K= 0 
N. of iterations  10, Fitness 0.837749 
Explorers 25 NKtest K= 1 
N. of iterations  36, Fitness 0.851314 
Explorers 25 NKtest K= 2 
N. of iterations 310, Fitness 0.860807 
Explorers 25 NKtest K= 3 
N. of iterations  63, Fitness 0.874200 
Explorers 25 NKtest K= 4 
N. of iterations 827, Fitness 0.879929 
Explorers 25 NKtest K= 5 
N. of iterations 267, Fitness 0.886269 
Explorers 25 NKtest K= 6 
N. of iterations 417, Fitness 0.892642 
Explorers 25 NKtest K= 7 
N. of iterations 208, Fitness 0.891453 
Explorers 25 NKtest K= 8 
N. of iterations 431, Fitness 0.896910 
Explorers 25 NKtest K= 9 
N. of iterations 1448, Fitness 0.892782 
Explorers 25 NKtest K=10 
N. of iterations 377, Fitness 0.893421 
Explorers 25 NKtest K=11 
N. of iterations 291, Fitness 0.887597 
Explorers 25 NKtest K=12 
N. of iterations 601, Fitness 0.885665 
Explorers 25 NKtest K=13 
N. of iterations 276, Fitness 0.881251 
Explorers 25 NKtest K=14 
N. of iterations 474, Fitness 0.875559 
Explorers 25 NKtest K=15 
N. of iterations 991, Fitness 0.870547 
Explorers 50 NKtest K= 0 
N. of iterations  10, Fitness 0.852542 
Explorers 50 NKtest K= 1 
N. of iterations  85, Fitness 0.855032 
Explorers 50 NKtest K= 2 
N. of iterations  48, Fitness 0.861984 
Explorers 50 NKtest K= 3 
N. of iterations 136, Fitness 0.872862 
Explorers 50 NKtest K= 4 
N. of iterations 189, Fitness 0.879218 
Explorers 50 NKtest K= 5 
N. of iterations 161, Fitness 0.887646 
Explorers 50 NKtest K= 6 
N. of iterations  63, Fitness 0.895190 
Explorers 50 NKtest K= 7 
N. of iterations 457, Fitness 0.893324 
Explorers 50 NKtest K= 8 
N. of iterations 882, Fitness 0.899796 
Explorers 50 NKtest K= 9 
N. of iterations 536, Fitness 0.898768 
Explorers 50 NKtest K=10 
N. of iterations 492, Fitness 0.901661 
Explorers 50 NKtest K=11 
N. of iterations 666, Fitness 0.893502 
Explorers 50 NKtest K=12 
N. of iterations 486, Fitness 0.889576 
Explorers 50 NKtest K=13 
N. of iterations 559, Fitness 0.884329 
Explorers 50 NKtest K=14 
N. of iterations 1702, Fitness 0.877767 
Explorers 50 NKtest K=15 
N. of iterations 333, Fitness 0.875507 
Explorers 100 NKtest K= 0 
N. of iterations  10, Fitness 0.845043 
Explorers 100 NKtest K= 1 
N. of iterations  61, Fitness 0.855105 
Explorers 100 NKtest K= 2 
N. of iterations 121, Fitness 0.859419 
Explorers 100 NKtest K= 3 
N. of iterations 305, Fitness 0.872344 
Explorers 100 NKtest K= 4 
N. of iterations 475, Fitness 0.876436 
Explorers 100 NKtest K= 5 
N. of iterations 318, Fitness 0.882069 
Explorers 100 NKtest K= 6 
N. of iterations 344, Fitness 0.890181 
Explorers 100 NKtest K= 7 
N. of iterations 566, Fitness 0.894287 
Explorers 100 NKtest K= 8 
N. of iterations 465, Fitness 0.902340 
Explorers 100 NKtest K= 9 
N. of iterations 673, Fitness 0.900939 
Explorers 100 NKtest K=10 
N. of iterations 612, Fitness 0.895354 
Explorers 100 NKtest K=11 
N. of iterations 800, Fitness 0.897381 
Explorers 100 NKtest K=12 
N. of iterations 1706, Fitness 0.892437 
Explorers 100 NKtest K=13 
N. of iterations 594, Fitness 0.884255 
Explorers 100 NKtest K=14 
N. of iterations 559, Fitness 0.882025 
Explorers 100 NKtest K=15 
N. of iterations 799, Fitness 0.878429 
