nohup: ignoring input
Explorers -1 NKtest K= 0 
N. of iterations  15, Fitness 1.000000 
Explorers -1 NKtest K= 1 
N. of iterations  12, Fitness 0.968506 
Explorers -1 NKtest K= 2 
N. of iterations  11, Fitness 0.932271 
Explorers -1 NKtest K= 3 
N. of iterations  13, Fitness 0.903691 
Explorers -1 NKtest K= 4 
N. of iterations  10, Fitness 0.882794 
Explorers -1 NKtest K= 5 
N. of iterations  11, Fitness 0.867208 
Explorers -1 NKtest K= 6 
N. of iterations   7, Fitness 0.851703 
Explorers -1 NKtest K= 7 
N. of iterations   8, Fitness 0.840119 
Explorers -1 NKtest K= 8 
N. of iterations   7, Fitness 0.827267 
Explorers -1 NKtest K= 9 
N. of iterations   6, Fitness 0.816578 
Explorers -1 NKtest K=10 
N. of iterations   6, Fitness 0.804660 
Explorers -1 NKtest K=11 
N. of iterations   7, Fitness 0.795655 
Explorers -1 NKtest K=12 
N. of iterations   6, Fitness 0.784546 
Explorers -1 NKtest K=13 
N. of iterations   5, Fitness 0.777509 
Explorers -1 NKtest K=14 
N. of iterations   5, Fitness 0.768263 
Explorers -1 NKtest K=15 
N. of iterations   5, Fitness 0.759798 
Explorers  0 NKtest K= 0 
N. of iterations  11, Fitness 0.817060 
Explorers  0 NKtest K= 1 
N. of iterations   9, Fitness 0.807566 
Explorers  0 NKtest K= 2 
N. of iterations   9, Fitness 0.804793 
Explorers  0 NKtest K= 3 
N. of iterations   8, Fitness 0.798901 
Explorers  0 NKtest K= 4 
N. of iterations   8, Fitness 0.798679 
Explorers  0 NKtest K= 5 
N. of iterations   7, Fitness 0.798579 
Explorers  0 NKtest K= 6 
N. of iterations   7, Fitness 0.790953 
Explorers  0 NKtest K= 7 
N. of iterations   9, Fitness 0.780899 
Explorers  0 NKtest K= 8 
N. of iterations   6, Fitness 0.775406 
Explorers  0 NKtest K= 9 
N. of iterations   7, Fitness 0.769502 
Explorers  0 NKtest K=10 
N. of iterations   7, Fitness 0.764869 
Explorers  0 NKtest K=11 
N. of iterations   7, Fitness 0.760120 
Explorers  0 NKtest K=12 
N. of iterations   5, Fitness 0.753101 
Explorers  0 NKtest K=13 
N. of iterations   6, Fitness 0.745175 
Explorers  0 NKtest K=14 
N. of iterations   5, Fitness 0.740254 
Explorers  0 NKtest K=15 
N. of iterations   5, Fitness 0.734262 
Explorers  5 NKtest K= 0 
N. of iterations  10, Fitness 0.815948 
Explorers  5 NKtest K= 1 
N. of iterations 138, Fitness 0.822107 
Explorers  5 NKtest K= 2 
N. of iterations 112, Fitness 0.824563 
Explorers  5 NKtest K= 3 
N. of iterations  45, Fitness 0.835269 
Explorers  5 NKtest K= 4 
N. of iterations  45, Fitness 0.850681 
Explorers  5 NKtest K= 5 
N. of iterations 240, Fitness 0.850855 
Explorers  5 NKtest K= 6 
N. of iterations 121, Fitness 0.850773 
Explorers  5 NKtest K= 7 
N. of iterations 155, Fitness 0.851161 
Explorers  5 NKtest K= 8 
N. of iterations 427, Fitness 0.850744 
Explorers  5 NKtest K= 9 
N. of iterations 370, Fitness 0.849552 
Explorers  5 NKtest K=10 
N. of iterations 552, Fitness 0.845723 
Explorers  5 NKtest K=11 
N. of iterations  76, Fitness 0.841423 
Explorers  5 NKtest K=12 
N. of iterations  93, Fitness 0.838106 
Explorers  5 NKtest K=13 
N. of iterations  97, Fitness 0.831763 
Explorers  5 NKtest K=14 
N. of iterations 161, Fitness 0.826925 
Explorers  5 NKtest K=15 
N. of iterations  61, Fitness 0.817062 
Explorers 10 NKtest K= 0 
N. of iterations  10, Fitness 0.811898 
Explorers 10 NKtest K= 1 
N. of iterations  10, Fitness 0.820915 
Explorers 10 NKtest K= 2 
N. of iterations 191, Fitness 0.824236 
Explorers 10 NKtest K= 3 
N. of iterations  44, Fitness 0.837685 
Explorers 10 NKtest K= 4 
N. of iterations 275, Fitness 0.853203 
Explorers 10 NKtest K= 5 
N. of iterations  63, Fitness 0.856293 
Explorers 10 NKtest K= 6 
N. of iterations 109, Fitness 0.857223 
Explorers 10 NKtest K= 7 
N. of iterations 248, Fitness 0.858454 
Explorers 10 NKtest K= 8 
N. of iterations 109, Fitness 0.858932 
Explorers 10 NKtest K= 9 
N. of iterations 349, Fitness 0.855668 
Explorers 10 NKtest K=10 
N. of iterations 314, Fitness 0.852996 
Explorers 10 NKtest K=11 
N. of iterations 163, Fitness 0.852787 
Explorers 10 NKtest K=12 
N. of iterations 202, Fitness 0.841783 
Explorers 10 NKtest K=13 
N. of iterations  78, Fitness 0.838233 
Explorers 10 NKtest K=14 
N. of iterations 256, Fitness 0.832953 
Explorers 10 NKtest K=15 
N. of iterations 196, Fitness 0.824579 
Explorers 25 NKtest K= 0 
N. of iterations   9, Fitness 0.804210 
Explorers 25 NKtest K= 1 
N. of iterations 215, Fitness 0.817139 
Explorers 25 NKtest K= 2 
N. of iterations  13, Fitness 0.829344 
Explorers 25 NKtest K= 3 
N. of iterations  29, Fitness 0.835391 
Explorers 25 NKtest K= 4 
N. of iterations 161, Fitness 0.848875 
Explorers 25 NKtest K= 5 
N. of iterations  63, Fitness 0.850431 
Explorers 25 NKtest K= 6 
N. of iterations 110, Fitness 0.861013 
Explorers 25 NKtest K= 7 
N. of iterations 315, Fitness 0.861321 
Explorers 25 NKtest K= 8 
N. of iterations 226, Fitness 0.859008 
Explorers 25 NKtest K= 9 
N. of iterations 250, Fitness 0.859952 
Explorers 25 NKtest K=10 
N. of iterations 574, Fitness 0.855716 
Explorers 25 NKtest K=11 
N. of iterations 359, Fitness 0.852103 
Explorers 25 NKtest K=12 
N. of iterations 556, Fitness 0.844473 
Explorers 25 NKtest K=13 
N. of iterations 386, Fitness 0.840914 
Explorers 25 NKtest K=14 
N. of iterations 204, Fitness 0.837359 
Explorers 25 NKtest K=15 
N. of iterations 696, Fitness 0.829550 
Explorers 50 NKtest K= 0 
N. of iterations  10, Fitness 0.810387 
Explorers 50 NKtest K= 1 
N. of iterations  10, Fitness 0.828713 
Explorers 50 NKtest K= 2 
N. of iterations  72, Fitness 0.831708 
Explorers 50 NKtest K= 3 
N. of iterations 406, Fitness 0.834138 
Explorers 50 NKtest K= 4 
N. of iterations  78, Fitness 0.840436 
Explorers 50 NKtest K= 5 
N. of iterations 305, Fitness 0.855639 
Explorers 50 NKtest K= 6 
N. of iterations 140, Fitness 0.857359 
Explorers 50 NKtest K= 7 
N. of iterations 140, Fitness 0.862184 
Explorers 50 NKtest K= 8 
N. of iterations 267, Fitness 0.860411 
Explorers 50 NKtest K= 9 
N. of iterations 320, Fitness 0.863881 
Explorers 50 NKtest K=10 
N. of iterations 123, Fitness 0.857137 
Explorers 50 NKtest K=11 
N. of iterations 314, Fitness 0.850627 
Explorers 50 NKtest K=12 
N. of iterations 538, Fitness 0.847082 
Explorers 50 NKtest K=13 
N. of iterations 496, Fitness 0.839393 
Explorers 50 NKtest K=14 
N. of iterations 457, Fitness 0.838000 
Explorers 50 NKtest K=15 
N. of iterations 460, Fitness 0.828308 
Explorers 100 NKtest K= 0 
N. of iterations  11, Fitness 0.803936 
Explorers 100 NKtest K= 1 
N. of iterations  48, Fitness 0.820494 
Explorers 100 NKtest K= 2 
N. of iterations  84, Fitness 0.833486 
Explorers 100 NKtest K= 3 
N. of iterations  73, Fitness 0.835102 
Explorers 100 NKtest K= 4 
N. of iterations 134, Fitness 0.845542 
Explorers 100 NKtest K= 5 
N. of iterations 153, Fitness 0.854254 
Explorers 100 NKtest K= 6 
N. of iterations 101, Fitness 0.860153 
Explorers 100 NKtest K= 7 
N. of iterations 150, Fitness 0.858629 
Explorers 100 NKtest K= 8 
N. of iterations 190, Fitness 0.863154 
Explorers 100 NKtest K= 9 
N. of iterations 363, Fitness 0.858804 
Explorers 100 NKtest K=10 
N. of iterations 321, Fitness 0.854761 
Explorers 100 NKtest K=11 
N. of iterations 375, Fitness 0.855226 
Explorers 100 NKtest K=12 
N. of iterations 321, Fitness 0.843108 
Explorers 100 NKtest K=13 
N. of iterations 532, Fitness 0.842511 
Explorers 100 NKtest K=14 
N. of iterations 435, Fitness 0.831582 
Explorers 100 NKtest K=15 
N. of iterations 484, Fitness 0.821009 
