nohup: ignoring input
Explorers -1 NKtest K= 0 
N. of iterations  14, Fitness 1.000000 
Explorers -1 NKtest K= 1 
N. of iterations  11, Fitness 0.966947 
Explorers -1 NKtest K= 2 
N. of iterations  10, Fitness 0.930373 
Explorers -1 NKtest K= 3 
N. of iterations  11, Fitness 0.903893 
Explorers -1 NKtest K= 4 
N. of iterations  10, Fitness 0.882049 
Explorers -1 NKtest K= 5 
N. of iterations  10, Fitness 0.865619 
Explorers -1 NKtest K= 6 
N. of iterations   8, Fitness 0.851450 
Explorers -1 NKtest K= 7 
N. of iterations   8, Fitness 0.838767 
Explorers -1 NKtest K= 8 
N. of iterations   8, Fitness 0.825061 
Explorers -1 NKtest K= 9 
N. of iterations   8, Fitness 0.816174 
Explorers -1 NKtest K=10 
N. of iterations   8, Fitness 0.805084 
Explorers -1 NKtest K=11 
N. of iterations   6, Fitness 0.794780 
Explorers -1 NKtest K=12 
N. of iterations   5, Fitness 0.785726 
Explorers -1 NKtest K=13 
N. of iterations   6, Fitness 0.775878 
Explorers -1 NKtest K=14 
N. of iterations   6, Fitness 0.765699 
Explorers -1 NKtest K=15 
N. of iterations   5, Fitness 0.760774 
Explorers  0 NKtest K= 0 
N. of iterations  13, Fitness 1.000000 
Explorers  0 NKtest K= 1 
N. of iterations  14, Fitness 0.965382 
Explorers  0 NKtest K= 2 
N. of iterations  10, Fitness 0.931391 
Explorers  0 NKtest K= 3 
N. of iterations  12, Fitness 0.902634 
Explorers  0 NKtest K= 4 
N. of iterations  11, Fitness 0.882261 
Explorers  0 NKtest K= 5 
N. of iterations   9, Fitness 0.864121 
Explorers  0 NKtest K= 6 
N. of iterations   8, Fitness 0.850677 
Explorers  0 NKtest K= 7 
N. of iterations  10, Fitness 0.838975 
Explorers  0 NKtest K= 8 
N. of iterations   7, Fitness 0.826167 
Explorers  0 NKtest K= 9 
N. of iterations   7, Fitness 0.816960 
Explorers  0 NKtest K=10 
N. of iterations   8, Fitness 0.805640 
Explorers  0 NKtest K=11 
N. of iterations   7, Fitness 0.796495 
Explorers  0 NKtest K=12 
N. of iterations   7, Fitness 0.783320 
Explorers  0 NKtest K=13 
N. of iterations   8, Fitness 0.778365 
Explorers  0 NKtest K=14 
N. of iterations   5, Fitness 0.769569 
Explorers  0 NKtest K=15 
N. of iterations   6, Fitness 0.760914 
Explorers  5 NKtest K= 0 
N. of iterations  16, Fitness 1.000000 
Explorers  5 NKtest K= 1 
N. of iterations 177, Fitness 0.998046 
Explorers  5 NKtest K= 2 
N. of iterations 499, Fitness 0.994885 
Explorers  5 NKtest K= 3 
N. of iterations 500, Fitness 0.991031 
Explorers  5 NKtest K= 4 
N. of iterations 1362, Fitness 0.986374 
Explorers  5 NKtest K= 5 
N. of iterations 1046, Fitness 0.978159 
Explorers  5 NKtest K= 6 
N. of iterations 1150, Fitness 0.967814 
Explorers  5 NKtest K= 7 
N. of iterations 1988, Fitness 0.955544 
Explorers  5 NKtest K= 8 
N. of iterations 2498, Fitness 0.933744 
Explorers  5 NKtest K= 9 
N. of iterations 3453, Fitness 0.905085 
Explorers  5 NKtest K=10 
N. of iterations 4164, Fitness 0.870689 
Explorers  5 NKtest K=11 
N. of iterations 2960, Fitness 0.830931 
Explorers  5 NKtest K=12 
N. of iterations 4404, Fitness 0.790416 
Explorers  5 NKtest K=13 
N. of iterations 5280, Fitness 0.751363 
Explorers  5 NKtest K=14 
N. of iterations 6096, Fitness 0.725550 
Explorers  5 NKtest K=15 
N. of iterations 5280, Fitness 0.701027 
Explorers 10 NKtest K= 0 
N. of iterations  14, Fitness 1.000000 
Explorers 10 NKtest K= 1 
N. of iterations  34, Fitness 0.998002 
Explorers 10 NKtest K= 2 
N. of iterations 348, Fitness 0.995238 
Explorers 10 NKtest K= 3 
N. of iterations 836, Fitness 0.991588 
Explorers 10 NKtest K= 4 
N. of iterations 1406, Fitness 0.985816 
Explorers 10 NKtest K= 5 
N. of iterations 857, Fitness 0.978719 
Explorers 10 NKtest K= 6 
N. of iterations 1953, Fitness 0.967440 
Explorers 10 NKtest K= 7 
N. of iterations 1302, Fitness 0.951278 
Explorers 10 NKtest K= 8 
N. of iterations 1596, Fitness 0.930250 
Explorers 10 NKtest K= 9 
N. of iterations 2065, Fitness 0.897064 
Explorers 10 NKtest K=10 
N. of iterations 3265, Fitness 0.863599 
Explorers 10 NKtest K=11 
N. of iterations 4267, Fitness 0.812297 
Explorers 10 NKtest K=12 
N. of iterations 4372, Fitness 0.766245 
Explorers 10 NKtest K=13 
N. of iterations 4542, Fitness 0.724148 
Explorers 10 NKtest K=14 
N. of iterations 6822, Fitness 0.684665 
Explorers 10 NKtest K=15 
N. of iterations 4843, Fitness 0.658408 
Explorers 25 NKtest K= 0 
N. of iterations  13, Fitness 1.000000 
Explorers 25 NKtest K= 1 
N. of iterations 101, Fitness 0.998387 
Explorers 25 NKtest K= 2 
N. of iterations 596, Fitness 0.995429 
Explorers 25 NKtest K= 3 
N. of iterations 296, Fitness 0.990777 
Explorers 25 NKtest K= 4 
N. of iterations 1420, Fitness 0.986155 
Explorers 25 NKtest K= 5 
N. of iterations 1247, Fitness 0.977964 
Explorers 25 NKtest K= 6 
N. of iterations 959, Fitness 0.967625 
Explorers 25 NKtest K= 7 
N. of iterations 969, Fitness 0.951869 
Explorers 25 NKtest K= 8 
N. of iterations 3277, Fitness 0.928470 
Explorers 25 NKtest K= 9 
N. of iterations 3149, Fitness 0.894842 
Explorers 25 NKtest K=10 
N. of iterations 5921, Fitness 0.859301 
Explorers 25 NKtest K=11 
N. of iterations 5187, Fitness 0.810696 
Explorers 25 NKtest K=12 
N. of iterations 3690, Fitness 0.762343 
Explorers 25 NKtest K=13 
N. of iterations 5194, Fitness 0.718728 
Explorers 25 NKtest K=14 
N. of iterations 5352, Fitness 0.670579 
Explorers 25 NKtest K=15 
N. of iterations 4898, Fitness 0.637573 
Explorers 50 NKtest K= 0 
N. of iterations  14, Fitness 1.000000 
Explorers 50 NKtest K= 1 
N. of iterations 340, Fitness 0.998382 
Explorers 50 NKtest K= 2 
N. of iterations 138, Fitness 0.995347 
Explorers 50 NKtest K= 3 
N. of iterations 522, Fitness 0.991797 
Explorers 50 NKtest K= 4 
N. of iterations 438, Fitness 0.985740 
Explorers 50 NKtest K= 5 
N. of iterations 2040, Fitness 0.977677 
Explorers 50 NKtest K= 6 
N. of iterations 1295, Fitness 0.966279 
Explorers 50 NKtest K= 7 
N. of iterations 1701, Fitness 0.949989 
Explorers 50 NKtest K= 8 
N. of iterations 1528, Fitness 0.925938 
Explorers 50 NKtest K= 9 
N. of iterations 5102, Fitness 0.895250 
Explorers 50 NKtest K=10 
N. of iterations 4535, Fitness 0.857457 
Explorers 50 NKtest K=11 
N. of iterations 4517, Fitness 0.807180 
Explorers 50 NKtest K=12 
N. of iterations 3299, Fitness 0.762051 
Explorers 50 NKtest K=13 
N. of iterations 4691, Fitness 0.713600 
Explorers 50 NKtest K=14 
N. of iterations 4938, Fitness 0.674564 
Explorers 50 NKtest K=15 
N. of iterations 5231, Fitness 0.634587 
Explorers 100 NKtest K= 0 
N. of iterations  14, Fitness 1.000000 
Explorers 100 NKtest K= 1 
N. of iterations  94, Fitness 0.998276 
Explorers 100 NKtest K= 2 
N. of iterations 240, Fitness 0.995290 
Explorers 100 NKtest K= 3 
N. of iterations 383, Fitness 0.991389 
Explorers 100 NKtest K= 4 
N. of iterations 201, Fitness 0.986416 
Explorers 100 NKtest K= 5 
N. of iterations 614, Fitness 0.979159 
Explorers 100 NKtest K= 6 
N. of iterations 1957, Fitness 0.967185 
Explorers 100 NKtest K= 7 
N. of iterations 1172, Fitness 0.949435 
Explorers 100 NKtest K= 8 
N. of iterations 2093, Fitness 0.928237 
Explorers 100 NKtest K= 9 
N. of iterations 1925, Fitness 0.898201 
Explorers 100 NKtest K=10 
N. of iterations 3292, Fitness 0.861040 
Explorers 100 NKtest K=11 
N. of iterations 4279, Fitness 0.819015 
Explorers 100 NKtest K=12 
N. of iterations 4851, Fitness 0.759647 
Explorers 100 NKtest K=13 
N. of iterations 4336, Fitness 0.713395 
Explorers 100 NKtest K=14 
N. of iterations 4476, Fitness 0.672078 
Explorers 100 NKtest K=15 
N. of iterations 4772, Fitness 0.639272 
