nohup: ignoring input
Explorers -1 NKtest K= 0 
N. of iterations  14, Fitness 1.000000 
Explorers -1 NKtest K= 1 
N. of iterations  11, Fitness 0.967616 
Explorers -1 NKtest K= 2 
N. of iterations  11, Fitness 0.929762 
Explorers -1 NKtest K= 3 
N. of iterations  11, Fitness 0.905343 
Explorers -1 NKtest K= 4 
N. of iterations  11, Fitness 0.881439 
Explorers -1 NKtest K= 5 
N. of iterations  11, Fitness 0.863574 
Explorers -1 NKtest K= 6 
N. of iterations   9, Fitness 0.850590 
Explorers -1 NKtest K= 7 
N. of iterations   8, Fitness 0.836821 
Explorers -1 NKtest K= 8 
N. of iterations   7, Fitness 0.826856 
Explorers -1 NKtest K= 9 
N. of iterations   8, Fitness 0.816477 
Explorers -1 NKtest K=10 
N. of iterations   6, Fitness 0.805414 
Explorers -1 NKtest K=11 
N. of iterations   6, Fitness 0.796075 
Explorers -1 NKtest K=12 
N. of iterations   7, Fitness 0.786465 
Explorers -1 NKtest K=13 
N. of iterations   7, Fitness 0.776403 
Explorers -1 NKtest K=14 
N. of iterations   5, Fitness 0.767794 
Explorers -1 NKtest K=15 
N. of iterations   4, Fitness 0.760510 
Explorers  0 NKtest K= 0 
N. of iterations  15, Fitness 1.000000 
Explorers  0 NKtest K= 1 
N. of iterations  12, Fitness 0.966143 
Explorers  0 NKtest K= 2 
N. of iterations  12, Fitness 0.931361 
Explorers  0 NKtest K= 3 
N. of iterations  10, Fitness 0.903511 
Explorers  0 NKtest K= 4 
N. of iterations   9, Fitness 0.882749 
Explorers  0 NKtest K= 5 
N. of iterations  11, Fitness 0.866890 
Explorers  0 NKtest K= 6 
N. of iterations  11, Fitness 0.852421 
Explorers  0 NKtest K= 7 
N. of iterations   7, Fitness 0.838554 
Explorers  0 NKtest K= 8 
N. of iterations   8, Fitness 0.826850 
Explorers  0 NKtest K= 9 
N. of iterations   7, Fitness 0.817113 
Explorers  0 NKtest K=10 
N. of iterations   7, Fitness 0.804033 
Explorers  0 NKtest K=11 
N. of iterations   7, Fitness 0.797230 
Explorers  0 NKtest K=12 
N. of iterations   6, Fitness 0.787579 
Explorers  0 NKtest K=13 
N. of iterations   6, Fitness 0.777482 
Explorers  0 NKtest K=14 
N. of iterations   6, Fitness 0.767113 
Explorers  0 NKtest K=15 
N. of iterations   6, Fitness 0.761375 
Explorers  5 NKtest K= 0 
N. of iterations  13, Fitness 1.000000 
Explorers  5 NKtest K= 1 
N. of iterations  74, Fitness 0.949193 
Explorers  5 NKtest K= 2 
N. of iterations 171, Fitness 0.878684 
Explorers  5 NKtest K= 3 
N. of iterations  67, Fitness 0.823717 
Explorers  5 NKtest K= 4 
N. of iterations 112, Fitness 0.774872 
Explorers  5 NKtest K= 5 
N. of iterations 105, Fitness 0.732470 
Explorers  5 NKtest K= 6 
N. of iterations 122, Fitness 0.701166 
Explorers  5 NKtest K= 7 
N. of iterations 141, Fitness 0.690401 
Explorers  5 NKtest K= 8 
N. of iterations 174, Fitness 0.676614 
Explorers  5 NKtest K= 9 
N. of iterations  78, Fitness 0.662604 
Explorers  5 NKtest K=10 
N. of iterations  89, Fitness 0.651335 
Explorers  5 NKtest K=11 
N. of iterations 119, Fitness 0.642501 
Explorers  5 NKtest K=12 
N. of iterations  96, Fitness 0.639394 
Explorers  5 NKtest K=13 
N. of iterations  77, Fitness 0.633674 
Explorers  5 NKtest K=14 
N. of iterations  95, Fitness 0.629544 
Explorers  5 NKtest K=15 
N. of iterations 124, Fitness 0.621942 
Explorers 10 NKtest K= 0 
N. of iterations  13, Fitness 1.000000 
Explorers 10 NKtest K= 1 
N. of iterations  72, Fitness 0.947605 
Explorers 10 NKtest K= 2 
N. of iterations 123, Fitness 0.878291 
Explorers 10 NKtest K= 3 
N. of iterations 123, Fitness 0.806910 
Explorers 10 NKtest K= 4 
N. of iterations 107, Fitness 0.745377 
Explorers 10 NKtest K= 5 
N. of iterations 108, Fitness 0.700892 
Explorers 10 NKtest K= 6 
N. of iterations 135, Fitness 0.670607 
Explorers 10 NKtest K= 7 
N. of iterations  87, Fitness 0.643648 
Explorers 10 NKtest K= 8 
N. of iterations 110, Fitness 0.631694 
Explorers 10 NKtest K= 9 
N. of iterations 102, Fitness 0.613351 
Explorers 10 NKtest K=10 
N. of iterations 131, Fitness 0.603695 
Explorers 10 NKtest K=11 
N. of iterations  97, Fitness 0.592690 
Explorers 10 NKtest K=12 
N. of iterations  96, Fitness 0.585502 
Explorers 10 NKtest K=13 
N. of iterations 131, Fitness 0.583723 
Explorers 10 NKtest K=14 
N. of iterations  70, Fitness 0.580392 
Explorers 10 NKtest K=15 
N. of iterations 113, Fitness 0.581569 
Explorers 25 NKtest K= 0 
N. of iterations  15, Fitness 1.000000 
Explorers 25 NKtest K= 1 
N. of iterations  75, Fitness 0.949261 
Explorers 25 NKtest K= 2 
N. of iterations  87, Fitness 0.872609 
Explorers 25 NKtest K= 3 
N. of iterations  92, Fitness 0.800708 
Explorers 25 NKtest K= 4 
N. of iterations 121, Fitness 0.737848 
Explorers 25 NKtest K= 5 
N. of iterations 127, Fitness 0.686181 
Explorers 25 NKtest K= 6 
N. of iterations 119, Fitness 0.650402 
Explorers 25 NKtest K= 7 
N. of iterations 106, Fitness 0.619950 
Explorers 25 NKtest K= 8 
N. of iterations  73, Fitness 0.594786 
Explorers 25 NKtest K= 9 
N. of iterations  91, Fitness 0.579599 
Explorers 25 NKtest K=10 
N. of iterations  97, Fitness 0.570051 
Explorers 25 NKtest K=11 
N. of iterations  82, Fitness 0.563054 
Explorers 25 NKtest K=12 
N. of iterations  82, Fitness 0.559413 
Explorers 25 NKtest K=13 
N. of iterations  67, Fitness 0.553582 
Explorers 25 NKtest K=14 
N. of iterations  70, Fitness 0.550565 
Explorers 25 NKtest K=15 
N. of iterations  68, Fitness 0.547961 
Explorers 50 NKtest K= 0 
N. of iterations  14, Fitness 1.000000 
Explorers 50 NKtest K= 1 
N. of iterations 120, Fitness 0.946678 
Explorers 50 NKtest K= 2 
N. of iterations 132, Fitness 0.875824 
Explorers 50 NKtest K= 3 
N. of iterations 114, Fitness 0.799886 
Explorers 50 NKtest K= 4 
N. of iterations 130, Fitness 0.741276 
Explorers 50 NKtest K= 5 
N. of iterations 105, Fitness 0.686617 
Explorers 50 NKtest K= 6 
N. of iterations 120, Fitness 0.641352 
Explorers 50 NKtest K= 7 
N. of iterations  73, Fitness 0.608517 
Explorers 50 NKtest K= 8 
N. of iterations  80, Fitness 0.587728 
Explorers 50 NKtest K= 9 
N. of iterations  97, Fitness 0.569915 
Explorers 50 NKtest K=10 
N. of iterations  74, Fitness 0.554936 
Explorers 50 NKtest K=11 
N. of iterations  78, Fitness 0.549391 
Explorers 50 NKtest K=12 
N. of iterations  76, Fitness 0.544867 
Explorers 50 NKtest K=13 
N. of iterations  73, Fitness 0.537563 
Explorers 50 NKtest K=14 
N. of iterations  67, Fitness 0.534577 
Explorers 50 NKtest K=15 
N. of iterations  78, Fitness 0.534365 
Explorers 100 NKtest K= 0 
N. of iterations  15, Fitness 1.000000 
Explorers 100 NKtest K= 1 
N. of iterations  87, Fitness 0.947664 
Explorers 100 NKtest K= 2 
N. of iterations  81, Fitness 0.871378 
Explorers 100 NKtest K= 3 
N. of iterations  83, Fitness 0.796130 
Explorers 100 NKtest K= 4 
N. of iterations 121, Fitness 0.742720 
Explorers 100 NKtest K= 5 
N. of iterations  91, Fitness 0.679425 
Explorers 100 NKtest K= 6 
N. of iterations  85, Fitness 0.639097 
Explorers 100 NKtest K= 7 
N. of iterations  91, Fitness 0.609007 
Explorers 100 NKtest K= 8 
N. of iterations  83, Fitness 0.579246 
Explorers 100 NKtest K= 9 
N. of iterations  77, Fitness 0.564148 
Explorers 100 NKtest K=10 
N. of iterations  73, Fitness 0.550628 
Explorers 100 NKtest K=11 
N. of iterations  83, Fitness 0.542220 
Explorers 100 NKtest K=12 
N. of iterations  68, Fitness 0.535266 
Explorers 100 NKtest K=13 
N. of iterations  70, Fitness 0.530542 
Explorers 100 NKtest K=14 
N. of iterations  68, Fitness 0.530407 
Explorers 100 NKtest K=15 
N. of iterations  70, Fitness 0.524642 
