nohup: ignoring input
Explorers -1 NKtest K= 0 
N. of iterations  13, Fitness 1.000000 
Explorers -1 NKtest K= 1 
N. of iterations  13, Fitness 0.966556 
Explorers -1 NKtest K= 2 
N. of iterations  11, Fitness 0.931904 
Explorers -1 NKtest K= 3 
N. of iterations  13, Fitness 0.904615 
Explorers -1 NKtest K= 4 
N. of iterations  11, Fitness 0.880746 
Explorers -1 NKtest K= 5 
N. of iterations   8, Fitness 0.866217 
Explorers -1 NKtest K= 6 
N. of iterations   9, Fitness 0.850495 
Explorers -1 NKtest K= 7 
N. of iterations   9, Fitness 0.839643 
Explorers -1 NKtest K= 8 
N. of iterations   8, Fitness 0.826068 
Explorers -1 NKtest K= 9 
N. of iterations   8, Fitness 0.817425 
Explorers -1 NKtest K=10 
N. of iterations   6, Fitness 0.807248 
Explorers -1 NKtest K=11 
N. of iterations   6, Fitness 0.794149 
Explorers -1 NKtest K=12 
N. of iterations   6, Fitness 0.785921 
Explorers -1 NKtest K=13 
N. of iterations   6, Fitness 0.776917 
Explorers -1 NKtest K=14 
N. of iterations   7, Fitness 0.767841 
Explorers -1 NKtest K=15 
N. of iterations   6, Fitness 0.761564 
Explorers  0 NKtest K= 0 
N. of iterations  14, Fitness 1.000000 
Explorers  0 NKtest K= 1 
N. of iterations  13, Fitness 0.968088 
Explorers  0 NKtest K= 2 
N. of iterations  11, Fitness 0.931473 
Explorers  0 NKtest K= 3 
N. of iterations  14, Fitness 0.902786 
Explorers  0 NKtest K= 4 
N. of iterations  11, Fitness 0.883154 
Explorers  0 NKtest K= 5 
N. of iterations   9, Fitness 0.864079 
Explorers  0 NKtest K= 6 
N. of iterations   9, Fitness 0.851134 
Explorers  0 NKtest K= 7 
N. of iterations   8, Fitness 0.840002 
Explorers  0 NKtest K= 8 
N. of iterations  10, Fitness 0.826213 
Explorers  0 NKtest K= 9 
N. of iterations   7, Fitness 0.815891 
Explorers  0 NKtest K=10 
N. of iterations   5, Fitness 0.805180 
Explorers  0 NKtest K=11 
N. of iterations   7, Fitness 0.793610 
Explorers  0 NKtest K=12 
N. of iterations   6, Fitness 0.784683 
Explorers  0 NKtest K=13 
N. of iterations   6, Fitness 0.777471 
Explorers  0 NKtest K=14 
N. of iterations   5, Fitness 0.767550 
Explorers  0 NKtest K=15 
N. of iterations   5, Fitness 0.761743 
Explorers  5 NKtest K= 0 
N. of iterations  13, Fitness 1.000000 
Explorers  5 NKtest K= 1 
N. of iterations 218, Fitness 0.994140 
Explorers  5 NKtest K= 2 
N. of iterations 385, Fitness 0.984074 
Explorers  5 NKtest K= 3 
N. of iterations 244, Fitness 0.972451 
Explorers  5 NKtest K= 4 
N. of iterations 487, Fitness 0.955705 
Explorers  5 NKtest K= 5 
N. of iterations 890, Fitness 0.926802 
Explorers  5 NKtest K= 6 
N. of iterations 573, Fitness 0.897024 
Explorers  5 NKtest K= 7 
N. of iterations 898, Fitness 0.852382 
Explorers  5 NKtest K= 8 
N. of iterations 1058, Fitness 0.809219 
Explorers  5 NKtest K= 9 
N. of iterations 1009, Fitness 0.762897 
Explorers  5 NKtest K=10 
N. of iterations 886, Fitness 0.729019 
Explorers  5 NKtest K=11 
N. of iterations 1400, Fitness 0.704053 
Explorers  5 NKtest K=12 
N. of iterations 1307, Fitness 0.685949 
Explorers  5 NKtest K=13 
N. of iterations 1084, Fitness 0.663507 
Explorers  5 NKtest K=14 
N. of iterations 478, Fitness 0.650355 
Explorers  5 NKtest K=15 
N. of iterations 1208, Fitness 0.646052 
Explorers 10 NKtest K= 0 
N. of iterations  13, Fitness 1.000000 
Explorers 10 NKtest K= 1 
N. of iterations 277, Fitness 0.993696 
Explorers 10 NKtest K= 2 
N. of iterations 260, Fitness 0.983130 
Explorers 10 NKtest K= 3 
N. of iterations 538, Fitness 0.971391 
Explorers 10 NKtest K= 4 
N. of iterations 557, Fitness 0.951900 
Explorers 10 NKtest K= 5 
N. of iterations 592, Fitness 0.925130 
Explorers 10 NKtest K= 6 
N. of iterations 1184, Fitness 0.888894 
Explorers 10 NKtest K= 7 
N. of iterations 1012, Fitness 0.839811 
Explorers 10 NKtest K= 8 
N. of iterations 1005, Fitness 0.785152 
Explorers 10 NKtest K= 9 
N. of iterations 1161, Fitness 0.730196 
Explorers 10 NKtest K=10 
N. of iterations 1454, Fitness 0.686503 
Explorers 10 NKtest K=11 
N. of iterations 1274, Fitness 0.652780 
Explorers 10 NKtest K=12 
N. of iterations 1221, Fitness 0.629728 
Explorers 10 NKtest K=13 
N. of iterations 1591, Fitness 0.609664 
Explorers 10 NKtest K=14 
N. of iterations 1176, Fitness 0.602388 
Explorers 10 NKtest K=15 
N. of iterations 1318, Fitness 0.589824 
Explorers 25 NKtest K= 0 
N. of iterations  16, Fitness 1.000000 
Explorers 25 NKtest K= 1 
N. of iterations 329, Fitness 0.993711 
Explorers 25 NKtest K= 2 
N. of iterations 575, Fitness 0.983863 
Explorers 25 NKtest K= 3 
N. of iterations 591, Fitness 0.970169 
Explorers 25 NKtest K= 4 
N. of iterations 673, Fitness 0.950343 
Explorers 25 NKtest K= 5 
N. of iterations 776, Fitness 0.928353 
Explorers 25 NKtest K= 6 
N. of iterations 727, Fitness 0.886357 
Explorers 25 NKtest K= 7 
N. of iterations 1148, Fitness 0.831172 
Explorers 25 NKtest K= 8 
N. of iterations 1141, Fitness 0.776983 
Explorers 25 NKtest K= 9 
N. of iterations 1502, Fitness 0.722021 
Explorers 25 NKtest K=10 
N. of iterations 1178, Fitness 0.668519 
Explorers 25 NKtest K=11 
N. of iterations 918, Fitness 0.631051 
Explorers 25 NKtest K=12 
N. of iterations 1370, Fitness 0.602608 
Explorers 25 NKtest K=13 
N. of iterations 1072, Fitness 0.585157 
Explorers 25 NKtest K=14 
N. of iterations 1014, Fitness 0.568669 
Explorers 25 NKtest K=15 
N. of iterations 1066, Fitness 0.560156 
Explorers 50 NKtest K= 0 
N. of iterations  14, Fitness 1.000000 
Explorers 50 NKtest K= 1 
N. of iterations 322, Fitness 0.993826 
Explorers 50 NKtest K= 2 
N. of iterations 144, Fitness 0.983927 
Explorers 50 NKtest K= 3 
N. of iterations 220, Fitness 0.970990 
Explorers 50 NKtest K= 4 
N. of iterations 547, Fitness 0.953538 
Explorers 50 NKtest K= 5 
N. of iterations 1040, Fitness 0.925640 
Explorers 50 NKtest K= 6 
N. of iterations 1953, Fitness 0.885450 
Explorers 50 NKtest K= 7 
N. of iterations 805, Fitness 0.832991 
Explorers 50 NKtest K= 8 
N. of iterations 1056, Fitness 0.784275 
Explorers 50 NKtest K= 9 
N. of iterations 1180, Fitness 0.720311 
Explorers 50 NKtest K=10 
N. of iterations 1592, Fitness 0.669487 
Explorers 50 NKtest K=11 
N. of iterations 1284, Fitness 0.631292 
Explorers 50 NKtest K=12 
N. of iterations 1330, Fitness 0.599579 
Explorers 50 NKtest K=13 
N. of iterations 1148, Fitness 0.576347 
Explorers 50 NKtest K=14 
N. of iterations 1144, Fitness 0.561689 
Explorers 50 NKtest K=15 
N. of iterations 927, Fitness 0.550004 
Explorers 100 NKtest K= 0 
N. of iterations  13, Fitness 1.000000 
Explorers 100 NKtest K= 1 
N. of iterations 530, Fitness 0.993788 
Explorers 100 NKtest K= 2 
N. of iterations 146, Fitness 0.983452 
Explorers 100 NKtest K= 3 
N. of iterations 188, Fitness 0.969947 
Explorers 100 NKtest K= 4 
N. of iterations 461, Fitness 0.953233 
Explorers 100 NKtest K= 5 
N. of iterations 1236, Fitness 0.922645 
Explorers 100 NKtest K= 6 
N. of iterations 1014, Fitness 0.883894 
Explorers 100 NKtest K= 7 
N. of iterations 867, Fitness 0.835243 
Explorers 100 NKtest K= 8 
N. of iterations 1221, Fitness 0.777557 
Explorers 100 NKtest K= 9 
N. of iterations 1228, Fitness 0.717838 
Explorers 100 NKtest K=10 
N. of iterations 1296, Fitness 0.672721 
Explorers 100 NKtest K=11 
N. of iterations 1345, Fitness 0.630080 
Explorers 100 NKtest K=12 
N. of iterations 1144, Fitness 0.600137 
Explorers 100 NKtest K=13 
N. of iterations 1049, Fitness 0.577035 
Explorers 100 NKtest K=14 
N. of iterations 892, Fitness 0.560147 
Explorers 100 NKtest K=15 
N. of iterations 1048, Fitness 0.550204 
