nohup: ignoring input
Explorers  0 NKtest K= 0 
N. of iterations  12, Fitness 0.905882 
Explorers  0 NKtest K= 1 
N. of iterations  10, Fitness 0.894848 
Explorers  0 NKtest K= 2 
N. of iterations   8, Fitness 0.879131 
Explorers  0 NKtest K= 3 
N. of iterations  11, Fitness 0.859289 
Explorers  0 NKtest K= 4 
N. of iterations   9, Fitness 0.842408 
Explorers  0 NKtest K= 5 
N. of iterations   9, Fitness 0.831009 
Explorers  0 NKtest K= 6 
N. of iterations   9, Fitness 0.823846 
Explorers  0 NKtest K= 7 
N. of iterations   8, Fitness 0.814220 
Explorers  0 NKtest K= 8 
N. of iterations   8, Fitness 0.805932 
Explorers  0 NKtest K= 9 
N. of iterations   8, Fitness 0.797691 
Explorers  0 NKtest K=10 
N. of iterations   7, Fitness 0.788903 
Explorers  0 NKtest K=11 
N. of iterations   7, Fitness 0.782074 
Explorers  0 NKtest K=12 
N. of iterations   6, Fitness 0.772810 
Explorers  0 NKtest K=13 
N. of iterations   6, Fitness 0.762935 
Explorers  0 NKtest K=14 
N. of iterations   6, Fitness 0.756682 
Explorers  0 NKtest K=15 
N. of iterations   5, Fitness 0.750165 
Explorers  5 NKtest K= 0 
N. of iterations  11, Fitness 0.907687 
Explorers  5 NKtest K= 1 
N. of iterations  50, Fitness 0.913461 
Explorers  5 NKtest K= 2 
N. of iterations 250, Fitness 0.913833 
Explorers  5 NKtest K= 3 
N. of iterations 316, Fitness 0.923947 
Explorers  5 NKtest K= 4 
N. of iterations 141, Fitness 0.925432 
Explorers  5 NKtest K= 5 
N. of iterations 351, Fitness 0.921059 
Explorers  5 NKtest K= 6 
N. of iterations 456, Fitness 0.916531 
Explorers  5 NKtest K= 7 
N. of iterations 200, Fitness 0.912133 
Explorers  5 NKtest K= 8 
N. of iterations 602, Fitness 0.907629 
Explorers  5 NKtest K= 9 
N. of iterations 316, Fitness 0.899208 
Explorers  5 NKtest K=10 
N. of iterations 584, Fitness 0.889668 
Explorers  5 NKtest K=11 
N. of iterations 820, Fitness 0.882593 
Explorers  5 NKtest K=12 
N. of iterations 382, Fitness 0.876801 
Explorers  5 NKtest K=13 
N. of iterations 492, Fitness 0.867851 
Explorers  5 NKtest K=14 
N. of iterations 1162, Fitness 0.857447 
Explorers  5 NKtest K=15 
N. of iterations 194, Fitness 0.849228 
Explorers 10 NKtest K= 0 
N. of iterations  12, Fitness 0.902687 
Explorers 10 NKtest K= 1 
N. of iterations  78, Fitness 0.909005 
Explorers 10 NKtest K= 2 
N. of iterations  95, Fitness 0.919499 
Explorers 10 NKtest K= 3 
N. of iterations 106, Fitness 0.922911 
Explorers 10 NKtest K= 4 
N. of iterations 284, Fitness 0.929465 
Explorers 10 NKtest K= 5 
N. of iterations 231, Fitness 0.927755 
Explorers 10 NKtest K= 6 
N. of iterations 361, Fitness 0.927602 
Explorers 10 NKtest K= 7 
N. of iterations 374, Fitness 0.923625 
Explorers 10 NKtest K= 8 
N. of iterations 1827, Fitness 0.918953 
Explorers 10 NKtest K= 9 
N. of iterations 846, Fitness 0.911819 
Explorers 10 NKtest K=10 
N. of iterations 1205, Fitness 0.904830 
Explorers 10 NKtest K=11 
N. of iterations 391, Fitness 0.899595 
Explorers 10 NKtest K=12 
N. of iterations 653, Fitness 0.889587 
Explorers 10 NKtest K=13 
N. of iterations 181, Fitness 0.879131 
Explorers 10 NKtest K=14 
N. of iterations 394, Fitness 0.870894 
Explorers 10 NKtest K=15 
N. of iterations 540, Fitness 0.863835 
Explorers 25 NKtest K= 0 
N. of iterations  12, Fitness 0.904104 
Explorers 25 NKtest K= 1 
N. of iterations 832, Fitness 0.912225 
Explorers 25 NKtest K= 2 
N. of iterations 129, Fitness 0.914602 
Explorers 25 NKtest K= 3 
N. of iterations 394, Fitness 0.928064 
Explorers 25 NKtest K= 4 
N. of iterations 622, Fitness 0.929634 
Explorers 25 NKtest K= 5 
N. of iterations 286, Fitness 0.931422 
Explorers 25 NKtest K= 6 
N. of iterations 807, Fitness 0.931231 
Explorers 25 NKtest K= 7 
N. of iterations 448, Fitness 0.930758 
Explorers 25 NKtest K= 8 
N. of iterations 674, Fitness 0.930441 
Explorers 25 NKtest K= 9 
N. of iterations 377, Fitness 0.924914 
Explorers 25 NKtest K=10 
N. of iterations 1097, Fitness 0.917004 
Explorers 25 NKtest K=11 
N. of iterations 1148, Fitness 0.908211 
Explorers 25 NKtest K=12 
N. of iterations 2092, Fitness 0.903209 
Explorers 25 NKtest K=13 
N. of iterations 573, Fitness 0.895020 
Explorers 25 NKtest K=14 
N. of iterations 798, Fitness 0.887666 
Explorers 25 NKtest K=15 
N. of iterations 789, Fitness 0.878281 
Explorers 50 NKtest K= 0 
N. of iterations  14, Fitness 0.904442 
Explorers 50 NKtest K= 1 
N. of iterations  22, Fitness 0.908400 
Explorers 50 NKtest K= 2 
N. of iterations 1990, Fitness 0.917540 
Explorers 50 NKtest K= 3 
N. of iterations 136, Fitness 0.922587 
Explorers 50 NKtest K= 4 
N. of iterations 483, Fitness 0.929113 
Explorers 50 NKtest K= 5 
N. of iterations 248, Fitness 0.931742 
Explorers 50 NKtest K= 6 
N. of iterations 607, Fitness 0.939021 
Explorers 50 NKtest K= 7 
N. of iterations 787, Fitness 0.938443 
Explorers 50 NKtest K= 8 
N. of iterations 1065, Fitness 0.930712 
Explorers 50 NKtest K= 9 
N. of iterations 1390, Fitness 0.926967 
Explorers 50 NKtest K=10 
N. of iterations 464, Fitness 0.922764 
Explorers 50 NKtest K=11 
N. of iterations 904, Fitness 0.914858 
Explorers 50 NKtest K=12 
N. of iterations 976, Fitness 0.907444 
Explorers 50 NKtest K=13 
N. of iterations 2345, Fitness 0.893815 
Explorers 50 NKtest K=14 
N. of iterations 648, Fitness 0.889356 
Explorers 50 NKtest K=15 
N. of iterations 1795, Fitness 0.879772 
Explorers 100 NKtest K= 0 
N. of iterations  11, Fitness 0.900981 
Explorers 100 NKtest K= 1 
N. of iterations  93, Fitness 0.913406 
Explorers 100 NKtest K= 2 
N. of iterations 568, Fitness 0.916046 
Explorers 100 NKtest K= 3 
N. of iterations 239, Fitness 0.925408 
Explorers 100 NKtest K= 4 
N. of iterations 425, Fitness 0.929315 
Explorers 100 NKtest K= 5 
N. of iterations 532, Fitness 0.937020 
Explorers 100 NKtest K= 6 
N. of iterations 462, Fitness 0.931502 
Explorers 100 NKtest K= 7 
N. of iterations 1491, Fitness 0.939776 
Explorers 100 NKtest K= 8 
N. of iterations 808, Fitness 0.933904 
Explorers 100 NKtest K= 9 
N. of iterations 805, Fitness 0.929232 
Explorers 100 NKtest K=10 
N. of iterations 2276, Fitness 0.921811 
Explorers 100 NKtest K=11 
N. of iterations 1074, Fitness 0.917563 
Explorers 100 NKtest K=12 
N. of iterations 1468, Fitness 0.908491 
Explorers 100 NKtest K=13 
N. of iterations 1616, Fitness 0.897493 
Explorers 100 NKtest K=14 
N. of iterations 978, Fitness 0.883857 
Explorers 100 NKtest K=15 
N. of iterations 1804, Fitness 0.877950 
