nohup: ignoring input
Explorers  0 NKtest K= 0 
N. of iterations  11, Fitness 0.906680 
Explorers  0 NKtest K= 1 
N. of iterations  11, Fitness 0.889496 
Explorers  0 NKtest K= 2 
N. of iterations  10, Fitness 0.877660 
Explorers  0 NKtest K= 3 
N. of iterations  10, Fitness 0.858253 
Explorers  0 NKtest K= 4 
N. of iterations   9, Fitness 0.847620 
Explorers  0 NKtest K= 5 
N. of iterations  11, Fitness 0.833472 
Explorers  0 NKtest K= 6 
N. of iterations  10, Fitness 0.824587 
Explorers  0 NKtest K= 7 
N. of iterations   8, Fitness 0.814685 
Explorers  0 NKtest K= 8 
N. of iterations   7, Fitness 0.806380 
Explorers  0 NKtest K= 9 
N. of iterations   6, Fitness 0.794737 
Explorers  0 NKtest K=10 
N. of iterations   7, Fitness 0.789076 
Explorers  0 NKtest K=11 
N. of iterations   6, Fitness 0.778579 
Explorers  0 NKtest K=12 
N. of iterations   6, Fitness 0.772693 
Explorers  0 NKtest K=13 
N. of iterations   5, Fitness 0.762900 
Explorers  0 NKtest K=14 
N. of iterations   5, Fitness 0.758022 
Explorers  0 NKtest K=15 
N. of iterations   7, Fitness 0.749455 
Explorers  5 NKtest K= 0 
N. of iterations  13, Fitness 0.904529 
Explorers  5 NKtest K= 1 
N. of iterations 134, Fitness 0.911857 
Explorers  5 NKtest K= 2 
N. of iterations 117, Fitness 0.920223 
Explorers  5 NKtest K= 3 
N. of iterations 107, Fitness 0.922193 
Explorers  5 NKtest K= 4 
N. of iterations  55, Fitness 0.924374 
Explorers  5 NKtest K= 5 
N. of iterations 122, Fitness 0.919002 
Explorers  5 NKtest K= 6 
N. of iterations 175, Fitness 0.919917 
Explorers  5 NKtest K= 7 
N. of iterations  79, Fitness 0.910317 
Explorers  5 NKtest K= 8 
N. of iterations 1267, Fitness 0.906055 
Explorers  5 NKtest K= 9 
N. of iterations 147, Fitness 0.898020 
Explorers  5 NKtest K=10 
N. of iterations 110, Fitness 0.890930 
Explorers  5 NKtest K=11 
N. of iterations  77, Fitness 0.883915 
Explorers  5 NKtest K=12 
N. of iterations  36, Fitness 0.873328 
Explorers  5 NKtest K=13 
N. of iterations  79, Fitness 0.866614 
Explorers  5 NKtest K=14 
N. of iterations 1113, Fitness 0.860543 
Explorers  5 NKtest K=15 
N. of iterations 252, Fitness 0.852404 
Explorers 10 NKtest K= 0 
N. of iterations  13, Fitness 0.901719 
Explorers 10 NKtest K= 1 
N. of iterations  67, Fitness 0.914223 
Explorers 10 NKtest K= 2 
N. of iterations  74, Fitness 0.920293 
Explorers 10 NKtest K= 3 
N. of iterations  74, Fitness 0.921583 
Explorers 10 NKtest K= 4 
N. of iterations 354, Fitness 0.931015 
Explorers 10 NKtest K= 5 
N. of iterations  82, Fitness 0.927026 
Explorers 10 NKtest K= 6 
N. of iterations 241, Fitness 0.925884 
Explorers 10 NKtest K= 7 
N. of iterations 371, Fitness 0.926638 
Explorers 10 NKtest K= 8 
N. of iterations 241, Fitness 0.920621 
Explorers 10 NKtest K= 9 
N. of iterations 241, Fitness 0.915373 
Explorers 10 NKtest K=10 
N. of iterations 322, Fitness 0.905315 
Explorers 10 NKtest K=11 
N. of iterations 144, Fitness 0.898175 
Explorers 10 NKtest K=12 
N. of iterations  86, Fitness 0.888918 
Explorers 10 NKtest K=13 
N. of iterations  85, Fitness 0.882951 
Explorers 10 NKtest K=14 
N. of iterations 781, Fitness 0.875810 
Explorers 10 NKtest K=15 
N. of iterations 197, Fitness 0.866574 
Explorers 25 NKtest K= 0 
N. of iterations  11, Fitness 0.900735 
Explorers 25 NKtest K= 1 
N. of iterations  29, Fitness 0.921604 
Explorers 25 NKtest K= 2 
N. of iterations  29, Fitness 0.920914 
Explorers 25 NKtest K= 3 
N. of iterations 193, Fitness 0.927960 
Explorers 25 NKtest K= 4 
N. of iterations 477, Fitness 0.924131 
Explorers 25 NKtest K= 5 
N. of iterations 443, Fitness 0.932509 
Explorers 25 NKtest K= 6 
N. of iterations 309, Fitness 0.936878 
Explorers 25 NKtest K= 7 
N. of iterations 333, Fitness 0.932499 
Explorers 25 NKtest K= 8 
N. of iterations 379, Fitness 0.932012 
Explorers 25 NKtest K= 9 
N. of iterations 568, Fitness 0.927136 
Explorers 25 NKtest K=10 
N. of iterations 862, Fitness 0.919555 
Explorers 25 NKtest K=11 
N. of iterations 773, Fitness 0.911372 
Explorers 25 NKtest K=12 
N. of iterations 920, Fitness 0.903168 
Explorers 25 NKtest K=13 
N. of iterations 327, Fitness 0.896467 
Explorers 25 NKtest K=14 
N. of iterations 364, Fitness 0.890131 
Explorers 25 NKtest K=15 
N. of iterations 664, Fitness 0.880102 
Explorers 50 NKtest K= 0 
N. of iterations  11, Fitness 0.905268 
Explorers 50 NKtest K= 1 
N. of iterations  39, Fitness 0.915885 
Explorers 50 NKtest K= 2 
N. of iterations 593, Fitness 0.921903 
Explorers 50 NKtest K= 3 
N. of iterations 276, Fitness 0.925311 
Explorers 50 NKtest K= 4 
N. of iterations 468, Fitness 0.932507 
Explorers 50 NKtest K= 5 
N. of iterations 310, Fitness 0.934268 
Explorers 50 NKtest K= 6 
N. of iterations 440, Fitness 0.934711 
Explorers 50 NKtest K= 7 
N. of iterations 477, Fitness 0.934989 
Explorers 50 NKtest K= 8 
N. of iterations 821, Fitness 0.936076 
Explorers 50 NKtest K= 9 
N. of iterations 560, Fitness 0.931565 
Explorers 50 NKtest K=10 
N. of iterations 1296, Fitness 0.922066 
Explorers 50 NKtest K=11 
N. of iterations 568, Fitness 0.917925 
Explorers 50 NKtest K=12 
N. of iterations 1185, Fitness 0.911690 
Explorers 50 NKtest K=13 
N. of iterations 467, Fitness 0.899536 
Explorers 50 NKtest K=14 
N. of iterations 1284, Fitness 0.890194 
Explorers 50 NKtest K=15 
N. of iterations 940, Fitness 0.884402 
Explorers 100 NKtest K= 0 
N. of iterations  13, Fitness 0.903937 
Explorers 100 NKtest K= 1 
N. of iterations 128, Fitness 0.914279 
Explorers 100 NKtest K= 2 
N. of iterations 103, Fitness 0.916634 
Explorers 100 NKtest K= 3 
N. of iterations  84, Fitness 0.925158 
Explorers 100 NKtest K= 4 
N. of iterations  70, Fitness 0.931194 
Explorers 100 NKtest K= 5 
N. of iterations 215, Fitness 0.931705 
Explorers 100 NKtest K= 6 
N. of iterations 460, Fitness 0.937825 
Explorers 100 NKtest K= 7 
N. of iterations 404, Fitness 0.940686 
Explorers 100 NKtest K= 8 
N. of iterations 442, Fitness 0.934222 
Explorers 100 NKtest K= 9 
N. of iterations 351, Fitness 0.932521 
Explorers 100 NKtest K=10 
N. of iterations 1124, Fitness 0.924645 
Explorers 100 NKtest K=11 
N. of iterations 575, Fitness 0.920504 
Explorers 100 NKtest K=12 
N. of iterations 1011, Fitness 0.910043 
Explorers 100 NKtest K=13 
N. of iterations 767, Fitness 0.897534 
Explorers 100 NKtest K=14 
N. of iterations 256, Fitness 0.889082 
Explorers 100 NKtest K=15 
N. of iterations 1149, Fitness 0.879619 
