nohup: ignoring input
Explorers  0 NKtest K= 0 
N. of iterations  12, Fitness 0.904595 
Explorers  0 NKtest K= 1 
N. of iterations  13, Fitness 0.898091 
Explorers  0 NKtest K= 2 
N. of iterations  11, Fitness 0.873592 
Explorers  0 NKtest K= 3 
N. of iterations  12, Fitness 0.859527 
Explorers  0 NKtest K= 4 
N. of iterations   8, Fitness 0.845707 
Explorers  0 NKtest K= 5 
N. of iterations   9, Fitness 0.833778 
Explorers  0 NKtest K= 6 
N. of iterations   8, Fitness 0.826978 
Explorers  0 NKtest K= 7 
N. of iterations   9, Fitness 0.815454 
Explorers  0 NKtest K= 8 
N. of iterations   9, Fitness 0.806383 
Explorers  0 NKtest K= 9 
N. of iterations   6, Fitness 0.796364 
Explorers  0 NKtest K=10 
N. of iterations   8, Fitness 0.786456 
Explorers  0 NKtest K=11 
N. of iterations   6, Fitness 0.780034 
Explorers  0 NKtest K=12 
N. of iterations   7, Fitness 0.772466 
Explorers  0 NKtest K=13 
N. of iterations   6, Fitness 0.763029 
Explorers  0 NKtest K=14 
N. of iterations   7, Fitness 0.755829 
Explorers  0 NKtest K=15 
N. of iterations   5, Fitness 0.749223 
Explorers  5 NKtest K= 0 
N. of iterations  12, Fitness 0.902944 
Explorers  5 NKtest K= 1 
N. of iterations  80, Fitness 0.910851 
Explorers  5 NKtest K= 2 
N. of iterations  58, Fitness 0.916546 
Explorers  5 NKtest K= 3 
N. of iterations  44, Fitness 0.918703 
Explorers  5 NKtest K= 4 
N. of iterations 109, Fitness 0.923664 
Explorers  5 NKtest K= 5 
N. of iterations 100, Fitness 0.921685 
Explorers  5 NKtest K= 6 
N. of iterations 113, Fitness 0.917023 
Explorers  5 NKtest K= 7 
N. of iterations 441, Fitness 0.914675 
Explorers  5 NKtest K= 8 
N. of iterations 597, Fitness 0.907762 
Explorers  5 NKtest K= 9 
N. of iterations  32, Fitness 0.900716 
Explorers  5 NKtest K=10 
N. of iterations 786, Fitness 0.891459 
Explorers  5 NKtest K=11 
N. of iterations  75, Fitness 0.882335 
Explorers  5 NKtest K=12 
N. of iterations  50, Fitness 0.873550 
Explorers  5 NKtest K=13 
N. of iterations 161, Fitness 0.868064 
Explorers  5 NKtest K=14 
N. of iterations 169, Fitness 0.858931 
Explorers  5 NKtest K=15 
N. of iterations 333, Fitness 0.851762 
Explorers 10 NKtest K= 0 
N. of iterations  13, Fitness 0.904733 
Explorers 10 NKtest K= 1 
N. of iterations  37, Fitness 0.913358 
Explorers 10 NKtest K= 2 
N. of iterations 412, Fitness 0.917672 
Explorers 10 NKtest K= 3 
N. of iterations  73, Fitness 0.924967 
Explorers 10 NKtest K= 4 
N. of iterations 358, Fitness 0.925980 
Explorers 10 NKtest K= 5 
N. of iterations 296, Fitness 0.931763 
Explorers 10 NKtest K= 6 
N. of iterations 333, Fitness 0.926667 
Explorers 10 NKtest K= 7 
N. of iterations 218, Fitness 0.929401 
Explorers 10 NKtest K= 8 
N. of iterations 221, Fitness 0.921319 
Explorers 10 NKtest K= 9 
N. of iterations 173, Fitness 0.913439 
Explorers 10 NKtest K=10 
N. of iterations 275, Fitness 0.903296 
Explorers 10 NKtest K=11 
N. of iterations 297, Fitness 0.901353 
Explorers 10 NKtest K=12 
N. of iterations  49, Fitness 0.892076 
Explorers 10 NKtest K=13 
N. of iterations 225, Fitness 0.882966 
Explorers 10 NKtest K=14 
N. of iterations 490, Fitness 0.876886 
Explorers 10 NKtest K=15 
N. of iterations 1148, Fitness 0.868928 
Explorers 25 NKtest K= 0 
N. of iterations  12, Fitness 0.907228 
Explorers 25 NKtest K= 1 
N. of iterations  12, Fitness 0.914140 
Explorers 25 NKtest K= 2 
N. of iterations 387, Fitness 0.917259 
Explorers 25 NKtest K= 3 
N. of iterations 348, Fitness 0.925385 
Explorers 25 NKtest K= 4 
N. of iterations 236, Fitness 0.932831 
Explorers 25 NKtest K= 5 
N. of iterations 216, Fitness 0.932037 
Explorers 25 NKtest K= 6 
N. of iterations 332, Fitness 0.935345 
Explorers 25 NKtest K= 7 
N. of iterations 325, Fitness 0.934552 
Explorers 25 NKtest K= 8 
N. of iterations 239, Fitness 0.929025 
Explorers 25 NKtest K= 9 
N. of iterations 502, Fitness 0.927726 
Explorers 25 NKtest K=10 
N. of iterations 1146, Fitness 0.919125 
Explorers 25 NKtest K=11 
N. of iterations 766, Fitness 0.913608 
Explorers 25 NKtest K=12 
N. of iterations 1293, Fitness 0.903902 
Explorers 25 NKtest K=13 
N. of iterations 489, Fitness 0.893635 
Explorers 25 NKtest K=14 
N. of iterations 143, Fitness 0.887437 
Explorers 25 NKtest K=15 
N. of iterations 1059, Fitness 0.879217 
Explorers 50 NKtest K= 0 
N. of iterations  11, Fitness 0.913689 
Explorers 50 NKtest K= 1 
N. of iterations  12, Fitness 0.904977 
Explorers 50 NKtest K= 2 
N. of iterations  73, Fitness 0.913806 
Explorers 50 NKtest K= 3 
N. of iterations 181, Fitness 0.925257 
Explorers 50 NKtest K= 4 
N. of iterations 136, Fitness 0.930995 
Explorers 50 NKtest K= 5 
N. of iterations 497, Fitness 0.934375 
Explorers 50 NKtest K= 6 
N. of iterations 126, Fitness 0.937173 
Explorers 50 NKtest K= 7 
N. of iterations 556, Fitness 0.936935 
Explorers 50 NKtest K= 8 
N. of iterations 404, Fitness 0.938907 
Explorers 50 NKtest K= 9 
N. of iterations 346, Fitness 0.930184 
Explorers 50 NKtest K=10 
N. of iterations 461, Fitness 0.924114 
Explorers 50 NKtest K=11 
N. of iterations 515, Fitness 0.914866 
Explorers 50 NKtest K=12 
N. of iterations 726, Fitness 0.906842 
Explorers 50 NKtest K=13 
N. of iterations 464, Fitness 0.899484 
Explorers 50 NKtest K=14 
N. of iterations 399, Fitness 0.890466 
Explorers 50 NKtest K=15 
N. of iterations 465, Fitness 0.880911 
Explorers 100 NKtest K= 0 
N. of iterations  11, Fitness 0.911918 
Explorers 100 NKtest K= 1 
N. of iterations 127, Fitness 0.909139 
Explorers 100 NKtest K= 2 
N. of iterations  95, Fitness 0.918423 
Explorers 100 NKtest K= 3 
N. of iterations 389, Fitness 0.925463 
Explorers 100 NKtest K= 4 
N. of iterations 137, Fitness 0.932596 
Explorers 100 NKtest K= 5 
N. of iterations 233, Fitness 0.938135 
Explorers 100 NKtest K= 6 
N. of iterations 320, Fitness 0.936055 
Explorers 100 NKtest K= 7 
N. of iterations 509, Fitness 0.938126 
Explorers 100 NKtest K= 8 
N. of iterations 679, Fitness 0.934773 
Explorers 100 NKtest K= 9 
N. of iterations 1352, Fitness 0.932189 
Explorers 100 NKtest K=10 
N. of iterations 436, Fitness 0.924353 
Explorers 100 NKtest K=11 
N. of iterations 1175, Fitness 0.916552 
Explorers 100 NKtest K=12 
N. of iterations 1074, Fitness 0.904940 
Explorers 100 NKtest K=13 
N. of iterations 940, Fitness 0.899711 
Explorers 100 NKtest K=14 
N. of iterations 1258, Fitness 0.887513 
Explorers 100 NKtest K=15 
N. of iterations 917, Fitness 0.877542 
