nohup: ignoring input
Explorers -1 NKtest K= 0 
N. of iterations  13, Fitness 1.000000 
Explorers -1 NKtest K= 1 
N. of iterations  13, Fitness 0.968021 
Explorers -1 NKtest K= 2 
N. of iterations  12, Fitness 0.930773 
Explorers -1 NKtest K= 3 
N. of iterations  14, Fitness 0.902084 
Explorers -1 NKtest K= 4 
N. of iterations   9, Fitness 0.881362 
Explorers -1 NKtest K= 5 
N. of iterations   8, Fitness 0.866374 
Explorers -1 NKtest K= 6 
N. of iterations   9, Fitness 0.852344 
Explorers -1 NKtest K= 7 
N. of iterations   9, Fitness 0.838216 
Explorers -1 NKtest K= 8 
N. of iterations   7, Fitness 0.827470 
Explorers -1 NKtest K= 9 
N. of iterations  10, Fitness 0.816797 
Explorers -1 NKtest K=10 
N. of iterations   7, Fitness 0.803728 
Explorers -1 NKtest K=11 
N. of iterations   6, Fitness 0.795198 
Explorers -1 NKtest K=12 
N. of iterations   6, Fitness 0.787118 
Explorers -1 NKtest K=13 
N. of iterations   7, Fitness 0.778079 
Explorers -1 NKtest K=14 
N. of iterations   6, Fitness 0.768204 
Explorers -1 NKtest K=15 
N. of iterations   6, Fitness 0.759378 
Explorers  0 NKtest K= 0 
N. of iterations  10, Fitness 0.809525 
Explorers  0 NKtest K= 1 
N. of iterations  10, Fitness 0.812605 
Explorers  0 NKtest K= 2 
N. of iterations   9, Fitness 0.809873 
Explorers  0 NKtest K= 3 
N. of iterations  11, Fitness 0.802593 
Explorers  0 NKtest K= 4 
N. of iterations   8, Fitness 0.797514 
Explorers  0 NKtest K= 5 
N. of iterations  10, Fitness 0.790431 
Explorers  0 NKtest K= 6 
N. of iterations   9, Fitness 0.784497 
Explorers  0 NKtest K= 7 
N. of iterations   6, Fitness 0.782850 
Explorers  0 NKtest K= 8 
N. of iterations   8, Fitness 0.775800 
Explorers  0 NKtest K= 9 
N. of iterations   7, Fitness 0.768512 
Explorers  0 NKtest K=10 
N. of iterations   7, Fitness 0.766556 
Explorers  0 NKtest K=11 
N. of iterations   6, Fitness 0.759152 
Explorers  0 NKtest K=12 
N. of iterations   5, Fitness 0.754111 
Explorers  0 NKtest K=13 
N. of iterations   6, Fitness 0.745179 
Explorers  0 NKtest K=14 
N. of iterations   5, Fitness 0.738095 
Explorers  0 NKtest K=15 
N. of iterations   5, Fitness 0.734732 
Explorers  5 NKtest K= 0 
N. of iterations  10, Fitness 0.779641 
Explorers  5 NKtest K= 1 
N. of iterations  11, Fitness 0.779196 
Explorers  5 NKtest K= 2 
N. of iterations  26, Fitness 0.769883 
Explorers  5 NKtest K= 3 
N. of iterations  15, Fitness 0.760263 
Explorers  5 NKtest K= 4 
N. of iterations  35, Fitness 0.753136 
Explorers  5 NKtest K= 5 
N. of iterations  38, Fitness 0.748460 
Explorers  5 NKtest K= 6 
N. of iterations  20, Fitness 0.741171 
Explorers  5 NKtest K= 7 
N. of iterations  49, Fitness 0.736798 
Explorers  5 NKtest K= 8 
N. of iterations  10, Fitness 0.735592 
Explorers  5 NKtest K= 9 
N. of iterations  27, Fitness 0.727693 
Explorers  5 NKtest K=10 
N. of iterations  33, Fitness 0.719257 
Explorers  5 NKtest K=11 
N. of iterations  31, Fitness 0.717127 
Explorers  5 NKtest K=12 
N. of iterations  38, Fitness 0.712236 
Explorers  5 NKtest K=13 
N. of iterations  28, Fitness 0.707111 
Explorers  5 NKtest K=14 
N. of iterations  24, Fitness 0.702007 
Explorers  5 NKtest K=15 
N. of iterations  25, Fitness 0.700483 
Explorers 10 NKtest K= 0 
N. of iterations   9, Fitness 0.781171 
Explorers 10 NKtest K= 1 
N. of iterations   9, Fitness 0.771245 
Explorers 10 NKtest K= 2 
N. of iterations  30, Fitness 0.769228 
Explorers 10 NKtest K= 3 
N. of iterations  27, Fitness 0.761485 
Explorers 10 NKtest K= 4 
N. of iterations  25, Fitness 0.748786 
Explorers 10 NKtest K= 5 
N. of iterations  22, Fitness 0.745091 
Explorers 10 NKtest K= 6 
N. of iterations  34, Fitness 0.739084 
Explorers 10 NKtest K= 7 
N. of iterations  24, Fitness 0.727928 
Explorers 10 NKtest K= 8 
N. of iterations  22, Fitness 0.719338 
Explorers 10 NKtest K= 9 
N. of iterations  35, Fitness 0.716384 
Explorers 10 NKtest K=10 
N. of iterations  27, Fitness 0.710579 
Explorers 10 NKtest K=11 
N. of iterations  22, Fitness 0.705665 
Explorers 10 NKtest K=12 
N. of iterations  30, Fitness 0.696822 
Explorers 10 NKtest K=13 
N. of iterations  31, Fitness 0.695263 
Explorers 10 NKtest K=14 
N. of iterations  38, Fitness 0.690252 
Explorers 10 NKtest K=15 
N. of iterations  22, Fitness 0.683671 
Explorers 25 NKtest K= 0 
N. of iterations   9, Fitness 0.782478 
Explorers 25 NKtest K= 1 
N. of iterations  16, Fitness 0.777169 
Explorers 25 NKtest K= 2 
N. of iterations  21, Fitness 0.765716 
Explorers 25 NKtest K= 3 
N. of iterations  27, Fitness 0.758556 
Explorers 25 NKtest K= 4 
N. of iterations  27, Fitness 0.751355 
Explorers 25 NKtest K= 5 
N. of iterations  22, Fitness 0.741047 
Explorers 25 NKtest K= 6 
N. of iterations  28, Fitness 0.733383 
Explorers 25 NKtest K= 7 
N. of iterations  30, Fitness 0.723622 
Explorers 25 NKtest K= 8 
N. of iterations  34, Fitness 0.717069 
Explorers 25 NKtest K= 9 
N. of iterations  29, Fitness 0.707990 
Explorers 25 NKtest K=10 
N. of iterations  26, Fitness 0.701836 
Explorers 25 NKtest K=11 
N. of iterations  21, Fitness 0.692303 
Explorers 25 NKtest K=12 
N. of iterations  51, Fitness 0.685651 
Explorers 25 NKtest K=13 
N. of iterations  50, Fitness 0.678865 
Explorers 25 NKtest K=14 
N. of iterations  22, Fitness 0.672620 
Explorers 25 NKtest K=15 
N. of iterations  54, Fitness 0.668524 
Explorers 50 NKtest K= 0 
N. of iterations   9, Fitness 0.782592 
Explorers 50 NKtest K= 1 
N. of iterations  10, Fitness 0.775721 
Explorers 50 NKtest K= 2 
N. of iterations  18, Fitness 0.764951 
Explorers 50 NKtest K= 3 
N. of iterations  16, Fitness 0.757809 
Explorers 50 NKtest K= 4 
N. of iterations  21, Fitness 0.752250 
Explorers 50 NKtest K= 5 
N. of iterations  31, Fitness 0.743730 
Explorers 50 NKtest K= 6 
N. of iterations  25, Fitness 0.731723 
Explorers 50 NKtest K= 7 
N. of iterations  28, Fitness 0.725054 
Explorers 50 NKtest K= 8 
N. of iterations  26, Fitness 0.711271 
Explorers 50 NKtest K= 9 
N. of iterations  40, Fitness 0.704865 
Explorers 50 NKtest K=10 
N. of iterations  48, Fitness 0.696703 
Explorers 50 NKtest K=11 
N. of iterations  33, Fitness 0.690617 
Explorers 50 NKtest K=12 
N. of iterations  34, Fitness 0.681125 
Explorers 50 NKtest K=13 
N. of iterations  32, Fitness 0.671346 
Explorers 50 NKtest K=14 
N. of iterations  37, Fitness 0.664034 
Explorers 50 NKtest K=15 
N. of iterations  33, Fitness 0.660369 
Explorers 100 NKtest K= 0 
N. of iterations   9, Fitness 0.776558 
Explorers 100 NKtest K= 1 
N. of iterations  18, Fitness 0.777949 
Explorers 100 NKtest K= 2 
N. of iterations  19, Fitness 0.766327 
Explorers 100 NKtest K= 3 
N. of iterations  16, Fitness 0.759869 
Explorers 100 NKtest K= 4 
N. of iterations  32, Fitness 0.750691 
Explorers 100 NKtest K= 5 
N. of iterations  28, Fitness 0.742495 
Explorers 100 NKtest K= 6 
N. of iterations  27, Fitness 0.730782 
Explorers 100 NKtest K= 7 
N. of iterations  28, Fitness 0.723217 
Explorers 100 NKtest K= 8 
N. of iterations  27, Fitness 0.714680 
Explorers 100 NKtest K= 9 
N. of iterations  32, Fitness 0.705340 
Explorers 100 NKtest K=10 
N. of iterations  42, Fitness 0.696694 
Explorers 100 NKtest K=11 
N. of iterations  24, Fitness 0.687691 
Explorers 100 NKtest K=12 
N. of iterations  35, Fitness 0.678682 
Explorers 100 NKtest K=13 
N. of iterations  41, Fitness 0.669900 
Explorers 100 NKtest K=14 
N. of iterations  26, Fitness 0.663032 
Explorers 100 NKtest K=15 
N. of iterations  33, Fitness 0.655727 
