nohup: ignoring input
Explorers -1 NKtest K= 0 
N. of iterations  14, Fitness 1.000000 
Explorers -1 NKtest K= 1 
N. of iterations  13, Fitness 0.965975 
Explorers -1 NKtest K= 2 
N. of iterations  13, Fitness 0.931754 
Explorers -1 NKtest K= 3 
N. of iterations  12, Fitness 0.902524 
Explorers -1 NKtest K= 4 
N. of iterations  11, Fitness 0.881460 
Explorers -1 NKtest K= 5 
N. of iterations  10, Fitness 0.865772 
Explorers -1 NKtest K= 6 
N. of iterations  10, Fitness 0.851515 
Explorers -1 NKtest K= 7 
N. of iterations   8, Fitness 0.838428 
Explorers -1 NKtest K= 8 
N. of iterations   6, Fitness 0.829174 
Explorers -1 NKtest K= 9 
N. of iterations   7, Fitness 0.816240 
Explorers -1 NKtest K=10 
N. of iterations   7, Fitness 0.806673 
Explorers -1 NKtest K=11 
N. of iterations   7, Fitness 0.795047 
Explorers -1 NKtest K=12 
N. of iterations   6, Fitness 0.787781 
Explorers -1 NKtest K=13 
N. of iterations   5, Fitness 0.777087 
Explorers -1 NKtest K=14 
N. of iterations   6, Fitness 0.767868 
Explorers -1 NKtest K=15 
N. of iterations   5, Fitness 0.760021 
Explorers  0 NKtest K= 0 
N. of iterations  10, Fitness 0.843650 
Explorers  0 NKtest K= 1 
N. of iterations   9, Fitness 0.840321 
Explorers  0 NKtest K= 2 
N. of iterations   8, Fitness 0.825832 
Explorers  0 NKtest K= 3 
N. of iterations   9, Fitness 0.825673 
Explorers  0 NKtest K= 4 
N. of iterations   9, Fitness 0.814415 
Explorers  0 NKtest K= 5 
N. of iterations  10, Fitness 0.806578 
Explorers  0 NKtest K= 6 
N. of iterations   7, Fitness 0.801072 
Explorers  0 NKtest K= 7 
N. of iterations   7, Fitness 0.795822 
Explorers  0 NKtest K= 8 
N. of iterations   7, Fitness 0.786186 
Explorers  0 NKtest K= 9 
N. of iterations   7, Fitness 0.779292 
Explorers  0 NKtest K=10 
N. of iterations   8, Fitness 0.775730 
Explorers  0 NKtest K=11 
N. of iterations   7, Fitness 0.768029 
Explorers  0 NKtest K=12 
N. of iterations   6, Fitness 0.758987 
Explorers  0 NKtest K=13 
N. of iterations   7, Fitness 0.750789 
Explorers  0 NKtest K=14 
N. of iterations   5, Fitness 0.745924 
Explorers  0 NKtest K=15 
N. of iterations   5, Fitness 0.740572 
Explorers  5 NKtest K= 0 
N. of iterations  10, Fitness 0.843272 
Explorers  5 NKtest K= 1 
N. of iterations 161, Fitness 0.844295 
Explorers  5 NKtest K= 2 
N. of iterations 161, Fitness 0.867353 
Explorers  5 NKtest K= 3 
N. of iterations 109, Fitness 0.868515 
Explorers  5 NKtest K= 4 
N. of iterations 120, Fitness 0.871777 
Explorers  5 NKtest K= 5 
N. of iterations 285, Fitness 0.882168 
Explorers  5 NKtest K= 6 
N. of iterations 172, Fitness 0.882304 
Explorers  5 NKtest K= 7 
N. of iterations 174, Fitness 0.881610 
Explorers  5 NKtest K= 8 
N. of iterations 666, Fitness 0.878746 
Explorers  5 NKtest K= 9 
N. of iterations 336, Fitness 0.877949 
Explorers  5 NKtest K=10 
N. of iterations 170, Fitness 0.870803 
Explorers  5 NKtest K=11 
N. of iterations 173, Fitness 0.869543 
Explorers  5 NKtest K=12 
N. of iterations  71, Fitness 0.862967 
Explorers  5 NKtest K=13 
N. of iterations 659, Fitness 0.854808 
Explorers  5 NKtest K=14 
N. of iterations 210, Fitness 0.851629 
Explorers  5 NKtest K=15 
N. of iterations 254, Fitness 0.841137 
Explorers 10 NKtest K= 0 
N. of iterations  10, Fitness 0.840481 
Explorers 10 NKtest K= 1 
N. of iterations  51, Fitness 0.849410 
Explorers 10 NKtest K= 2 
N. of iterations  38, Fitness 0.856856 
Explorers 10 NKtest K= 3 
N. of iterations 206, Fitness 0.873504 
Explorers 10 NKtest K= 4 
N. of iterations 328, Fitness 0.873458 
Explorers 10 NKtest K= 5 
N. of iterations  84, Fitness 0.887528 
Explorers 10 NKtest K= 6 
N. of iterations 706, Fitness 0.891552 
Explorers 10 NKtest K= 7 
N. of iterations 583, Fitness 0.891478 
Explorers 10 NKtest K= 8 
N. of iterations 105, Fitness 0.891099 
Explorers 10 NKtest K= 9 
N. of iterations 110, Fitness 0.889018 
Explorers 10 NKtest K=10 
N. of iterations 268, Fitness 0.885216 
Explorers 10 NKtest K=11 
N. of iterations  82, Fitness 0.882012 
Explorers 10 NKtest K=12 
N. of iterations 432, Fitness 0.878026 
Explorers 10 NKtest K=13 
N. of iterations 266, Fitness 0.870923 
Explorers 10 NKtest K=14 
N. of iterations 617, Fitness 0.865958 
Explorers 10 NKtest K=15 
N. of iterations 448, Fitness 0.857772 
Explorers 25 NKtest K= 0 
N. of iterations  10, Fitness 0.836061 
Explorers 25 NKtest K= 1 
N. of iterations  11, Fitness 0.855361 
Explorers 25 NKtest K= 2 
N. of iterations 397, Fitness 0.866615 
Explorers 25 NKtest K= 3 
N. of iterations 348, Fitness 0.876308 
Explorers 25 NKtest K= 4 
N. of iterations 183, Fitness 0.883252 
Explorers 25 NKtest K= 5 
N. of iterations 197, Fitness 0.886793 
Explorers 25 NKtest K= 6 
N. of iterations 189, Fitness 0.892603 
Explorers 25 NKtest K= 7 
N. of iterations 642, Fitness 0.897373 
Explorers 25 NKtest K= 8 
N. of iterations 702, Fitness 0.899818 
Explorers 25 NKtest K= 9 
N. of iterations 493, Fitness 0.897394 
Explorers 25 NKtest K=10 
N. of iterations 432, Fitness 0.895750 
Explorers 25 NKtest K=11 
N. of iterations 1002, Fitness 0.895009 
Explorers 25 NKtest K=12 
N. of iterations 211, Fitness 0.891538 
Explorers 25 NKtest K=13 
N. of iterations 794, Fitness 0.886605 
Explorers 25 NKtest K=14 
N. of iterations 178, Fitness 0.882838 
Explorers 25 NKtest K=15 
N. of iterations 651, Fitness 0.874553 
Explorers 50 NKtest K= 0 
N. of iterations  10, Fitness 0.846777 
Explorers 50 NKtest K= 1 
N. of iterations  11, Fitness 0.847187 
Explorers 50 NKtest K= 2 
N. of iterations  83, Fitness 0.857966 
Explorers 50 NKtest K= 3 
N. of iterations 575, Fitness 0.866597 
Explorers 50 NKtest K= 4 
N. of iterations 615, Fitness 0.880708 
Explorers 50 NKtest K= 5 
N. of iterations  60, Fitness 0.888963 
Explorers 50 NKtest K= 6 
N. of iterations 178, Fitness 0.894069 
Explorers 50 NKtest K= 7 
N. of iterations 1301, Fitness 0.898958 
Explorers 50 NKtest K= 8 
N. of iterations 634, Fitness 0.904208 
Explorers 50 NKtest K= 9 
N. of iterations 317, Fitness 0.899312 
Explorers 50 NKtest K=10 
N. of iterations 813, Fitness 0.902001 
Explorers 50 NKtest K=11 
N. of iterations 394, Fitness 0.898142 
Explorers 50 NKtest K=12 
N. of iterations 577, Fitness 0.896462 
Explorers 50 NKtest K=13 
N. of iterations 2133, Fitness 0.889906 
Explorers 50 NKtest K=14 
N. of iterations 391, Fitness 0.887334 
Explorers 50 NKtest K=15 
N. of iterations 2090, Fitness 0.883241 
Explorers 100 NKtest K= 0 
N. of iterations  11, Fitness 0.842928 
Explorers 100 NKtest K= 1 
N. of iterations  66, Fitness 0.853679 
Explorers 100 NKtest K= 2 
N. of iterations  11, Fitness 0.859887 
Explorers 100 NKtest K= 3 
N. of iterations 165, Fitness 0.870799 
Explorers 100 NKtest K= 4 
N. of iterations 323, Fitness 0.883429 
Explorers 100 NKtest K= 5 
N. of iterations 112, Fitness 0.889668 
Explorers 100 NKtest K= 6 
N. of iterations 144, Fitness 0.895539 
Explorers 100 NKtest K= 7 
N. of iterations 506, Fitness 0.899263 
Explorers 100 NKtest K= 8 
N. of iterations 914, Fitness 0.900697 
Explorers 100 NKtest K= 9 
N. of iterations 680, Fitness 0.899615 
Explorers 100 NKtest K=10 
N. of iterations 721, Fitness 0.903690 
Explorers 100 NKtest K=11 
N. of iterations 813, Fitness 0.901287 
Explorers 100 NKtest K=12 
N. of iterations 872, Fitness 0.896649 
Explorers 100 NKtest K=13 
N. of iterations 497, Fitness 0.897992 
Explorers 100 NKtest K=14 
N. of iterations 1308, Fitness 0.895915 
Explorers 100 NKtest K=15 
N. of iterations 1485, Fitness 0.892954 
