nohup: ignoring input
Explorers -1 NKtest K= 0 
N. of iterations  13, Fitness 1.000000 
Explorers -1 NKtest K= 1 
N. of iterations  12, Fitness 0.964295 
Explorers -1 NKtest K= 2 
N. of iterations  10, Fitness 0.931586 
Explorers -1 NKtest K= 3 
N. of iterations  11, Fitness 0.902502 
Explorers -1 NKtest K= 4 
N. of iterations  10, Fitness 0.881716 
Explorers -1 NKtest K= 5 
N. of iterations  11, Fitness 0.864355 
Explorers -1 NKtest K= 6 
N. of iterations   8, Fitness 0.851120 
Explorers -1 NKtest K= 7 
N. of iterations   9, Fitness 0.838461 
Explorers -1 NKtest K= 8 
N. of iterations   7, Fitness 0.826558 
Explorers -1 NKtest K= 9 
N. of iterations   7, Fitness 0.818291 
Explorers -1 NKtest K=10 
N. of iterations   6, Fitness 0.805246 
Explorers -1 NKtest K=11 
N. of iterations   6, Fitness 0.796251 
Explorers -1 NKtest K=12 
N. of iterations   8, Fitness 0.787451 
Explorers -1 NKtest K=13 
N. of iterations   6, Fitness 0.776223 
Explorers -1 NKtest K=14 
N. of iterations   5, Fitness 0.768445 
Explorers -1 NKtest K=15 
N. of iterations   6, Fitness 0.760942 
Explorers  0 NKtest K= 0 
N. of iterations  10, Fitness 0.845474 
Explorers  0 NKtest K= 1 
N. of iterations  10, Fitness 0.837300 
Explorers  0 NKtest K= 2 
N. of iterations  11, Fitness 0.824337 
Explorers  0 NKtest K= 3 
N. of iterations   9, Fitness 0.831729 
Explorers  0 NKtest K= 4 
N. of iterations   9, Fitness 0.813161 
Explorers  0 NKtest K= 5 
N. of iterations   7, Fitness 0.808281 
Explorers  0 NKtest K= 6 
N. of iterations   8, Fitness 0.800208 
Explorers  0 NKtest K= 7 
N. of iterations   8, Fitness 0.794890 
Explorers  0 NKtest K= 8 
N. of iterations   9, Fitness 0.786642 
Explorers  0 NKtest K= 9 
N. of iterations   6, Fitness 0.782043 
Explorers  0 NKtest K=10 
N. of iterations   7, Fitness 0.775174 
Explorers  0 NKtest K=11 
N. of iterations   6, Fitness 0.767880 
Explorers  0 NKtest K=12 
N. of iterations   6, Fitness 0.760615 
Explorers  0 NKtest K=13 
N. of iterations   7, Fitness 0.753630 
Explorers  0 NKtest K=14 
N. of iterations   6, Fitness 0.745754 
Explorers  0 NKtest K=15 
N. of iterations   6, Fitness 0.740756 
Explorers  5 NKtest K= 0 
N. of iterations  11, Fitness 0.840509 
Explorers  5 NKtest K= 1 
N. of iterations  43, Fitness 0.851255 
Explorers  5 NKtest K= 2 
N. of iterations  75, Fitness 0.854573 
Explorers  5 NKtest K= 3 
N. of iterations  61, Fitness 0.853599 
Explorers  5 NKtest K= 4 
N. of iterations  83, Fitness 0.857596 
Explorers  5 NKtest K= 5 
N. of iterations  81, Fitness 0.848281 
Explorers  5 NKtest K= 6 
N. of iterations  73, Fitness 0.854276 
Explorers  5 NKtest K= 7 
N. of iterations  72, Fitness 0.847326 
Explorers  5 NKtest K= 8 
N. of iterations  45, Fitness 0.835254 
Explorers  5 NKtest K= 9 
N. of iterations 123, Fitness 0.831391 
Explorers  5 NKtest K=10 
N. of iterations 120, Fitness 0.821598 
Explorers  5 NKtest K=11 
N. of iterations 112, Fitness 0.813635 
Explorers  5 NKtest K=12 
N. of iterations  69, Fitness 0.803250 
Explorers  5 NKtest K=13 
N. of iterations  79, Fitness 0.798810 
Explorers  5 NKtest K=14 
N. of iterations  85, Fitness 0.790602 
Explorers  5 NKtest K=15 
N. of iterations  40, Fitness 0.785356 
Explorers 10 NKtest K= 0 
N. of iterations  11, Fitness 0.839606 
Explorers 10 NKtest K= 1 
N. of iterations  78, Fitness 0.850532 
Explorers 10 NKtest K= 2 
N. of iterations  49, Fitness 0.852822 
Explorers 10 NKtest K= 3 
N. of iterations 129, Fitness 0.857017 
Explorers 10 NKtest K= 4 
N. of iterations 141, Fitness 0.853158 
Explorers 10 NKtest K= 5 
N. of iterations 102, Fitness 0.856553 
Explorers 10 NKtest K= 6 
N. of iterations  70, Fitness 0.849412 
Explorers 10 NKtest K= 7 
N. of iterations 144, Fitness 0.844228 
Explorers 10 NKtest K= 8 
N. of iterations  61, Fitness 0.833603 
Explorers 10 NKtest K= 9 
N. of iterations 150, Fitness 0.825269 
Explorers 10 NKtest K=10 
N. of iterations  53, Fitness 0.819513 
Explorers 10 NKtest K=11 
N. of iterations  79, Fitness 0.809257 
Explorers 10 NKtest K=12 
N. of iterations  96, Fitness 0.800078 
Explorers 10 NKtest K=13 
N. of iterations  78, Fitness 0.793102 
Explorers 10 NKtest K=14 
N. of iterations  80, Fitness 0.788085 
Explorers 10 NKtest K=15 
N. of iterations  81, Fitness 0.778884 
Explorers 25 NKtest K= 0 
N. of iterations  10, Fitness 0.850066 
Explorers 25 NKtest K= 1 
N. of iterations  46, Fitness 0.853141 
Explorers 25 NKtest K= 2 
N. of iterations  47, Fitness 0.848163 
Explorers 25 NKtest K= 3 
N. of iterations  66, Fitness 0.855485 
Explorers 25 NKtest K= 4 
N. of iterations  63, Fitness 0.862262 
Explorers 25 NKtest K= 5 
N. of iterations  77, Fitness 0.852392 
Explorers 25 NKtest K= 6 
N. of iterations  90, Fitness 0.849800 
Explorers 25 NKtest K= 7 
N. of iterations  91, Fitness 0.837737 
Explorers 25 NKtest K= 8 
N. of iterations 115, Fitness 0.832834 
Explorers 25 NKtest K= 9 
N. of iterations  79, Fitness 0.822018 
Explorers 25 NKtest K=10 
N. of iterations 105, Fitness 0.810492 
Explorers 25 NKtest K=11 
N. of iterations  80, Fitness 0.802762 
Explorers 25 NKtest K=12 
N. of iterations  97, Fitness 0.793794 
Explorers 25 NKtest K=13 
N. of iterations  59, Fitness 0.783186 
Explorers 25 NKtest K=14 
N. of iterations  66, Fitness 0.776909 
Explorers 25 NKtest K=15 
N. of iterations  63, Fitness 0.770041 
Explorers 50 NKtest K= 0 
N. of iterations  10, Fitness 0.839415 
Explorers 50 NKtest K= 1 
N. of iterations  77, Fitness 0.837763 
Explorers 50 NKtest K= 2 
N. of iterations  65, Fitness 0.850550 
Explorers 50 NKtest K= 3 
N. of iterations  65, Fitness 0.860318 
Explorers 50 NKtest K= 4 
N. of iterations  83, Fitness 0.855774 
Explorers 50 NKtest K= 5 
N. of iterations  63, Fitness 0.850993 
Explorers 50 NKtest K= 6 
N. of iterations  79, Fitness 0.845648 
Explorers 50 NKtest K= 7 
N. of iterations  67, Fitness 0.841082 
Explorers 50 NKtest K= 8 
N. of iterations  83, Fitness 0.828873 
Explorers 50 NKtest K= 9 
N. of iterations 127, Fitness 0.819404 
Explorers 50 NKtest K=10 
N. of iterations  88, Fitness 0.807865 
Explorers 50 NKtest K=11 
N. of iterations  74, Fitness 0.796151 
Explorers 50 NKtest K=12 
N. of iterations  85, Fitness 0.789900 
Explorers 50 NKtest K=13 
N. of iterations  93, Fitness 0.779819 
Explorers 50 NKtest K=14 
N. of iterations  92, Fitness 0.772271 
Explorers 50 NKtest K=15 
N. of iterations  71, Fitness 0.764004 
Explorers 100 NKtest K= 0 
N. of iterations  11, Fitness 0.844262 
Explorers 100 NKtest K= 1 
N. of iterations  51, Fitness 0.841608 
Explorers 100 NKtest K= 2 
N. of iterations 123, Fitness 0.861745 
Explorers 100 NKtest K= 3 
N. of iterations  70, Fitness 0.859907 
Explorers 100 NKtest K= 4 
N. of iterations 142, Fitness 0.856659 
Explorers 100 NKtest K= 5 
N. of iterations  66, Fitness 0.854704 
Explorers 100 NKtest K= 6 
N. of iterations  92, Fitness 0.849783 
Explorers 100 NKtest K= 7 
N. of iterations  80, Fitness 0.841900 
Explorers 100 NKtest K= 8 
N. of iterations  97, Fitness 0.829423 
Explorers 100 NKtest K= 9 
N. of iterations  81, Fitness 0.818859 
Explorers 100 NKtest K=10 
N. of iterations  74, Fitness 0.805223 
Explorers 100 NKtest K=11 
N. of iterations 117, Fitness 0.796131 
Explorers 100 NKtest K=12 
N. of iterations  84, Fitness 0.784966 
Explorers 100 NKtest K=13 
N. of iterations  58, Fitness 0.776148 
Explorers 100 NKtest K=14 
N. of iterations  94, Fitness 0.767507 
Explorers 100 NKtest K=15 
N. of iterations  82, Fitness 0.758209 
