nohup: ignoring input
Explorers -1 NKtest K= 0 
N. of iterations  13, Fitness 1.000000 
Explorers -1 NKtest K= 1 
N. of iterations  13, Fitness 0.966884 
Explorers -1 NKtest K= 2 
N. of iterations  12, Fitness 0.932397 
Explorers -1 NKtest K= 3 
N. of iterations  12, Fitness 0.906320 
Explorers -1 NKtest K= 4 
N. of iterations  10, Fitness 0.882296 
Explorers -1 NKtest K= 5 
N. of iterations  11, Fitness 0.864821 
Explorers -1 NKtest K= 6 
N. of iterations  10, Fitness 0.851120 
Explorers -1 NKtest K= 7 
N. of iterations   8, Fitness 0.838326 
Explorers -1 NKtest K= 8 
N. of iterations   8, Fitness 0.826787 
Explorers -1 NKtest K= 9 
N. of iterations   8, Fitness 0.817191 
Explorers -1 NKtest K=10 
N. of iterations   8, Fitness 0.808404 
Explorers -1 NKtest K=11 
N. of iterations   7, Fitness 0.796747 
Explorers -1 NKtest K=12 
N. of iterations   9, Fitness 0.786258 
Explorers -1 NKtest K=13 
N. of iterations   6, Fitness 0.776865 
Explorers -1 NKtest K=14 
N. of iterations   6, Fitness 0.768706 
Explorers -1 NKtest K=15 
N. of iterations   5, Fitness 0.760331 
Explorers  0 NKtest K= 0 
N. of iterations   9, Fitness 0.840464 
Explorers  0 NKtest K= 1 
N. of iterations  10, Fitness 0.841480 
Explorers  0 NKtest K= 2 
N. of iterations  11, Fitness 0.830632 
Explorers  0 NKtest K= 3 
N. of iterations   8, Fitness 0.824040 
Explorers  0 NKtest K= 4 
N. of iterations   8, Fitness 0.818247 
Explorers  0 NKtest K= 5 
N. of iterations   9, Fitness 0.808030 
Explorers  0 NKtest K= 6 
N. of iterations   8, Fitness 0.800891 
Explorers  0 NKtest K= 7 
N. of iterations   7, Fitness 0.794480 
Explorers  0 NKtest K= 8 
N. of iterations   9, Fitness 0.788072 
Explorers  0 NKtest K= 9 
N. of iterations   8, Fitness 0.778376 
Explorers  0 NKtest K=10 
N. of iterations   6, Fitness 0.773430 
Explorers  0 NKtest K=11 
N. of iterations   5, Fitness 0.766961 
Explorers  0 NKtest K=12 
N. of iterations   6, Fitness 0.759516 
Explorers  0 NKtest K=13 
N. of iterations   7, Fitness 0.753348 
Explorers  0 NKtest K=14 
N. of iterations   5, Fitness 0.746063 
Explorers  0 NKtest K=15 
N. of iterations   5, Fitness 0.739867 
Explorers  5 NKtest K= 0 
N. of iterations  10, Fitness 0.837663 
Explorers  5 NKtest K= 1 
N. of iterations  71, Fitness 0.851705 
Explorers  5 NKtest K= 2 
N. of iterations  53, Fitness 0.861200 
Explorers  5 NKtest K= 3 
N. of iterations 125, Fitness 0.865733 
Explorers  5 NKtest K= 4 
N. of iterations 297, Fitness 0.868605 
Explorers  5 NKtest K= 5 
N. of iterations 373, Fitness 0.880205 
Explorers  5 NKtest K= 6 
N. of iterations 190, Fitness 0.880400 
Explorers  5 NKtest K= 7 
N. of iterations 105, Fitness 0.875233 
Explorers  5 NKtest K= 8 
N. of iterations 359, Fitness 0.879779 
Explorers  5 NKtest K= 9 
N. of iterations  95, Fitness 0.872502 
Explorers  5 NKtest K=10 
N. of iterations 524, Fitness 0.867081 
Explorers  5 NKtest K=11 
N. of iterations 764, Fitness 0.861886 
Explorers  5 NKtest K=12 
N. of iterations 139, Fitness 0.852534 
Explorers  5 NKtest K=13 
N. of iterations 105, Fitness 0.846929 
Explorers  5 NKtest K=14 
N. of iterations 221, Fitness 0.839641 
Explorers  5 NKtest K=15 
N. of iterations 125, Fitness 0.834845 
Explorers 10 NKtest K= 0 
N. of iterations  11, Fitness 0.842010 
Explorers 10 NKtest K= 1 
N. of iterations  56, Fitness 0.856048 
Explorers 10 NKtest K= 2 
N. of iterations 153, Fitness 0.857166 
Explorers 10 NKtest K= 3 
N. of iterations  59, Fitness 0.870595 
Explorers 10 NKtest K= 4 
N. of iterations 448, Fitness 0.874196 
Explorers 10 NKtest K= 5 
N. of iterations 195, Fitness 0.884061 
Explorers 10 NKtest K= 6 
N. of iterations 185, Fitness 0.885900 
Explorers 10 NKtest K= 7 
N. of iterations 218, Fitness 0.886529 
Explorers 10 NKtest K= 8 
N. of iterations 289, Fitness 0.884109 
Explorers 10 NKtest K= 9 
N. of iterations 258, Fitness 0.885929 
Explorers 10 NKtest K=10 
N. of iterations 170, Fitness 0.877921 
Explorers 10 NKtest K=11 
N. of iterations 751, Fitness 0.872881 
Explorers 10 NKtest K=12 
N. of iterations 509, Fitness 0.867397 
Explorers 10 NKtest K=13 
N. of iterations 216, Fitness 0.862269 
Explorers 10 NKtest K=14 
N. of iterations 419, Fitness 0.852308 
Explorers 10 NKtest K=15 
N. of iterations 675, Fitness 0.848662 
Explorers 25 NKtest K= 0 
N. of iterations  10, Fitness 0.844334 
Explorers 25 NKtest K= 1 
N. of iterations  10, Fitness 0.853212 
Explorers 25 NKtest K= 2 
N. of iterations 146, Fitness 0.852492 
Explorers 25 NKtest K= 3 
N. of iterations 331, Fitness 0.869092 
Explorers 25 NKtest K= 4 
N. of iterations 163, Fitness 0.879625 
Explorers 25 NKtest K= 5 
N. of iterations 214, Fitness 0.887582 
Explorers 25 NKtest K= 6 
N. of iterations 177, Fitness 0.888678 
Explorers 25 NKtest K= 7 
N. of iterations 683, Fitness 0.895026 
Explorers 25 NKtest K= 8 
N. of iterations 582, Fitness 0.889683 
Explorers 25 NKtest K= 9 
N. of iterations 516, Fitness 0.890310 
Explorers 25 NKtest K=10 
N. of iterations 783, Fitness 0.889661 
Explorers 25 NKtest K=11 
N. of iterations 693, Fitness 0.881924 
Explorers 25 NKtest K=12 
N. of iterations 456, Fitness 0.873485 
Explorers 25 NKtest K=13 
N. of iterations 361, Fitness 0.867848 
Explorers 25 NKtest K=14 
N. of iterations 443, Fitness 0.860798 
Explorers 25 NKtest K=15 
N. of iterations 762, Fitness 0.854741 
Explorers 50 NKtest K= 0 
N. of iterations  10, Fitness 0.849880 
Explorers 50 NKtest K= 1 
N. of iterations  11, Fitness 0.845390 
Explorers 50 NKtest K= 2 
N. of iterations  92, Fitness 0.862428 
Explorers 50 NKtest K= 3 
N. of iterations 118, Fitness 0.872039 
Explorers 50 NKtest K= 4 
N. of iterations  77, Fitness 0.881876 
Explorers 50 NKtest K= 5 
N. of iterations 154, Fitness 0.889562 
Explorers 50 NKtest K= 6 
N. of iterations 271, Fitness 0.890642 
Explorers 50 NKtest K= 7 
N. of iterations 654, Fitness 0.895722 
Explorers 50 NKtest K= 8 
N. of iterations 451, Fitness 0.893488 
Explorers 50 NKtest K= 9 
N. of iterations 519, Fitness 0.892149 
Explorers 50 NKtest K=10 
N. of iterations 310, Fitness 0.887142 
Explorers 50 NKtest K=11 
N. of iterations 324, Fitness 0.881497 
Explorers 50 NKtest K=12 
N. of iterations 416, Fitness 0.875384 
Explorers 50 NKtest K=13 
N. of iterations 759, Fitness 0.867464 
Explorers 50 NKtest K=14 
N. of iterations 481, Fitness 0.861431 
Explorers 50 NKtest K=15 
N. of iterations 644, Fitness 0.851008 
Explorers 100 NKtest K= 0 
N. of iterations  10, Fitness 0.850847 
Explorers 100 NKtest K= 1 
N. of iterations   9, Fitness 0.848290 
Explorers 100 NKtest K= 2 
N. of iterations 257, Fitness 0.857110 
Explorers 100 NKtest K= 3 
N. of iterations  78, Fitness 0.870365 
Explorers 100 NKtest K= 4 
N. of iterations 537, Fitness 0.877631 
Explorers 100 NKtest K= 5 
N. of iterations 257, Fitness 0.887198 
Explorers 100 NKtest K= 6 
N. of iterations 124, Fitness 0.888041 
Explorers 100 NKtest K= 7 
N. of iterations 163, Fitness 0.892754 
Explorers 100 NKtest K= 8 
N. of iterations 216, Fitness 0.894589 
Explorers 100 NKtest K= 9 
N. of iterations 359, Fitness 0.891007 
Explorers 100 NKtest K=10 
N. of iterations 449, Fitness 0.886521 
Explorers 100 NKtest K=11 
N. of iterations 872, Fitness 0.881666 
Explorers 100 NKtest K=12 
N. of iterations 530, Fitness 0.875946 
Explorers 100 NKtest K=13 
N. of iterations 529, Fitness 0.864562 
Explorers 100 NKtest K=14 
N. of iterations 861, Fitness 0.856258 
Explorers 100 NKtest K=15 
N. of iterations 690, Fitness 0.847455 
