nohup: ignoring input
Explorers -1 NKtest K= 0 
N. of iterations  14, Fitness 1.000000 
Explorers -1 NKtest K= 1 
N. of iterations  15, Fitness 0.966493 
Explorers -1 NKtest K= 2 
N. of iterations  12, Fitness 0.930816 
Explorers -1 NKtest K= 3 
N. of iterations  12, Fitness 0.903541 
Explorers -1 NKtest K= 4 
N. of iterations  13, Fitness 0.883685 
Explorers -1 NKtest K= 5 
N. of iterations  10, Fitness 0.863239 
Explorers -1 NKtest K= 6 
N. of iterations   8, Fitness 0.853468 
Explorers -1 NKtest K= 7 
N. of iterations   9, Fitness 0.839809 
Explorers -1 NKtest K= 8 
N. of iterations   7, Fitness 0.827302 
Explorers -1 NKtest K= 9 
N. of iterations   6, Fitness 0.816220 
Explorers -1 NKtest K=10 
N. of iterations   6, Fitness 0.805418 
Explorers -1 NKtest K=11 
N. of iterations   6, Fitness 0.795875 
Explorers -1 NKtest K=12 
N. of iterations   5, Fitness 0.787456 
Explorers -1 NKtest K=13 
N. of iterations   5, Fitness 0.777049 
Explorers -1 NKtest K=14 
N. of iterations   5, Fitness 0.767723 
Explorers -1 NKtest K=15 
N. of iterations   5, Fitness 0.758627 
Explorers  0 NKtest K= 0 
N. of iterations  12, Fitness 0.911370 
Explorers  0 NKtest K= 1 
N. of iterations  12, Fitness 0.891760 
Explorers  0 NKtest K= 2 
N. of iterations   9, Fitness 0.872845 
Explorers  0 NKtest K= 3 
N. of iterations  10, Fitness 0.863005 
Explorers  0 NKtest K= 4 
N. of iterations   9, Fitness 0.849237 
Explorers  0 NKtest K= 5 
N. of iterations   8, Fitness 0.832856 
Explorers  0 NKtest K= 6 
N. of iterations   9, Fitness 0.822070 
Explorers  0 NKtest K= 7 
N. of iterations   7, Fitness 0.814535 
Explorers  0 NKtest K= 8 
N. of iterations   9, Fitness 0.803912 
Explorers  0 NKtest K= 9 
N. of iterations   6, Fitness 0.797316 
Explorers  0 NKtest K=10 
N. of iterations   6, Fitness 0.789594 
Explorers  0 NKtest K=11 
N. of iterations   6, Fitness 0.780661 
Explorers  0 NKtest K=12 
N. of iterations   7, Fitness 0.771788 
Explorers  0 NKtest K=13 
N. of iterations   6, Fitness 0.764013 
Explorers  0 NKtest K=14 
N. of iterations   7, Fitness 0.757030 
Explorers  0 NKtest K=15 
N. of iterations   5, Fitness 0.748960 
Explorers  5 NKtest K= 0 
N. of iterations  12, Fitness 0.907554 
Explorers  5 NKtest K= 1 
N. of iterations  56, Fitness 0.908870 
Explorers  5 NKtest K= 2 
N. of iterations 1971, Fitness 0.914052 
Explorers  5 NKtest K= 3 
N. of iterations 234, Fitness 0.921766 
Explorers  5 NKtest K= 4 
N. of iterations 142, Fitness 0.923321 
Explorers  5 NKtest K= 5 
N. of iterations 331, Fitness 0.922114 
Explorers  5 NKtest K= 6 
N. of iterations 286, Fitness 0.919890 
Explorers  5 NKtest K= 7 
N. of iterations 206, Fitness 0.914820 
Explorers  5 NKtest K= 8 
N. of iterations 190, Fitness 0.905885 
Explorers  5 NKtest K= 9 
N. of iterations 789, Fitness 0.902792 
Explorers  5 NKtest K=10 
N. of iterations 187, Fitness 0.892864 
Explorers  5 NKtest K=11 
N. of iterations 296, Fitness 0.884337 
Explorers  5 NKtest K=12 
N. of iterations 972, Fitness 0.879778 
Explorers  5 NKtest K=13 
N. of iterations 211, Fitness 0.866386 
Explorers  5 NKtest K=14 
N. of iterations 536, Fitness 0.857729 
Explorers  5 NKtest K=15 
N. of iterations 167, Fitness 0.851558 
Explorers 10 NKtest K= 0 
N. of iterations  13, Fitness 0.902619 
Explorers 10 NKtest K= 1 
N. of iterations 152, Fitness 0.913126 
Explorers 10 NKtest K= 2 
N. of iterations 106, Fitness 0.922969 
Explorers 10 NKtest K= 3 
N. of iterations 108, Fitness 0.918582 
Explorers 10 NKtest K= 4 
N. of iterations 269, Fitness 0.929487 
Explorers 10 NKtest K= 5 
N. of iterations 168, Fitness 0.929342 
Explorers 10 NKtest K= 6 
N. of iterations 685, Fitness 0.931721 
Explorers 10 NKtest K= 7 
N. of iterations 432, Fitness 0.925725 
Explorers 10 NKtest K= 8 
N. of iterations 800, Fitness 0.921329 
Explorers 10 NKtest K= 9 
N. of iterations 426, Fitness 0.915962 
Explorers 10 NKtest K=10 
N. of iterations 404, Fitness 0.908366 
Explorers 10 NKtest K=11 
N. of iterations 493, Fitness 0.900005 
Explorers 10 NKtest K=12 
N. of iterations 349, Fitness 0.896150 
Explorers 10 NKtest K=13 
N. of iterations 454, Fitness 0.889137 
Explorers 10 NKtest K=14 
N. of iterations 627, Fitness 0.878711 
Explorers 10 NKtest K=15 
N. of iterations 732, Fitness 0.869835 
Explorers 25 NKtest K= 0 
N. of iterations  12, Fitness 0.903796 
Explorers 25 NKtest K= 1 
N. of iterations 364, Fitness 0.911188 
Explorers 25 NKtest K= 2 
N. of iterations  32, Fitness 0.925254 
Explorers 25 NKtest K= 3 
N. of iterations 329, Fitness 0.924699 
Explorers 25 NKtest K= 4 
N. of iterations 298, Fitness 0.934594 
Explorers 25 NKtest K= 5 
N. of iterations 1310, Fitness 0.932628 
Explorers 25 NKtest K= 6 
N. of iterations 919, Fitness 0.933653 
Explorers 25 NKtest K= 7 
N. of iterations 1325, Fitness 0.935774 
Explorers 25 NKtest K= 8 
N. of iterations 1542, Fitness 0.932903 
Explorers 25 NKtest K= 9 
N. of iterations 1558, Fitness 0.927210 
Explorers 25 NKtest K=10 
N. of iterations 1326, Fitness 0.923090 
Explorers 25 NKtest K=11 
N. of iterations 1863, Fitness 0.917835 
Explorers 25 NKtest K=12 
N. of iterations 1623, Fitness 0.910535 
Explorers 25 NKtest K=13 
N. of iterations 1441, Fitness 0.903313 
Explorers 25 NKtest K=14 
N. of iterations 1377, Fitness 0.896141 
Explorers 25 NKtest K=15 
N. of iterations 681, Fitness 0.888807 
Explorers 50 NKtest K= 0 
N. of iterations  12, Fitness 0.903966 
Explorers 50 NKtest K= 1 
N. of iterations  57, Fitness 0.906552 
Explorers 50 NKtest K= 2 
N. of iterations 371, Fitness 0.921525 
Explorers 50 NKtest K= 3 
N. of iterations 1747, Fitness 0.927502 
Explorers 50 NKtest K= 4 
N. of iterations 567, Fitness 0.933776 
Explorers 50 NKtest K= 5 
N. of iterations 216, Fitness 0.938546 
Explorers 50 NKtest K= 6 
N. of iterations 732, Fitness 0.939201 
Explorers 50 NKtest K= 7 
N. of iterations 1065, Fitness 0.935001 
Explorers 50 NKtest K= 8 
N. of iterations 584, Fitness 0.937066 
Explorers 50 NKtest K= 9 
N. of iterations 977, Fitness 0.931830 
Explorers 50 NKtest K=10 
N. of iterations 309, Fitness 0.930755 
Explorers 50 NKtest K=11 
N. of iterations 1601, Fitness 0.925027 
Explorers 50 NKtest K=12 
N. of iterations 975, Fitness 0.915907 
Explorers 50 NKtest K=13 
N. of iterations 3003, Fitness 0.911173 
Explorers 50 NKtest K=14 
N. of iterations 728, Fitness 0.904498 
Explorers 50 NKtest K=15 
N. of iterations 974, Fitness 0.897342 
Explorers 100 NKtest K= 0 
N. of iterations  12, Fitness 0.906264 
Explorers 100 NKtest K= 1 
N. of iterations 131, Fitness 0.913444 
Explorers 100 NKtest K= 2 
N. of iterations 147, Fitness 0.921009 
Explorers 100 NKtest K= 3 
N. of iterations 251, Fitness 0.929233 
Explorers 100 NKtest K= 4 
N. of iterations 327, Fitness 0.931814 
Explorers 100 NKtest K= 5 
N. of iterations 445, Fitness 0.928944 
Explorers 100 NKtest K= 6 
N. of iterations 265, Fitness 0.937515 
Explorers 100 NKtest K= 7 
N. of iterations 1932, Fitness 0.941025 
Explorers 100 NKtest K= 8 
N. of iterations 1943, Fitness 0.941428 
Explorers 100 NKtest K= 9 
N. of iterations 647, Fitness 0.935295 
Explorers 100 NKtest K=10 
N. of iterations 878, Fitness 0.931509 
Explorers 100 NKtest K=11 
N. of iterations 1686, Fitness 0.926860 
Explorers 100 NKtest K=12 
N. of iterations 1532, Fitness 0.921034 
Explorers 100 NKtest K=13 
N. of iterations 2784, Fitness 0.911322 
Explorers 100 NKtest K=14 
N. of iterations 937, Fitness 0.907791 
Explorers 100 NKtest K=15 
N. of iterations 1243, Fitness 0.898327 
