nohup: ignoring input
Explorers -1 NKtest K= 0 
N. of iterations  15, Fitness 1.000000 
Explorers -1 NKtest K= 1 
N. of iterations  12, Fitness 0.965755 
Explorers -1 NKtest K= 2 
N. of iterations   9, Fitness 0.931502 
Explorers -1 NKtest K= 3 
N. of iterations  12, Fitness 0.903657 
Explorers -1 NKtest K= 4 
N. of iterations  11, Fitness 0.880131 
Explorers -1 NKtest K= 5 
N. of iterations   9, Fitness 0.863914 
Explorers -1 NKtest K= 6 
N. of iterations   9, Fitness 0.851764 
Explorers -1 NKtest K= 7 
N. of iterations  10, Fitness 0.838033 
Explorers -1 NKtest K= 8 
N. of iterations   8, Fitness 0.825996 
Explorers -1 NKtest K= 9 
N. of iterations   7, Fitness 0.816261 
Explorers -1 NKtest K=10 
N. of iterations   7, Fitness 0.805220 
Explorers -1 NKtest K=11 
N. of iterations   7, Fitness 0.793783 
Explorers -1 NKtest K=12 
N. of iterations   6, Fitness 0.785967 
Explorers -1 NKtest K=13 
N. of iterations   6, Fitness 0.775999 
Explorers -1 NKtest K=14 
N. of iterations   5, Fitness 0.768004 
Explorers -1 NKtest K=15 
N. of iterations   5, Fitness 0.758351 
Explorers  0 NKtest K= 0 
N. of iterations  14, Fitness 1.000000 
Explorers  0 NKtest K= 1 
N. of iterations  11, Fitness 0.967437 
Explorers  0 NKtest K= 2 
N. of iterations  11, Fitness 0.931390 
Explorers  0 NKtest K= 3 
N. of iterations  10, Fitness 0.904220 
Explorers  0 NKtest K= 4 
N. of iterations  13, Fitness 0.882711 
Explorers  0 NKtest K= 5 
N. of iterations   9, Fitness 0.866163 
Explorers  0 NKtest K= 6 
N. of iterations   8, Fitness 0.851309 
Explorers  0 NKtest K= 7 
N. of iterations  11, Fitness 0.840723 
Explorers  0 NKtest K= 8 
N. of iterations   8, Fitness 0.827448 
Explorers  0 NKtest K= 9 
N. of iterations  10, Fitness 0.816030 
Explorers  0 NKtest K=10 
N. of iterations   6, Fitness 0.804260 
Explorers  0 NKtest K=11 
N. of iterations   5, Fitness 0.795605 
Explorers  0 NKtest K=12 
N. of iterations   6, Fitness 0.785969 
Explorers  0 NKtest K=13 
N. of iterations   6, Fitness 0.775984 
Explorers  0 NKtest K=14 
N. of iterations   6, Fitness 0.766854 
Explorers  0 NKtest K=15 
N. of iterations   6, Fitness 0.759864 
Explorers  5 NKtest K= 0 
N. of iterations  13, Fitness 0.998936 
Explorers  5 NKtest K= 1 
N. of iterations 112, Fitness 0.994596 
Explorers  5 NKtest K= 2 
N. of iterations 368, Fitness 0.986086 
Explorers  5 NKtest K= 3 
N. of iterations 188, Fitness 0.975447 
Explorers  5 NKtest K= 4 
N. of iterations 310, Fitness 0.964314 
Explorers  5 NKtest K= 5 
N. of iterations 161, Fitness 0.949121 
Explorers  5 NKtest K= 6 
N. of iterations 111, Fitness 0.939471 
Explorers  5 NKtest K= 7 
N. of iterations 155, Fitness 0.928723 
Explorers  5 NKtest K= 8 
N. of iterations 519, Fitness 0.915549 
Explorers  5 NKtest K= 9 
N. of iterations 1254, Fitness 0.905314 
Explorers  5 NKtest K=10 
N. of iterations 138, Fitness 0.895422 
Explorers  5 NKtest K=11 
N. of iterations 763, Fitness 0.883159 
Explorers  5 NKtest K=12 
N. of iterations  86, Fitness 0.873852 
Explorers  5 NKtest K=13 
N. of iterations 1127, Fitness 0.863839 
Explorers  5 NKtest K=14 
N. of iterations 267, Fitness 0.854198 
Explorers  5 NKtest K=15 
N. of iterations  62, Fitness 0.846022 
Explorers 10 NKtest K= 0 
N. of iterations  14, Fitness 0.999125 
Explorers 10 NKtest K= 1 
N. of iterations 366, Fitness 0.995424 
Explorers 10 NKtest K= 2 
N. of iterations 129, Fitness 0.988888 
Explorers 10 NKtest K= 3 
N. of iterations 707, Fitness 0.981861 
Explorers 10 NKtest K= 4 
N. of iterations 439, Fitness 0.971164 
Explorers 10 NKtest K= 5 
N. of iterations 603, Fitness 0.959259 
Explorers 10 NKtest K= 6 
N. of iterations 1194, Fitness 0.946539 
Explorers 10 NKtest K= 7 
N. of iterations 249, Fitness 0.935004 
Explorers 10 NKtest K= 8 
N. of iterations 254, Fitness 0.921346 
Explorers 10 NKtest K= 9 
N. of iterations 450, Fitness 0.911862 
Explorers 10 NKtest K=10 
N. of iterations 335, Fitness 0.901992 
Explorers 10 NKtest K=11 
N. of iterations 299, Fitness 0.892416 
Explorers 10 NKtest K=12 
N. of iterations 351, Fitness 0.886208 
Explorers 10 NKtest K=13 
N. of iterations 925, Fitness 0.877065 
Explorers 10 NKtest K=14 
N. of iterations 331, Fitness 0.865374 
Explorers 10 NKtest K=15 
N. of iterations 400, Fitness 0.857499 
Explorers 25 NKtest K= 0 
N. of iterations  14, Fitness 0.999085 
Explorers 25 NKtest K= 1 
N. of iterations 216, Fitness 0.995719 
Explorers 25 NKtest K= 2 
N. of iterations 237, Fitness 0.989744 
Explorers 25 NKtest K= 3 
N. of iterations 826, Fitness 0.983522 
Explorers 25 NKtest K= 4 
N. of iterations 466, Fitness 0.974493 
Explorers 25 NKtest K= 5 
N. of iterations 352, Fitness 0.962613 
Explorers 25 NKtest K= 6 
N. of iterations 390, Fitness 0.950987 
Explorers 25 NKtest K= 7 
N. of iterations 636, Fitness 0.937983 
Explorers 25 NKtest K= 8 
N. of iterations 937, Fitness 0.923176 
Explorers 25 NKtest K= 9 
N. of iterations 524, Fitness 0.912095 
Explorers 25 NKtest K=10 
N. of iterations 869, Fitness 0.901725 
Explorers 25 NKtest K=11 
N. of iterations 681, Fitness 0.888717 
Explorers 25 NKtest K=12 
N. of iterations 735, Fitness 0.878736 
Explorers 25 NKtest K=13 
N. of iterations 483, Fitness 0.870505 
Explorers 25 NKtest K=14 
N. of iterations 590, Fitness 0.861984 
Explorers 25 NKtest K=15 
N. of iterations 1697, Fitness 0.859571 
Explorers 50 NKtest K= 0 
N. of iterations  14, Fitness 0.999011 
Explorers 50 NKtest K= 1 
N. of iterations 138, Fitness 0.995351 
Explorers 50 NKtest K= 2 
N. of iterations 418, Fitness 0.990057 
Explorers 50 NKtest K= 3 
N. of iterations 133, Fitness 0.982781 
Explorers 50 NKtest K= 4 
N. of iterations 512, Fitness 0.973621 
Explorers 50 NKtest K= 5 
N. of iterations 479, Fitness 0.961568 
Explorers 50 NKtest K= 6 
N. of iterations 932, Fitness 0.947108 
Explorers 50 NKtest K= 7 
N. of iterations 1805, Fitness 0.931223 
Explorers 50 NKtest K= 8 
N. of iterations 943, Fitness 0.918001 
Explorers 50 NKtest K= 9 
N. of iterations 1939, Fitness 0.899950 
Explorers 50 NKtest K=10 
N. of iterations 852, Fitness 0.892580 
Explorers 50 NKtest K=11 
N. of iterations 509, Fitness 0.880792 
Explorers 50 NKtest K=12 
N. of iterations 1134, Fitness 0.868337 
Explorers 50 NKtest K=13 
N. of iterations 1355, Fitness 0.862536 
Explorers 50 NKtest K=14 
N. of iterations 1214, Fitness 0.857729 
Explorers 50 NKtest K=15 
N. of iterations 1194, Fitness 0.845164 
Explorers 100 NKtest K= 0 
N. of iterations  13, Fitness 0.999058 
Explorers 100 NKtest K= 1 
N. of iterations 1000, Fitness 0.996232 
Explorers 100 NKtest K= 2 
N. of iterations 194, Fitness 0.990243 
Explorers 100 NKtest K= 3 
N. of iterations 267, Fitness 0.983468 
Explorers 100 NKtest K= 4 
N. of iterations 612, Fitness 0.973975 
Explorers 100 NKtest K= 5 
N. of iterations 1333, Fitness 0.958713 
Explorers 100 NKtest K= 6 
N. of iterations 1139, Fitness 0.944937 
Explorers 100 NKtest K= 7 
N. of iterations 1434, Fitness 0.924601 
Explorers 100 NKtest K= 8 
N. of iterations 1146, Fitness 0.905732 
Explorers 100 NKtest K= 9 
N. of iterations 1784, Fitness 0.885300 
Explorers 100 NKtest K=10 
N. of iterations 1315, Fitness 0.869913 
Explorers 100 NKtest K=11 
N. of iterations 2068, Fitness 0.862336 
Explorers 100 NKtest K=12 
N. of iterations 851, Fitness 0.850172 
Explorers 100 NKtest K=13 
N. of iterations 1718, Fitness 0.839325 
Explorers 100 NKtest K=14 
N. of iterations 2152, Fitness 0.829852 
Explorers 100 NKtest K=15 
N. of iterations 1213, Fitness 0.824495 
