nohup: ignoring input
Explorers -1 NKtest K= 0 
N. of iterations  14, Fitness 1.000000 
Explorers -1 NKtest K= 1 
N. of iterations  13, Fitness 0.967071 
Explorers -1 NKtest K= 2 
N. of iterations  11, Fitness 0.930293 
Explorers -1 NKtest K= 3 
N. of iterations  12, Fitness 0.903727 
Explorers -1 NKtest K= 4 
N. of iterations  12, Fitness 0.882920 
Explorers -1 NKtest K= 5 
N. of iterations   9, Fitness 0.864531 
Explorers -1 NKtest K= 6 
N. of iterations  10, Fitness 0.852131 
Explorers -1 NKtest K= 7 
N. of iterations   9, Fitness 0.837789 
Explorers -1 NKtest K= 8 
N. of iterations  10, Fitness 0.827446 
Explorers -1 NKtest K= 9 
N. of iterations   8, Fitness 0.816985 
Explorers -1 NKtest K=10 
N. of iterations   6, Fitness 0.806049 
Explorers -1 NKtest K=11 
N. of iterations   8, Fitness 0.795249 
Explorers -1 NKtest K=12 
N. of iterations   6, Fitness 0.785889 
Explorers -1 NKtest K=13 
N. of iterations   6, Fitness 0.778680 
Explorers -1 NKtest K=14 
N. of iterations   6, Fitness 0.768710 
Explorers -1 NKtest K=15 
N. of iterations   5, Fitness 0.761414 
Explorers  0 NKtest K= 0 
N. of iterations  14, Fitness 1.000000 
Explorers  0 NKtest K= 1 
N. of iterations  14, Fitness 0.966743 
Explorers  0 NKtest K= 2 
N. of iterations  10, Fitness 0.930834 
Explorers  0 NKtest K= 3 
N. of iterations  14, Fitness 0.903008 
Explorers  0 NKtest K= 4 
N. of iterations  10, Fitness 0.881952 
Explorers  0 NKtest K= 5 
N. of iterations  11, Fitness 0.864743 
Explorers  0 NKtest K= 6 
N. of iterations   8, Fitness 0.851149 
Explorers  0 NKtest K= 7 
N. of iterations   8, Fitness 0.839670 
Explorers  0 NKtest K= 8 
N. of iterations   9, Fitness 0.828276 
Explorers  0 NKtest K= 9 
N. of iterations   7, Fitness 0.817609 
Explorers  0 NKtest K=10 
N. of iterations   8, Fitness 0.805270 
Explorers  0 NKtest K=11 
N. of iterations   6, Fitness 0.795797 
Explorers  0 NKtest K=12 
N. of iterations   6, Fitness 0.786552 
Explorers  0 NKtest K=13 
N. of iterations   8, Fitness 0.777312 
Explorers  0 NKtest K=14 
N. of iterations   6, Fitness 0.768933 
Explorers  0 NKtest K=15 
N. of iterations   5, Fitness 0.760146 
Explorers  5 NKtest K= 0 
N. of iterations  13, Fitness 1.000000 
Explorers  5 NKtest K= 1 
N. of iterations  82, Fitness 0.988463 
Explorers  5 NKtest K= 2 
N. of iterations 100, Fitness 0.969012 
Explorers  5 NKtest K= 3 
N. of iterations  92, Fitness 0.949481 
Explorers  5 NKtest K= 4 
N. of iterations  69, Fitness 0.930391 
Explorers  5 NKtest K= 5 
N. of iterations 101, Fitness 0.913402 
Explorers  5 NKtest K= 6 
N. of iterations  94, Fitness 0.899916 
Explorers  5 NKtest K= 7 
N. of iterations 100, Fitness 0.887578 
Explorers  5 NKtest K= 8 
N. of iterations 107, Fitness 0.872475 
Explorers  5 NKtest K= 9 
N. of iterations 111, Fitness 0.863441 
Explorers  5 NKtest K=10 
N. of iterations  56, Fitness 0.851088 
Explorers  5 NKtest K=11 
N. of iterations  84, Fitness 0.840855 
Explorers  5 NKtest K=12 
N. of iterations 107, Fitness 0.829329 
Explorers  5 NKtest K=13 
N. of iterations  73, Fitness 0.821033 
Explorers  5 NKtest K=14 
N. of iterations  80, Fitness 0.812250 
Explorers  5 NKtest K=15 
N. of iterations  44, Fitness 0.803211 
Explorers 10 NKtest K= 0 
N. of iterations  14, Fitness 1.000000 
Explorers 10 NKtest K= 1 
N. of iterations  76, Fitness 0.989346 
Explorers 10 NKtest K= 2 
N. of iterations  82, Fitness 0.970719 
Explorers 10 NKtest K= 3 
N. of iterations 138, Fitness 0.949741 
Explorers 10 NKtest K= 4 
N. of iterations 154, Fitness 0.930509 
Explorers 10 NKtest K= 5 
N. of iterations 107, Fitness 0.913283 
Explorers 10 NKtest K= 6 
N. of iterations  92, Fitness 0.895926 
Explorers 10 NKtest K= 7 
N. of iterations 121, Fitness 0.881018 
Explorers 10 NKtest K= 8 
N. of iterations  96, Fitness 0.868190 
Explorers 10 NKtest K= 9 
N. of iterations 122, Fitness 0.857415 
Explorers 10 NKtest K=10 
N. of iterations  99, Fitness 0.846330 
Explorers 10 NKtest K=11 
N. of iterations  85, Fitness 0.834436 
Explorers 10 NKtest K=12 
N. of iterations  91, Fitness 0.823584 
Explorers 10 NKtest K=13 
N. of iterations  71, Fitness 0.815869 
Explorers 10 NKtest K=14 
N. of iterations  86, Fitness 0.806579 
Explorers 10 NKtest K=15 
N. of iterations  89, Fitness 0.798745 
Explorers 25 NKtest K= 0 
N. of iterations  14, Fitness 1.000000 
Explorers 25 NKtest K= 1 
N. of iterations 130, Fitness 0.989257 
Explorers 25 NKtest K= 2 
N. of iterations 145, Fitness 0.969077 
Explorers 25 NKtest K= 3 
N. of iterations 179, Fitness 0.948269 
Explorers 25 NKtest K= 4 
N. of iterations 159, Fitness 0.928011 
Explorers 25 NKtest K= 5 
N. of iterations 169, Fitness 0.908598 
Explorers 25 NKtest K= 6 
N. of iterations 149, Fitness 0.889772 
Explorers 25 NKtest K= 7 
N. of iterations 110, Fitness 0.873233 
Explorers 25 NKtest K= 8 
N. of iterations  87, Fitness 0.860189 
Explorers 25 NKtest K= 9 
N. of iterations 109, Fitness 0.847178 
Explorers 25 NKtest K=10 
N. of iterations  84, Fitness 0.833805 
Explorers 25 NKtest K=11 
N. of iterations 105, Fitness 0.823979 
Explorers 25 NKtest K=12 
N. of iterations  65, Fitness 0.813026 
Explorers 25 NKtest K=13 
N. of iterations  60, Fitness 0.803487 
Explorers 25 NKtest K=14 
N. of iterations  91, Fitness 0.796548 
Explorers 25 NKtest K=15 
N. of iterations 107, Fitness 0.787529 
Explorers 50 NKtest K= 0 
N. of iterations  13, Fitness 1.000000 
Explorers 50 NKtest K= 1 
N. of iterations  58, Fitness 0.989331 
Explorers 50 NKtest K= 2 
N. of iterations  67, Fitness 0.970182 
Explorers 50 NKtest K= 3 
N. of iterations 105, Fitness 0.947712 
Explorers 50 NKtest K= 4 
N. of iterations 175, Fitness 0.924923 
Explorers 50 NKtest K= 5 
N. of iterations  99, Fitness 0.904350 
Explorers 50 NKtest K= 6 
N. of iterations 106, Fitness 0.885389 
Explorers 50 NKtest K= 7 
N. of iterations 119, Fitness 0.867280 
Explorers 50 NKtest K= 8 
N. of iterations 100, Fitness 0.852127 
Explorers 50 NKtest K= 9 
N. of iterations  95, Fitness 0.841115 
Explorers 50 NKtest K=10 
N. of iterations  80, Fitness 0.828090 
Explorers 50 NKtest K=11 
N. of iterations  76, Fitness 0.816964 
Explorers 50 NKtest K=12 
N. of iterations  76, Fitness 0.807652 
Explorers 50 NKtest K=13 
N. of iterations 102, Fitness 0.797429 
Explorers 50 NKtest K=14 
N. of iterations  78, Fitness 0.785278 
Explorers 50 NKtest K=15 
N. of iterations  77, Fitness 0.780216 
Explorers 100 NKtest K= 0 
N. of iterations  15, Fitness 1.000000 
Explorers 100 NKtest K= 1 
N. of iterations  89, Fitness 0.989177 
Explorers 100 NKtest K= 2 
N. of iterations 118, Fitness 0.970120 
Explorers 100 NKtest K= 3 
N. of iterations 115, Fitness 0.947988 
Explorers 100 NKtest K= 4 
N. of iterations 127, Fitness 0.925950 
Explorers 100 NKtest K= 5 
N. of iterations 113, Fitness 0.903922 
Explorers 100 NKtest K= 6 
N. of iterations 148, Fitness 0.882888 
Explorers 100 NKtest K= 7 
N. of iterations  92, Fitness 0.864937 
Explorers 100 NKtest K= 8 
N. of iterations  98, Fitness 0.850589 
Explorers 100 NKtest K= 9 
N. of iterations  83, Fitness 0.835984 
Explorers 100 NKtest K=10 
N. of iterations  84, Fitness 0.821958 
Explorers 100 NKtest K=11 
N. of iterations  87, Fitness 0.811410 
Explorers 100 NKtest K=12 
N. of iterations  85, Fitness 0.800251 
Explorers 100 NKtest K=13 
N. of iterations  84, Fitness 0.791081 
Explorers 100 NKtest K=14 
N. of iterations  56, Fitness 0.781240 
Explorers 100 NKtest K=15 
N. of iterations  62, Fitness 0.775179 
