nohup: ignoring input
Explorers -1 NKtest K= 0 
N. of iterations  13, Fitness 1.000000 
Explorers -1 NKtest K= 1 
N. of iterations  11, Fitness 0.968213 
Explorers -1 NKtest K= 2 
N. of iterations  14, Fitness 0.931921 
Explorers -1 NKtest K= 3 
N. of iterations  11, Fitness 0.903012 
Explorers -1 NKtest K= 4 
N. of iterations   9, Fitness 0.882277 
Explorers -1 NKtest K= 5 
N. of iterations  11, Fitness 0.865878 
Explorers -1 NKtest K= 6 
N. of iterations   8, Fitness 0.849263 
Explorers -1 NKtest K= 7 
N. of iterations   8, Fitness 0.839876 
Explorers -1 NKtest K= 8 
N. of iterations   7, Fitness 0.827541 
Explorers -1 NKtest K= 9 
N. of iterations   8, Fitness 0.815843 
Explorers -1 NKtest K=10 
N. of iterations   7, Fitness 0.805655 
Explorers -1 NKtest K=11 
N. of iterations   6, Fitness 0.795139 
Explorers -1 NKtest K=12 
N. of iterations   6, Fitness 0.786141 
Explorers -1 NKtest K=13 
N. of iterations   7, Fitness 0.776106 
Explorers -1 NKtest K=14 
N. of iterations   5, Fitness 0.767210 
Explorers -1 NKtest K=15 
N. of iterations   6, Fitness 0.760468 
Explorers  0 NKtest K= 0 
N. of iterations  14, Fitness 1.000000 
Explorers  0 NKtest K= 1 
N. of iterations  12, Fitness 0.966648 
Explorers  0 NKtest K= 2 
N. of iterations  10, Fitness 0.931104 
Explorers  0 NKtest K= 3 
N. of iterations  10, Fitness 0.904395 
Explorers  0 NKtest K= 4 
N. of iterations  11, Fitness 0.881547 
Explorers  0 NKtest K= 5 
N. of iterations   9, Fitness 0.865677 
Explorers  0 NKtest K= 6 
N. of iterations   9, Fitness 0.851289 
Explorers  0 NKtest K= 7 
N. of iterations   9, Fitness 0.838222 
Explorers  0 NKtest K= 8 
N. of iterations   9, Fitness 0.824484 
Explorers  0 NKtest K= 9 
N. of iterations  10, Fitness 0.817938 
Explorers  0 NKtest K=10 
N. of iterations   6, Fitness 0.805608 
Explorers  0 NKtest K=11 
N. of iterations   6, Fitness 0.795577 
Explorers  0 NKtest K=12 
N. of iterations   6, Fitness 0.786521 
Explorers  0 NKtest K=13 
N. of iterations   6, Fitness 0.778346 
Explorers  0 NKtest K=14 
N. of iterations   5, Fitness 0.769876 
Explorers  0 NKtest K=15 
N. of iterations   6, Fitness 0.760362 
Explorers  5 NKtest K= 0 
N. of iterations  12, Fitness 0.995361 
Explorers  5 NKtest K= 1 
N. of iterations  81, Fitness 0.984217 
Explorers  5 NKtest K= 2 
N. of iterations 220, Fitness 0.967085 
Explorers  5 NKtest K= 3 
N. of iterations 261, Fitness 0.948405 
Explorers  5 NKtest K= 4 
N. of iterations 354, Fitness 0.931964 
Explorers  5 NKtest K= 5 
N. of iterations 196, Fitness 0.916158 
Explorers  5 NKtest K= 6 
N. of iterations 448, Fitness 0.900195 
Explorers  5 NKtest K= 7 
N. of iterations 339, Fitness 0.889856 
Explorers  5 NKtest K= 8 
N. of iterations  76, Fitness 0.878279 
Explorers  5 NKtest K= 9 
N. of iterations 376, Fitness 0.871399 
Explorers  5 NKtest K=10 
N. of iterations 124, Fitness 0.859213 
Explorers  5 NKtest K=11 
N. of iterations 128, Fitness 0.850321 
Explorers  5 NKtest K=12 
N. of iterations 115, Fitness 0.840678 
Explorers  5 NKtest K=13 
N. of iterations 163, Fitness 0.834594 
Explorers  5 NKtest K=14 
N. of iterations 135, Fitness 0.825367 
Explorers  5 NKtest K=15 
N. of iterations 103, Fitness 0.816409 
Explorers 10 NKtest K= 0 
N. of iterations  16, Fitness 0.995490 
Explorers 10 NKtest K= 1 
N. of iterations  66, Fitness 0.984920 
Explorers 10 NKtest K= 2 
N. of iterations 252, Fitness 0.967072 
Explorers 10 NKtest K= 3 
N. of iterations 429, Fitness 0.945748 
Explorers 10 NKtest K= 4 
N. of iterations 112, Fitness 0.930147 
Explorers 10 NKtest K= 5 
N. of iterations 167, Fitness 0.909912 
Explorers 10 NKtest K= 6 
N. of iterations 216, Fitness 0.896027 
Explorers 10 NKtest K= 7 
N. of iterations 201, Fitness 0.881857 
Explorers 10 NKtest K= 8 
N. of iterations 342, Fitness 0.873578 
Explorers 10 NKtest K= 9 
N. of iterations 324, Fitness 0.859302 
Explorers 10 NKtest K=10 
N. of iterations 320, Fitness 0.850944 
Explorers 10 NKtest K=11 
N. of iterations 456, Fitness 0.839518 
Explorers 10 NKtest K=12 
N. of iterations 420, Fitness 0.832090 
Explorers 10 NKtest K=13 
N. of iterations 122, Fitness 0.824329 
Explorers 10 NKtest K=14 
N. of iterations 251, Fitness 0.818689 
Explorers 10 NKtest K=15 
N. of iterations 349, Fitness 0.808668 
Explorers 25 NKtest K= 0 
N. of iterations  14, Fitness 0.995217 
Explorers 25 NKtest K= 1 
N. of iterations  14, Fitness 0.985377 
Explorers 25 NKtest K= 2 
N. of iterations 107, Fitness 0.966775 
Explorers 25 NKtest K= 3 
N. of iterations 377, Fitness 0.945193 
Explorers 25 NKtest K= 4 
N. of iterations 271, Fitness 0.920515 
Explorers 25 NKtest K= 5 
N. of iterations 295, Fitness 0.897972 
Explorers 25 NKtest K= 6 
N. of iterations 437, Fitness 0.873567 
Explorers 25 NKtest K= 7 
N. of iterations 368, Fitness 0.858675 
Explorers 25 NKtest K= 8 
N. of iterations 532, Fitness 0.843199 
Explorers 25 NKtest K= 9 
N. of iterations 538, Fitness 0.831935 
Explorers 25 NKtest K=10 
N. of iterations 312, Fitness 0.826725 
Explorers 25 NKtest K=11 
N. of iterations 273, Fitness 0.818645 
Explorers 25 NKtest K=12 
N. of iterations 163, Fitness 0.808273 
Explorers 25 NKtest K=13 
N. of iterations 443, Fitness 0.799057 
Explorers 25 NKtest K=14 
N. of iterations 149, Fitness 0.795923 
Explorers 25 NKtest K=15 
N. of iterations 308, Fitness 0.794858 
Explorers 50 NKtest K= 0 
N. of iterations  13, Fitness 0.995403 
Explorers 50 NKtest K= 1 
N. of iterations 164, Fitness 0.984679 
Explorers 50 NKtest K= 2 
N. of iterations 123, Fitness 0.966383 
Explorers 50 NKtest K= 3 
N. of iterations 261, Fitness 0.944175 
Explorers 50 NKtest K= 4 
N. of iterations 265, Fitness 0.916280 
Explorers 50 NKtest K= 5 
N. of iterations 344, Fitness 0.886166 
Explorers 50 NKtest K= 6 
N. of iterations 395, Fitness 0.861951 
Explorers 50 NKtest K= 7 
N. of iterations 468, Fitness 0.838104 
Explorers 50 NKtest K= 8 
N. of iterations 345, Fitness 0.822226 
Explorers 50 NKtest K= 9 
N. of iterations 506, Fitness 0.806346 
Explorers 50 NKtest K=10 
N. of iterations 567, Fitness 0.795958 
Explorers 50 NKtest K=11 
N. of iterations 245, Fitness 0.787088 
Explorers 50 NKtest K=12 
N. of iterations 469, Fitness 0.781183 
Explorers 50 NKtest K=13 
N. of iterations 206, Fitness 0.772694 
Explorers 50 NKtest K=14 
N. of iterations 416, Fitness 0.764967 
Explorers 50 NKtest K=15 
N. of iterations 372, Fitness 0.761952 
Explorers 100 NKtest K= 0 
N. of iterations  15, Fitness 0.995138 
Explorers 100 NKtest K= 1 
N. of iterations 155, Fitness 0.983508 
Explorers 100 NKtest K= 2 
N. of iterations  82, Fitness 0.966331 
Explorers 100 NKtest K= 3 
N. of iterations 379, Fitness 0.944357 
Explorers 100 NKtest K= 4 
N. of iterations 486, Fitness 0.913555 
Explorers 100 NKtest K= 5 
N. of iterations 534, Fitness 0.878319 
Explorers 100 NKtest K= 6 
N. of iterations 409, Fitness 0.846998 
Explorers 100 NKtest K= 7 
N. of iterations 383, Fitness 0.821713 
Explorers 100 NKtest K= 8 
N. of iterations 487, Fitness 0.798506 
Explorers 100 NKtest K= 9 
N. of iterations 397, Fitness 0.784622 
Explorers 100 NKtest K=10 
N. of iterations 480, Fitness 0.774370 
Explorers 100 NKtest K=11 
N. of iterations 355, Fitness 0.761179 
Explorers 100 NKtest K=12 
N. of iterations 371, Fitness 0.750880 
Explorers 100 NKtest K=13 
N. of iterations 445, Fitness 0.746782 
Explorers 100 NKtest K=14 
N. of iterations 442, Fitness 0.737872 
Explorers 100 NKtest K=15 
N. of iterations 455, Fitness 0.736034 
