nohup: ignoring input
Explorers -1 NKtest K= 0 
N. of iterations  14, Fitness 1.000000 
Explorers -1 NKtest K= 1 
N. of iterations  12, Fitness 0.967125 
Explorers -1 NKtest K= 2 
N. of iterations  11, Fitness 0.932796 
Explorers -1 NKtest K= 3 
N. of iterations  10, Fitness 0.903289 
Explorers -1 NKtest K= 4 
N. of iterations   9, Fitness 0.883084 
Explorers -1 NKtest K= 5 
N. of iterations  11, Fitness 0.866479 
Explorers -1 NKtest K= 6 
N. of iterations   8, Fitness 0.850428 
Explorers -1 NKtest K= 7 
N. of iterations   8, Fitness 0.836579 
Explorers -1 NKtest K= 8 
N. of iterations   8, Fitness 0.825042 
Explorers -1 NKtest K= 9 
N. of iterations   7, Fitness 0.815949 
Explorers -1 NKtest K=10 
N. of iterations   6, Fitness 0.807020 
Explorers -1 NKtest K=11 
N. of iterations   7, Fitness 0.796516 
Explorers -1 NKtest K=12 
N. of iterations   6, Fitness 0.785210 
Explorers -1 NKtest K=13 
N. of iterations   5, Fitness 0.777698 
Explorers -1 NKtest K=14 
N. of iterations   6, Fitness 0.769916 
Explorers -1 NKtest K=15 
N. of iterations   5, Fitness 0.759268 
Explorers  0 NKtest K= 0 
N. of iterations  14, Fitness 1.000000 
Explorers  0 NKtest K= 1 
N. of iterations  11, Fitness 0.967913 
Explorers  0 NKtest K= 2 
N. of iterations  10, Fitness 0.930892 
Explorers  0 NKtest K= 3 
N. of iterations  11, Fitness 0.903774 
Explorers  0 NKtest K= 4 
N. of iterations  10, Fitness 0.883778 
Explorers  0 NKtest K= 5 
N. of iterations  10, Fitness 0.864673 
Explorers  0 NKtest K= 6 
N. of iterations   9, Fitness 0.850479 
Explorers  0 NKtest K= 7 
N. of iterations   8, Fitness 0.838370 
Explorers  0 NKtest K= 8 
N. of iterations   8, Fitness 0.824714 
Explorers  0 NKtest K= 9 
N. of iterations   7, Fitness 0.816334 
Explorers  0 NKtest K=10 
N. of iterations   7, Fitness 0.806323 
Explorers  0 NKtest K=11 
N. of iterations   7, Fitness 0.795392 
Explorers  0 NKtest K=12 
N. of iterations   6, Fitness 0.786479 
Explorers  0 NKtest K=13 
N. of iterations   6, Fitness 0.777153 
Explorers  0 NKtest K=14 
N. of iterations   5, Fitness 0.768156 
Explorers  0 NKtest K=15 
N. of iterations   6, Fitness 0.760272 
Explorers  5 NKtest K= 0 
N. of iterations  14, Fitness 1.000000 
Explorers  5 NKtest K= 1 
N. of iterations  95, Fitness 0.992188 
Explorers  5 NKtest K= 2 
N. of iterations 162, Fitness 0.978349 
Explorers  5 NKtest K= 3 
N. of iterations 109, Fitness 0.961257 
Explorers  5 NKtest K= 4 
N. of iterations 156, Fitness 0.944944 
Explorers  5 NKtest K= 5 
N. of iterations 176, Fitness 0.927493 
Explorers  5 NKtest K= 6 
N. of iterations 168, Fitness 0.912004 
Explorers  5 NKtest K= 7 
N. of iterations 159, Fitness 0.900193 
Explorers  5 NKtest K= 8 
N. of iterations 140, Fitness 0.886637 
Explorers  5 NKtest K= 9 
N. of iterations  95, Fitness 0.873447 
Explorers  5 NKtest K=10 
N. of iterations 147, Fitness 0.864478 
Explorers  5 NKtest K=11 
N. of iterations 165, Fitness 0.851337 
Explorers  5 NKtest K=12 
N. of iterations  86, Fitness 0.841458 
Explorers  5 NKtest K=13 
N. of iterations 142, Fitness 0.834580 
Explorers  5 NKtest K=14 
N. of iterations  60, Fitness 0.824079 
Explorers  5 NKtest K=15 
N. of iterations  87, Fitness 0.816983 
Explorers 10 NKtest K= 0 
N. of iterations  14, Fitness 1.000000 
Explorers 10 NKtest K= 1 
N. of iterations 256, Fitness 0.993670 
Explorers 10 NKtest K= 2 
N. of iterations 188, Fitness 0.978741 
Explorers 10 NKtest K= 3 
N. of iterations  74, Fitness 0.961742 
Explorers 10 NKtest K= 4 
N. of iterations 208, Fitness 0.943540 
Explorers 10 NKtest K= 5 
N. of iterations 161, Fitness 0.925669 
Explorers 10 NKtest K= 6 
N. of iterations 152, Fitness 0.911295 
Explorers 10 NKtest K= 7 
N. of iterations 210, Fitness 0.898379 
Explorers 10 NKtest K= 8 
N. of iterations 147, Fitness 0.885565 
Explorers 10 NKtest K= 9 
N. of iterations 188, Fitness 0.870878 
Explorers 10 NKtest K=10 
N. of iterations 220, Fitness 0.860601 
Explorers 10 NKtest K=11 
N. of iterations 188, Fitness 0.848049 
Explorers 10 NKtest K=12 
N. of iterations  97, Fitness 0.840670 
Explorers 10 NKtest K=13 
N. of iterations 135, Fitness 0.829040 
Explorers 10 NKtest K=14 
N. of iterations 177, Fitness 0.822448 
Explorers 10 NKtest K=15 
N. of iterations 109, Fitness 0.811115 
Explorers 25 NKtest K= 0 
N. of iterations  14, Fitness 1.000000 
Explorers 25 NKtest K= 1 
N. of iterations 245, Fitness 0.992776 
Explorers 25 NKtest K= 2 
N. of iterations 136, Fitness 0.978395 
Explorers 25 NKtest K= 3 
N. of iterations 153, Fitness 0.961811 
Explorers 25 NKtest K= 4 
N. of iterations 200, Fitness 0.940439 
Explorers 25 NKtest K= 5 
N. of iterations 280, Fitness 0.921138 
Explorers 25 NKtest K= 6 
N. of iterations 125, Fitness 0.905387 
Explorers 25 NKtest K= 7 
N. of iterations 193, Fitness 0.887807 
Explorers 25 NKtest K= 8 
N. of iterations 173, Fitness 0.873587 
Explorers 25 NKtest K= 9 
N. of iterations 182, Fitness 0.859688 
Explorers 25 NKtest K=10 
N. of iterations 174, Fitness 0.846574 
Explorers 25 NKtest K=11 
N. of iterations 165, Fitness 0.838361 
Explorers 25 NKtest K=12 
N. of iterations 163, Fitness 0.824656 
Explorers 25 NKtest K=13 
N. of iterations 151, Fitness 0.818272 
Explorers 25 NKtest K=14 
N. of iterations 144, Fitness 0.809917 
Explorers 25 NKtest K=15 
N. of iterations 163, Fitness 0.800072 
Explorers 50 NKtest K= 0 
N. of iterations  13, Fitness 1.000000 
Explorers 50 NKtest K= 1 
N. of iterations  57, Fitness 0.993006 
Explorers 50 NKtest K= 2 
N. of iterations 205, Fitness 0.978623 
Explorers 50 NKtest K= 3 
N. of iterations 145, Fitness 0.961082 
Explorers 50 NKtest K= 4 
N. of iterations 314, Fitness 0.941816 
Explorers 50 NKtest K= 5 
N. of iterations 200, Fitness 0.918075 
Explorers 50 NKtest K= 6 
N. of iterations 212, Fitness 0.896501 
Explorers 50 NKtest K= 7 
N. of iterations 210, Fitness 0.882604 
Explorers 50 NKtest K= 8 
N. of iterations 150, Fitness 0.864794 
Explorers 50 NKtest K= 9 
N. of iterations 149, Fitness 0.852213 
Explorers 50 NKtest K=10 
N. of iterations 197, Fitness 0.835791 
Explorers 50 NKtest K=11 
N. of iterations 119, Fitness 0.825838 
Explorers 50 NKtest K=12 
N. of iterations 134, Fitness 0.816033 
Explorers 50 NKtest K=13 
N. of iterations 147, Fitness 0.806690 
Explorers 50 NKtest K=14 
N. of iterations 142, Fitness 0.795561 
Explorers 50 NKtest K=15 
N. of iterations 155, Fitness 0.788713 
Explorers 100 NKtest K= 0 
N. of iterations  14, Fitness 1.000000 
Explorers 100 NKtest K= 1 
N. of iterations 178, Fitness 0.993098 
Explorers 100 NKtest K= 2 
N. of iterations 204, Fitness 0.978756 
Explorers 100 NKtest K= 3 
N. of iterations  79, Fitness 0.960648 
Explorers 100 NKtest K= 4 
N. of iterations 325, Fitness 0.939943 
Explorers 100 NKtest K= 5 
N. of iterations 168, Fitness 0.916884 
Explorers 100 NKtest K= 6 
N. of iterations 244, Fitness 0.892313 
Explorers 100 NKtest K= 7 
N. of iterations 220, Fitness 0.875021 
Explorers 100 NKtest K= 8 
N. of iterations 202, Fitness 0.858457 
Explorers 100 NKtest K= 9 
N. of iterations 142, Fitness 0.843042 
Explorers 100 NKtest K=10 
N. of iterations 182, Fitness 0.830570 
Explorers 100 NKtest K=11 
N. of iterations 183, Fitness 0.818573 
Explorers 100 NKtest K=12 
N. of iterations 131, Fitness 0.806419 
Explorers 100 NKtest K=13 
N. of iterations 179, Fitness 0.798111 
Explorers 100 NKtest K=14 
N. of iterations 133, Fitness 0.789359 
Explorers 100 NKtest K=15 
N. of iterations 115, Fitness 0.779911 
