nohup: ignoring input
Explorers -1 NKtest K= 0 
N. of iterations  14, Fitness 1.000000 
Explorers -1 NKtest K= 1 
N. of iterations  12, Fitness 0.967621 
Explorers -1 NKtest K= 2 
N. of iterations  12, Fitness 0.931364 
Explorers -1 NKtest K= 3 
N. of iterations  11, Fitness 0.903516 
Explorers -1 NKtest K= 4 
N. of iterations  10, Fitness 0.882144 
Explorers -1 NKtest K= 5 
N. of iterations   9, Fitness 0.865830 
Explorers -1 NKtest K= 6 
N. of iterations   9, Fitness 0.848700 
Explorers -1 NKtest K= 7 
N. of iterations   9, Fitness 0.837872 
Explorers -1 NKtest K= 8 
N. of iterations   9, Fitness 0.826288 
Explorers -1 NKtest K= 9 
N. of iterations   7, Fitness 0.815825 
Explorers -1 NKtest K=10 
N. of iterations   8, Fitness 0.806246 
Explorers -1 NKtest K=11 
N. of iterations   8, Fitness 0.795650 
Explorers -1 NKtest K=12 
N. of iterations   7, Fitness 0.787622 
Explorers -1 NKtest K=13 
N. of iterations   6, Fitness 0.779224 
Explorers -1 NKtest K=14 
N. of iterations   6, Fitness 0.767746 
Explorers -1 NKtest K=15 
N. of iterations   6, Fitness 0.760384 
Explorers  0 NKtest K= 0 
N. of iterations  10, Fitness 0.840356 
Explorers  0 NKtest K= 1 
N. of iterations  10, Fitness 0.834953 
Explorers  0 NKtest K= 2 
N. of iterations   8, Fitness 0.831611 
Explorers  0 NKtest K= 3 
N. of iterations   9, Fitness 0.827899 
Explorers  0 NKtest K= 4 
N. of iterations  10, Fitness 0.817109 
Explorers  0 NKtest K= 5 
N. of iterations  11, Fitness 0.810332 
Explorers  0 NKtest K= 6 
N. of iterations   7, Fitness 0.801087 
Explorers  0 NKtest K= 7 
N. of iterations   7, Fitness 0.793987 
Explorers  0 NKtest K= 8 
N. of iterations   8, Fitness 0.786787 
Explorers  0 NKtest K= 9 
N. of iterations   6, Fitness 0.781532 
Explorers  0 NKtest K=10 
N. of iterations   8, Fitness 0.775001 
Explorers  0 NKtest K=11 
N. of iterations   7, Fitness 0.765461 
Explorers  0 NKtest K=12 
N. of iterations   7, Fitness 0.761439 
Explorers  0 NKtest K=13 
N. of iterations   6, Fitness 0.751412 
Explorers  0 NKtest K=14 
N. of iterations   6, Fitness 0.745002 
Explorers  0 NKtest K=15 
N. of iterations   6, Fitness 0.740438 
Explorers  5 NKtest K= 0 
N. of iterations  10, Fitness 0.844070 
Explorers  5 NKtest K= 1 
N. of iterations  47, Fitness 0.844729 
Explorers  5 NKtest K= 2 
N. of iterations  38, Fitness 0.849681 
Explorers  5 NKtest K= 3 
N. of iterations 151, Fitness 0.853042 
Explorers  5 NKtest K= 4 
N. of iterations  83, Fitness 0.855301 
Explorers  5 NKtest K= 5 
N. of iterations  86, Fitness 0.852920 
Explorers  5 NKtest K= 6 
N. of iterations  67, Fitness 0.850118 
Explorers  5 NKtest K= 7 
N. of iterations 110, Fitness 0.841859 
Explorers  5 NKtest K= 8 
N. of iterations 127, Fitness 0.830271 
Explorers  5 NKtest K= 9 
N. of iterations 132, Fitness 0.823909 
Explorers  5 NKtest K=10 
N. of iterations 192, Fitness 0.817493 
Explorers  5 NKtest K=11 
N. of iterations  69, Fitness 0.803319 
Explorers  5 NKtest K=12 
N. of iterations 103, Fitness 0.795950 
Explorers  5 NKtest K=13 
N. of iterations 185, Fitness 0.786499 
Explorers  5 NKtest K=14 
N. of iterations  69, Fitness 0.781141 
Explorers  5 NKtest K=15 
N. of iterations  76, Fitness 0.772401 
Explorers 10 NKtest K= 0 
N. of iterations  10, Fitness 0.850217 
Explorers 10 NKtest K= 1 
N. of iterations 216, Fitness 0.841422 
Explorers 10 NKtest K= 2 
N. of iterations  58, Fitness 0.852185 
Explorers 10 NKtest K= 3 
N. of iterations 176, Fitness 0.857036 
Explorers 10 NKtest K= 4 
N. of iterations  48, Fitness 0.857518 
Explorers 10 NKtest K= 5 
N. of iterations 122, Fitness 0.852889 
Explorers 10 NKtest K= 6 
N. of iterations  90, Fitness 0.849011 
Explorers 10 NKtest K= 7 
N. of iterations 138, Fitness 0.841888 
Explorers 10 NKtest K= 8 
N. of iterations 107, Fitness 0.830975 
Explorers 10 NKtest K= 9 
N. of iterations  80, Fitness 0.819396 
Explorers 10 NKtest K=10 
N. of iterations  84, Fitness 0.811519 
Explorers 10 NKtest K=11 
N. of iterations 138, Fitness 0.800071 
Explorers 10 NKtest K=12 
N. of iterations 105, Fitness 0.789480 
Explorers 10 NKtest K=13 
N. of iterations 107, Fitness 0.779837 
Explorers 10 NKtest K=14 
N. of iterations  77, Fitness 0.771283 
Explorers 10 NKtest K=15 
N. of iterations  81, Fitness 0.764626 
Explorers 25 NKtest K= 0 
N. of iterations  10, Fitness 0.844371 
Explorers 25 NKtest K= 1 
N. of iterations  10, Fitness 0.849577 
Explorers 25 NKtest K= 2 
N. of iterations 157, Fitness 0.849276 
Explorers 25 NKtest K= 3 
N. of iterations 145, Fitness 0.853577 
Explorers 25 NKtest K= 4 
N. of iterations  94, Fitness 0.858059 
Explorers 25 NKtest K= 5 
N. of iterations 118, Fitness 0.853704 
Explorers 25 NKtest K= 6 
N. of iterations 105, Fitness 0.847725 
Explorers 25 NKtest K= 7 
N. of iterations  83, Fitness 0.839578 
Explorers 25 NKtest K= 8 
N. of iterations  87, Fitness 0.827506 
Explorers 25 NKtest K= 9 
N. of iterations 117, Fitness 0.816906 
Explorers 25 NKtest K=10 
N. of iterations  59, Fitness 0.806443 
Explorers 25 NKtest K=11 
N. of iterations  78, Fitness 0.794446 
Explorers 25 NKtest K=12 
N. of iterations  80, Fitness 0.785003 
Explorers 25 NKtest K=13 
N. of iterations  92, Fitness 0.774879 
Explorers 25 NKtest K=14 
N. of iterations  68, Fitness 0.767071 
Explorers 25 NKtest K=15 
N. of iterations  82, Fitness 0.756995 
Explorers 50 NKtest K= 0 
N. of iterations  10, Fitness 0.840723 
Explorers 50 NKtest K= 1 
N. of iterations  50, Fitness 0.845337 
Explorers 50 NKtest K= 2 
N. of iterations  81, Fitness 0.853223 
Explorers 50 NKtest K= 3 
N. of iterations 152, Fitness 0.857373 
Explorers 50 NKtest K= 4 
N. of iterations  84, Fitness 0.854878 
Explorers 50 NKtest K= 5 
N. of iterations 118, Fitness 0.854155 
Explorers 50 NKtest K= 6 
N. of iterations 137, Fitness 0.846699 
Explorers 50 NKtest K= 7 
N. of iterations  59, Fitness 0.838991 
Explorers 50 NKtest K= 8 
N. of iterations 145, Fitness 0.828529 
Explorers 50 NKtest K= 9 
N. of iterations  56, Fitness 0.816981 
Explorers 50 NKtest K=10 
N. of iterations  94, Fitness 0.804916 
Explorers 50 NKtest K=11 
N. of iterations  72, Fitness 0.794406 
Explorers 50 NKtest K=12 
N. of iterations 118, Fitness 0.783953 
Explorers 50 NKtest K=13 
N. of iterations  75, Fitness 0.775624 
Explorers 50 NKtest K=14 
N. of iterations  70, Fitness 0.765719 
Explorers 50 NKtest K=15 
N. of iterations  51, Fitness 0.756204 
Explorers 100 NKtest K= 0 
N. of iterations  12, Fitness 0.849078 
Explorers 100 NKtest K= 1 
N. of iterations  43, Fitness 0.837753 
Explorers 100 NKtest K= 2 
N. of iterations 120, Fitness 0.860063 
Explorers 100 NKtest K= 3 
N. of iterations 174, Fitness 0.855081 
Explorers 100 NKtest K= 4 
N. of iterations  62, Fitness 0.856373 
Explorers 100 NKtest K= 5 
N. of iterations 100, Fitness 0.852942 
Explorers 100 NKtest K= 6 
N. of iterations 116, Fitness 0.846166 
Explorers 100 NKtest K= 7 
N. of iterations  68, Fitness 0.837090 
Explorers 100 NKtest K= 8 
N. of iterations 129, Fitness 0.826902 
Explorers 100 NKtest K= 9 
N. of iterations  86, Fitness 0.820129 
Explorers 100 NKtest K=10 
N. of iterations  92, Fitness 0.805662 
Explorers 100 NKtest K=11 
N. of iterations  74, Fitness 0.794136 
Explorers 100 NKtest K=12 
N. of iterations  78, Fitness 0.784343 
Explorers 100 NKtest K=13 
N. of iterations  85, Fitness 0.775874 
Explorers 100 NKtest K=14 
N. of iterations  80, Fitness 0.764605 
Explorers 100 NKtest K=15 
N. of iterations  84, Fitness 0.756317 
