nohup: ignoring input
Explorers -1 NKtest K= 0 
N. of iterations  15, Fitness 1.000000 
Explorers -1 NKtest K= 1 
N. of iterations  11, Fitness 0.965499 
Explorers -1 NKtest K= 2 
N. of iterations  12, Fitness 0.930539 
Explorers -1 NKtest K= 3 
N. of iterations  12, Fitness 0.903032 
Explorers -1 NKtest K= 4 
N. of iterations  10, Fitness 0.881449 
Explorers -1 NKtest K= 5 
N. of iterations  11, Fitness 0.867208 
Explorers -1 NKtest K= 6 
N. of iterations  12, Fitness 0.850262 
Explorers -1 NKtest K= 7 
N. of iterations   8, Fitness 0.839977 
Explorers -1 NKtest K= 8 
N. of iterations   9, Fitness 0.828715 
Explorers -1 NKtest K= 9 
N. of iterations   6, Fitness 0.817323 
Explorers -1 NKtest K=10 
N. of iterations   7, Fitness 0.804834 
Explorers -1 NKtest K=11 
N. of iterations   7, Fitness 0.793267 
Explorers -1 NKtest K=12 
N. of iterations   7, Fitness 0.786153 
Explorers -1 NKtest K=13 
N. of iterations   5, Fitness 0.774298 
Explorers -1 NKtest K=14 
N. of iterations   6, Fitness 0.769437 
Explorers -1 NKtest K=15 
N. of iterations   6, Fitness 0.760015 
Explorers  0 NKtest K= 0 
N. of iterations   9, Fitness 0.813974 
Explorers  0 NKtest K= 1 
N. of iterations   7, Fitness 0.813292 
Explorers  0 NKtest K= 2 
N. of iterations  10, Fitness 0.811286 
Explorers  0 NKtest K= 3 
N. of iterations   8, Fitness 0.800632 
Explorers  0 NKtest K= 4 
N. of iterations   9, Fitness 0.797807 
Explorers  0 NKtest K= 5 
N. of iterations   6, Fitness 0.789953 
Explorers  0 NKtest K= 6 
N. of iterations   7, Fitness 0.785388 
Explorers  0 NKtest K= 7 
N. of iterations  12, Fitness 0.782162 
Explorers  0 NKtest K= 8 
N. of iterations   7, Fitness 0.776341 
Explorers  0 NKtest K= 9 
N. of iterations   7, Fitness 0.771172 
Explorers  0 NKtest K=10 
N. of iterations   6, Fitness 0.764600 
Explorers  0 NKtest K=11 
N. of iterations   5, Fitness 0.757421 
Explorers  0 NKtest K=12 
N. of iterations   7, Fitness 0.751285 
Explorers  0 NKtest K=13 
N. of iterations   5, Fitness 0.746723 
Explorers  0 NKtest K=14 
N. of iterations   6, Fitness 0.740877 
Explorers  0 NKtest K=15 
N. of iterations   5, Fitness 0.733476 
Explorers  5 NKtest K= 0 
N. of iterations  11, Fitness 0.816459 
Explorers  5 NKtest K= 1 
N. of iterations   9, Fitness 0.807445 
Explorers  5 NKtest K= 2 
N. of iterations  86, Fitness 0.807401 
Explorers  5 NKtest K= 3 
N. of iterations  85, Fitness 0.797410 
Explorers  5 NKtest K= 4 
N. of iterations  46, Fitness 0.782397 
Explorers  5 NKtest K= 5 
N. of iterations  60, Fitness 0.771299 
Explorers  5 NKtest K= 6 
N. of iterations 104, Fitness 0.750842 
Explorers  5 NKtest K= 7 
N. of iterations 100, Fitness 0.739450 
Explorers  5 NKtest K= 8 
N. of iterations  85, Fitness 0.714910 
Explorers  5 NKtest K= 9 
N. of iterations  93, Fitness 0.699220 
Explorers  5 NKtest K=10 
N. of iterations  84, Fitness 0.687835 
Explorers  5 NKtest K=11 
N. of iterations  84, Fitness 0.676728 
Explorers  5 NKtest K=12 
N. of iterations  82, Fitness 0.662134 
Explorers  5 NKtest K=13 
N. of iterations  62, Fitness 0.648651 
Explorers  5 NKtest K=14 
N. of iterations  64, Fitness 0.641198 
Explorers  5 NKtest K=15 
N. of iterations  96, Fitness 0.637844 
Explorers 10 NKtest K= 0 
N. of iterations  10, Fitness 0.810932 
Explorers 10 NKtest K= 1 
N. of iterations  29, Fitness 0.809578 
Explorers 10 NKtest K= 2 
N. of iterations  96, Fitness 0.808899 
Explorers 10 NKtest K= 3 
N. of iterations  76, Fitness 0.794330 
Explorers 10 NKtest K= 4 
N. of iterations  68, Fitness 0.785845 
Explorers 10 NKtest K= 5 
N. of iterations  90, Fitness 0.767240 
Explorers 10 NKtest K= 6 
N. of iterations  85, Fitness 0.744570 
Explorers 10 NKtest K= 7 
N. of iterations  75, Fitness 0.724441 
Explorers 10 NKtest K= 8 
N. of iterations  80, Fitness 0.708880 
Explorers 10 NKtest K= 9 
N. of iterations  92, Fitness 0.681174 
Explorers 10 NKtest K=10 
N. of iterations  96, Fitness 0.668506 
Explorers 10 NKtest K=11 
N. of iterations  71, Fitness 0.649194 
Explorers 10 NKtest K=12 
N. of iterations  88, Fitness 0.633887 
Explorers 10 NKtest K=13 
N. of iterations  84, Fitness 0.619302 
Explorers 10 NKtest K=14 
N. of iterations  45, Fitness 0.608380 
Explorers 10 NKtest K=15 
N. of iterations  53, Fitness 0.605225 
Explorers 25 NKtest K= 0 
N. of iterations  10, Fitness 0.813454 
Explorers 25 NKtest K= 1 
N. of iterations  35, Fitness 0.811914 
Explorers 25 NKtest K= 2 
N. of iterations  58, Fitness 0.803342 
Explorers 25 NKtest K= 3 
N. of iterations  47, Fitness 0.793665 
Explorers 25 NKtest K= 4 
N. of iterations  66, Fitness 0.789750 
Explorers 25 NKtest K= 5 
N. of iterations 108, Fitness 0.768523 
Explorers 25 NKtest K= 6 
N. of iterations 147, Fitness 0.741877 
Explorers 25 NKtest K= 7 
N. of iterations  73, Fitness 0.719229 
Explorers 25 NKtest K= 8 
N. of iterations 108, Fitness 0.697466 
Explorers 25 NKtest K= 9 
N. of iterations  68, Fitness 0.674899 
Explorers 25 NKtest K=10 
N. of iterations  60, Fitness 0.652046 
Explorers 25 NKtest K=11 
N. of iterations  57, Fitness 0.630898 
Explorers 25 NKtest K=12 
N. of iterations  81, Fitness 0.617857 
Explorers 25 NKtest K=13 
N. of iterations  60, Fitness 0.600974 
Explorers 25 NKtest K=14 
N. of iterations  68, Fitness 0.591989 
Explorers 25 NKtest K=15 
N. of iterations  67, Fitness 0.582754 
Explorers 50 NKtest K= 0 
N. of iterations   9, Fitness 0.812899 
Explorers 50 NKtest K= 1 
N. of iterations  31, Fitness 0.815294 
Explorers 50 NKtest K= 2 
N. of iterations  37, Fitness 0.801034 
Explorers 50 NKtest K= 3 
N. of iterations  71, Fitness 0.793435 
Explorers 50 NKtest K= 4 
N. of iterations  89, Fitness 0.777357 
Explorers 50 NKtest K= 5 
N. of iterations  81, Fitness 0.763579 
Explorers 50 NKtest K= 6 
N. of iterations  85, Fitness 0.747142 
Explorers 50 NKtest K= 7 
N. of iterations 100, Fitness 0.718485 
Explorers 50 NKtest K= 8 
N. of iterations 126, Fitness 0.696446 
Explorers 50 NKtest K= 9 
N. of iterations 100, Fitness 0.673264 
Explorers 50 NKtest K=10 
N. of iterations  75, Fitness 0.652684 
Explorers 50 NKtest K=11 
N. of iterations 117, Fitness 0.633588 
Explorers 50 NKtest K=12 
N. of iterations  98, Fitness 0.615829 
Explorers 50 NKtest K=13 
N. of iterations  57, Fitness 0.598950 
Explorers 50 NKtest K=14 
N. of iterations  84, Fitness 0.586239 
Explorers 50 NKtest K=15 
N. of iterations  69, Fitness 0.575903 
Explorers 100 NKtest K= 0 
N. of iterations   9, Fitness 0.814545 
Explorers 100 NKtest K= 1 
N. of iterations  42, Fitness 0.811857 
Explorers 100 NKtest K= 2 
N. of iterations   9, Fitness 0.799897 
Explorers 100 NKtest K= 3 
N. of iterations  42, Fitness 0.794751 
Explorers 100 NKtest K= 4 
N. of iterations  59, Fitness 0.778252 
Explorers 100 NKtest K= 5 
N. of iterations  86, Fitness 0.765987 
Explorers 100 NKtest K= 6 
N. of iterations  90, Fitness 0.749724 
Explorers 100 NKtest K= 7 
N. of iterations  74, Fitness 0.716982 
Explorers 100 NKtest K= 8 
N. of iterations  92, Fitness 0.696932 
Explorers 100 NKtest K= 9 
N. of iterations 110, Fitness 0.677684 
Explorers 100 NKtest K=10 
N. of iterations  57, Fitness 0.653383 
Explorers 100 NKtest K=11 
N. of iterations  90, Fitness 0.631431 
Explorers 100 NKtest K=12 
N. of iterations  73, Fitness 0.612715 
Explorers 100 NKtest K=13 
N. of iterations  86, Fitness 0.599037 
Explorers 100 NKtest K=14 
N. of iterations  78, Fitness 0.585529 
Explorers 100 NKtest K=15 
N. of iterations  63, Fitness 0.574880 
