nohup: ignoring input
Explorers -1 NKtest K= 0 
N. of iterations  14, Fitness 1.000000 
Explorers -1 NKtest K= 1 
N. of iterations  11, Fitness 0.966446 
Explorers -1 NKtest K= 2 
N. of iterations  11, Fitness 0.931749 
Explorers -1 NKtest K= 3 
N. of iterations  10, Fitness 0.904124 
Explorers -1 NKtest K= 4 
N. of iterations   8, Fitness 0.884159 
Explorers -1 NKtest K= 5 
N. of iterations   9, Fitness 0.861811 
Explorers -1 NKtest K= 6 
N. of iterations   8, Fitness 0.851620 
Explorers -1 NKtest K= 7 
N. of iterations   9, Fitness 0.838327 
Explorers -1 NKtest K= 8 
N. of iterations   6, Fitness 0.826285 
Explorers -1 NKtest K= 9 
N. of iterations   7, Fitness 0.817773 
Explorers -1 NKtest K=10 
N. of iterations   8, Fitness 0.808675 
Explorers -1 NKtest K=11 
N. of iterations   8, Fitness 0.796337 
Explorers -1 NKtest K=12 
N. of iterations   6, Fitness 0.786053 
Explorers -1 NKtest K=13 
N. of iterations   7, Fitness 0.775822 
Explorers -1 NKtest K=14 
N. of iterations   6, Fitness 0.767393 
Explorers -1 NKtest K=15 
N. of iterations   4, Fitness 0.760201 
Explorers  0 NKtest K= 0 
N. of iterations  10, Fitness 0.816403 
Explorers  0 NKtest K= 1 
N. of iterations   9, Fitness 0.805707 
Explorers  0 NKtest K= 2 
N. of iterations   9, Fitness 0.803481 
Explorers  0 NKtest K= 3 
N. of iterations   8, Fitness 0.806514 
Explorers  0 NKtest K= 4 
N. of iterations   8, Fitness 0.790950 
Explorers  0 NKtest K= 5 
N. of iterations   8, Fitness 0.790743 
Explorers  0 NKtest K= 6 
N. of iterations   8, Fitness 0.788456 
Explorers  0 NKtest K= 7 
N. of iterations   7, Fitness 0.782440 
Explorers  0 NKtest K= 8 
N. of iterations   6, Fitness 0.775128 
Explorers  0 NKtest K= 9 
N. of iterations   6, Fitness 0.770069 
Explorers  0 NKtest K=10 
N. of iterations   6, Fitness 0.768347 
Explorers  0 NKtest K=11 
N. of iterations   7, Fitness 0.754674 
Explorers  0 NKtest K=12 
N. of iterations   6, Fitness 0.751943 
Explorers  0 NKtest K=13 
N. of iterations   6, Fitness 0.746818 
Explorers  0 NKtest K=14 
N. of iterations   5, Fitness 0.739710 
Explorers  0 NKtest K=15 
N. of iterations   5, Fitness 0.735068 
Explorers  5 NKtest K= 0 
N. of iterations  10, Fitness 0.813036 
Explorers  5 NKtest K= 1 
N. of iterations 156, Fitness 0.819993 
Explorers  5 NKtest K= 2 
N. of iterations 249, Fitness 0.825798 
Explorers  5 NKtest K= 3 
N. of iterations 413, Fitness 0.841767 
Explorers  5 NKtest K= 4 
N. of iterations 133, Fitness 0.845189 
Explorers  5 NKtest K= 5 
N. of iterations 198, Fitness 0.859861 
Explorers  5 NKtest K= 6 
N. of iterations 429, Fitness 0.864648 
Explorers  5 NKtest K= 7 
N. of iterations 270, Fitness 0.870484 
Explorers  5 NKtest K= 8 
N. of iterations 312, Fitness 0.871159 
Explorers  5 NKtest K= 9 
N. of iterations 894, Fitness 0.874230 
Explorers  5 NKtest K=10 
N. of iterations 479, Fitness 0.874044 
Explorers  5 NKtest K=11 
N. of iterations 733, Fitness 0.869814 
Explorers  5 NKtest K=12 
N. of iterations 513, Fitness 0.871888 
Explorers  5 NKtest K=13 
N. of iterations 1230, Fitness 0.868404 
Explorers  5 NKtest K=14 
N. of iterations 330, Fitness 0.861649 
Explorers  5 NKtest K=15 
N. of iterations 938, Fitness 0.857345 
Explorers 10 NKtest K= 0 
N. of iterations  10, Fitness 0.809434 
Explorers 10 NKtest K= 1 
N. of iterations  48, Fitness 0.820810 
Explorers 10 NKtest K= 2 
N. of iterations  29, Fitness 0.827068 
Explorers 10 NKtest K= 3 
N. of iterations 227, Fitness 0.839914 
Explorers 10 NKtest K= 4 
N. of iterations 115, Fitness 0.848247 
Explorers 10 NKtest K= 5 
N. of iterations 210, Fitness 0.859786 
Explorers 10 NKtest K= 6 
N. of iterations 208, Fitness 0.871873 
Explorers 10 NKtest K= 7 
N. of iterations 378, Fitness 0.864024 
Explorers 10 NKtest K= 8 
N. of iterations 405, Fitness 0.877560 
Explorers 10 NKtest K= 9 
N. of iterations 145, Fitness 0.873372 
Explorers 10 NKtest K=10 
N. of iterations 562, Fitness 0.873808 
Explorers 10 NKtest K=11 
N. of iterations 326, Fitness 0.873136 
Explorers 10 NKtest K=12 
N. of iterations 1474, Fitness 0.875093 
Explorers 10 NKtest K=13 
N. of iterations 435, Fitness 0.870671 
Explorers 10 NKtest K=14 
N. of iterations 544, Fitness 0.864271 
Explorers 10 NKtest K=15 
N. of iterations 1392, Fitness 0.860982 
Explorers 25 NKtest K= 0 
N. of iterations   9, Fitness 0.802469 
Explorers 25 NKtest K= 1 
N. of iterations   9, Fitness 0.820549 
Explorers 25 NKtest K= 2 
N. of iterations  79, Fitness 0.823129 
Explorers 25 NKtest K= 3 
N. of iterations  43, Fitness 0.838386 
Explorers 25 NKtest K= 4 
N. of iterations 299, Fitness 0.847163 
Explorers 25 NKtest K= 5 
N. of iterations 282, Fitness 0.860707 
Explorers 25 NKtest K= 6 
N. of iterations 257, Fitness 0.864566 
Explorers 25 NKtest K= 7 
N. of iterations 376, Fitness 0.869693 
Explorers 25 NKtest K= 8 
N. of iterations 510, Fitness 0.878005 
Explorers 25 NKtest K= 9 
N. of iterations 791, Fitness 0.873442 
Explorers 25 NKtest K=10 
N. of iterations 295, Fitness 0.877688 
Explorers 25 NKtest K=11 
N. of iterations 305, Fitness 0.871749 
Explorers 25 NKtest K=12 
N. of iterations 1328, Fitness 0.868152 
Explorers 25 NKtest K=13 
N. of iterations 1114, Fitness 0.867813 
Explorers 25 NKtest K=14 
N. of iterations 421, Fitness 0.864089 
Explorers 25 NKtest K=15 
N. of iterations 884, Fitness 0.859684 
Explorers 50 NKtest K= 0 
N. of iterations   9, Fitness 0.815980 
Explorers 50 NKtest K= 1 
N. of iterations  52, Fitness 0.828083 
Explorers 50 NKtest K= 2 
N. of iterations 104, Fitness 0.828361 
Explorers 50 NKtest K= 3 
N. of iterations  39, Fitness 0.842287 
Explorers 50 NKtest K= 4 
N. of iterations  47, Fitness 0.848213 
Explorers 50 NKtest K= 5 
N. of iterations 115, Fitness 0.865189 
Explorers 50 NKtest K= 6 
N. of iterations  94, Fitness 0.867214 
Explorers 50 NKtest K= 7 
N. of iterations 579, Fitness 0.870058 
Explorers 50 NKtest K= 8 
N. of iterations 556, Fitness 0.875622 
Explorers 50 NKtest K= 9 
N. of iterations 472, Fitness 0.876778 
Explorers 50 NKtest K=10 
N. of iterations 782, Fitness 0.876157 
Explorers 50 NKtest K=11 
N. of iterations 959, Fitness 0.872011 
Explorers 50 NKtest K=12 
N. of iterations 608, Fitness 0.873598 
Explorers 50 NKtest K=13 
N. of iterations 350, Fitness 0.865831 
Explorers 50 NKtest K=14 
N. of iterations 347, Fitness 0.861255 
Explorers 50 NKtest K=15 
N. of iterations 823, Fitness 0.859225 
Explorers 100 NKtest K= 0 
N. of iterations  10, Fitness 0.816967 
Explorers 100 NKtest K= 1 
N. of iterations   9, Fitness 0.825564 
Explorers 100 NKtest K= 2 
N. of iterations 104, Fitness 0.826300 
Explorers 100 NKtest K= 3 
N. of iterations  76, Fitness 0.841585 
Explorers 100 NKtest K= 4 
N. of iterations 284, Fitness 0.853245 
Explorers 100 NKtest K= 5 
N. of iterations 100, Fitness 0.858965 
Explorers 100 NKtest K= 6 
N. of iterations 645, Fitness 0.871649 
Explorers 100 NKtest K= 7 
N. of iterations 449, Fitness 0.869770 
Explorers 100 NKtest K= 8 
N. of iterations 699, Fitness 0.874678 
Explorers 100 NKtest K= 9 
N. of iterations 223, Fitness 0.877747 
Explorers 100 NKtest K=10 
N. of iterations 279, Fitness 0.871680 
Explorers 100 NKtest K=11 
N. of iterations 604, Fitness 0.873922 
Explorers 100 NKtest K=12 
N. of iterations 530, Fitness 0.875028 
Explorers 100 NKtest K=13 
N. of iterations 343, Fitness 0.865642 
Explorers 100 NKtest K=14 
N. of iterations 841, Fitness 0.863307 
Explorers 100 NKtest K=15 
N. of iterations 859, Fitness 0.860765 
