nohup: ignoring input
Explorers -1 NKtest K= 0 
N. of iterations  14, Fitness 1.000000 
Explorers -1 NKtest K= 1 
N. of iterations  12, Fitness 0.967719 
Explorers -1 NKtest K= 2 
N. of iterations  13, Fitness 0.931307 
Explorers -1 NKtest K= 3 
N. of iterations  12, Fitness 0.903530 
Explorers -1 NKtest K= 4 
N. of iterations  11, Fitness 0.883881 
Explorers -1 NKtest K= 5 
N. of iterations   9, Fitness 0.865701 
Explorers -1 NKtest K= 6 
N. of iterations   9, Fitness 0.852238 
Explorers -1 NKtest K= 7 
N. of iterations   7, Fitness 0.839017 
Explorers -1 NKtest K= 8 
N. of iterations   8, Fitness 0.827219 
Explorers -1 NKtest K= 9 
N. of iterations   6, Fitness 0.816871 
Explorers -1 NKtest K=10 
N. of iterations   8, Fitness 0.805943 
Explorers -1 NKtest K=11 
N. of iterations   7, Fitness 0.796097 
Explorers -1 NKtest K=12 
N. of iterations   6, Fitness 0.786557 
Explorers -1 NKtest K=13 
N. of iterations   6, Fitness 0.777042 
Explorers -1 NKtest K=14 
N. of iterations   6, Fitness 0.766389 
Explorers -1 NKtest K=15 
N. of iterations   6, Fitness 0.761491 
Explorers  0 NKtest K= 0 
N. of iterations   9, Fitness 0.812853 
Explorers  0 NKtest K= 1 
N. of iterations  11, Fitness 0.806468 
Explorers  0 NKtest K= 2 
N. of iterations   8, Fitness 0.801735 
Explorers  0 NKtest K= 3 
N. of iterations  10, Fitness 0.810971 
Explorers  0 NKtest K= 4 
N. of iterations   8, Fitness 0.795643 
Explorers  0 NKtest K= 5 
N. of iterations   7, Fitness 0.792700 
Explorers  0 NKtest K= 6 
N. of iterations   7, Fitness 0.792818 
Explorers  0 NKtest K= 7 
N. of iterations  11, Fitness 0.786277 
Explorers  0 NKtest K= 8 
N. of iterations   7, Fitness 0.775451 
Explorers  0 NKtest K= 9 
N. of iterations   7, Fitness 0.769984 
Explorers  0 NKtest K=10 
N. of iterations   6, Fitness 0.768228 
Explorers  0 NKtest K=11 
N. of iterations   5, Fitness 0.759320 
Explorers  0 NKtest K=12 
N. of iterations   6, Fitness 0.754422 
Explorers  0 NKtest K=13 
N. of iterations   5, Fitness 0.746480 
Explorers  0 NKtest K=14 
N. of iterations   7, Fitness 0.739716 
Explorers  0 NKtest K=15 
N. of iterations   5, Fitness 0.734745 
Explorers  5 NKtest K= 0 
N. of iterations   9, Fitness 0.811102 
Explorers  5 NKtest K= 1 
N. of iterations  67, Fitness 0.813097 
Explorers  5 NKtest K= 2 
N. of iterations  40, Fitness 0.815837 
Explorers  5 NKtest K= 3 
N. of iterations  48, Fitness 0.812577 
Explorers  5 NKtest K= 4 
N. of iterations 128, Fitness 0.813358 
Explorers  5 NKtest K= 5 
N. of iterations  81, Fitness 0.804047 
Explorers  5 NKtest K= 6 
N. of iterations  78, Fitness 0.792363 
Explorers  5 NKtest K= 7 
N. of iterations  80, Fitness 0.780892 
Explorers  5 NKtest K= 8 
N. of iterations  62, Fitness 0.763946 
Explorers  5 NKtest K= 9 
N. of iterations 180, Fitness 0.744781 
Explorers  5 NKtest K=10 
N. of iterations 131, Fitness 0.726909 
Explorers  5 NKtest K=11 
N. of iterations  85, Fitness 0.709753 
Explorers  5 NKtest K=12 
N. of iterations 153, Fitness 0.692638 
Explorers  5 NKtest K=13 
N. of iterations 128, Fitness 0.681063 
Explorers  5 NKtest K=14 
N. of iterations 166, Fitness 0.664613 
Explorers  5 NKtest K=15 
N. of iterations 131, Fitness 0.659228 
Explorers 10 NKtest K= 0 
N. of iterations  11, Fitness 0.822185 
Explorers 10 NKtest K= 1 
N. of iterations  36, Fitness 0.822339 
Explorers 10 NKtest K= 2 
N. of iterations  10, Fitness 0.818279 
Explorers 10 NKtest K= 3 
N. of iterations  88, Fitness 0.816433 
Explorers 10 NKtest K= 4 
N. of iterations  83, Fitness 0.813658 
Explorers 10 NKtest K= 5 
N. of iterations  60, Fitness 0.801473 
Explorers 10 NKtest K= 6 
N. of iterations 183, Fitness 0.796371 
Explorers 10 NKtest K= 7 
N. of iterations  87, Fitness 0.776395 
Explorers 10 NKtest K= 8 
N. of iterations 132, Fitness 0.756352 
Explorers 10 NKtest K= 9 
N. of iterations 176, Fitness 0.728871 
Explorers 10 NKtest K=10 
N. of iterations 149, Fitness 0.711607 
Explorers 10 NKtest K=11 
N. of iterations 172, Fitness 0.690645 
Explorers 10 NKtest K=12 
N. of iterations 118, Fitness 0.671353 
Explorers 10 NKtest K=13 
N. of iterations 109, Fitness 0.652239 
Explorers 10 NKtest K=14 
N. of iterations 117, Fitness 0.636753 
Explorers 10 NKtest K=15 
N. of iterations 137, Fitness 0.624844 
Explorers 25 NKtest K= 0 
N. of iterations   9, Fitness 0.814419 
Explorers 25 NKtest K= 1 
N. of iterations  11, Fitness 0.813702 
Explorers 25 NKtest K= 2 
N. of iterations  24, Fitness 0.816318 
Explorers 25 NKtest K= 3 
N. of iterations 140, Fitness 0.806937 
Explorers 25 NKtest K= 4 
N. of iterations  96, Fitness 0.807664 
Explorers 25 NKtest K= 5 
N. of iterations  94, Fitness 0.799476 
Explorers 25 NKtest K= 6 
N. of iterations  91, Fitness 0.790633 
Explorers 25 NKtest K= 7 
N. of iterations  82, Fitness 0.776491 
Explorers 25 NKtest K= 8 
N. of iterations 122, Fitness 0.750071 
Explorers 25 NKtest K= 9 
N. of iterations 107, Fitness 0.732368 
Explorers 25 NKtest K=10 
N. of iterations 163, Fitness 0.706438 
Explorers 25 NKtest K=11 
N. of iterations 133, Fitness 0.680274 
Explorers 25 NKtest K=12 
N. of iterations 114, Fitness 0.660884 
Explorers 25 NKtest K=13 
N. of iterations 146, Fitness 0.637164 
Explorers 25 NKtest K=14 
N. of iterations 133, Fitness 0.616198 
Explorers 25 NKtest K=15 
N. of iterations 108, Fitness 0.607174 
Explorers 50 NKtest K= 0 
N. of iterations   9, Fitness 0.810036 
Explorers 50 NKtest K= 1 
N. of iterations  19, Fitness 0.817568 
Explorers 50 NKtest K= 2 
N. of iterations  74, Fitness 0.816564 
Explorers 50 NKtest K= 3 
N. of iterations  98, Fitness 0.814802 
Explorers 50 NKtest K= 4 
N. of iterations  34, Fitness 0.805518 
Explorers 50 NKtest K= 5 
N. of iterations 179, Fitness 0.798777 
Explorers 50 NKtest K= 6 
N. of iterations 136, Fitness 0.787479 
Explorers 50 NKtest K= 7 
N. of iterations 170, Fitness 0.773104 
Explorers 50 NKtest K= 8 
N. of iterations 172, Fitness 0.750502 
Explorers 50 NKtest K= 9 
N. of iterations 160, Fitness 0.730186 
Explorers 50 NKtest K=10 
N. of iterations 116, Fitness 0.705998 
Explorers 50 NKtest K=11 
N. of iterations 183, Fitness 0.680470 
Explorers 50 NKtest K=12 
N. of iterations 157, Fitness 0.654004 
Explorers 50 NKtest K=13 
N. of iterations 111, Fitness 0.640441 
Explorers 50 NKtest K=14 
N. of iterations 128, Fitness 0.616606 
Explorers 50 NKtest K=15 
N. of iterations 170, Fitness 0.602341 
Explorers 100 NKtest K= 0 
N. of iterations  10, Fitness 0.815588 
Explorers 100 NKtest K= 1 
N. of iterations  37, Fitness 0.813370 
Explorers 100 NKtest K= 2 
N. of iterations  48, Fitness 0.818232 
Explorers 100 NKtest K= 3 
N. of iterations  92, Fitness 0.814485 
Explorers 100 NKtest K= 4 
N. of iterations 158, Fitness 0.808726 
Explorers 100 NKtest K= 5 
N. of iterations 139, Fitness 0.803165 
Explorers 100 NKtest K= 6 
N. of iterations  61, Fitness 0.788267 
Explorers 100 NKtest K= 7 
N. of iterations 145, Fitness 0.771920 
Explorers 100 NKtest K= 8 
N. of iterations 131, Fitness 0.752412 
Explorers 100 NKtest K= 9 
N. of iterations 123, Fitness 0.728241 
Explorers 100 NKtest K=10 
N. of iterations 112, Fitness 0.704480 
Explorers 100 NKtest K=11 
N. of iterations 106, Fitness 0.682888 
Explorers 100 NKtest K=12 
N. of iterations 204, Fitness 0.659818 
Explorers 100 NKtest K=13 
N. of iterations 113, Fitness 0.636234 
Explorers 100 NKtest K=14 
N. of iterations 180, Fitness 0.617675 
Explorers 100 NKtest K=15 
N. of iterations 125, Fitness 0.602673 
